#
# There is insufficient memory for the Java Runtime Environment to continue.
# Native memory allocation (mmap) failed to map 29360128 bytes for G1 virtual space
# Possible reasons:
#   The system is out of physical RAM or swap space
#   The process is running with CompressedOops enabled, and the Java Heap may be blocking the growth of the native heap
# Possible solutions:
#   Reduce memory load on the system
#   Increase physical memory or swap space
#   Check if swap backing store is full
#   Decrease Java heap size (-Xmx/-Xms)
#   Decrease number of Java threads
#   Decrease Java thread stack sizes (-Xss)
#   Set larger code cache with -XX:ReservedCodeCacheSize=
#   JVM is running with Unscaled Compressed Oops mode in which the Java heap is
#     placed in the first 4GB address space. The Java Heap base address is the
#     maximum limit for the native heap growth. Please use -XX:HeapBaseMinAddress
#     to set the Java Heap base and to place the Java Heap above 4GB virtual address.
# This output file may be truncated or incomplete.
#
#  Out of Memory Error (os_windows.cpp:3769), pid=24976, tid=18924
#
# JRE version: OpenJDK Runtime Environment (17.0.6) (build 17.0.6+0-b2043.56-9586694)
# Java VM: OpenJDK 64-Bit Server VM (17.0.6+0-b2043.56-9586694, mixed mode, tiered, compressed oops, compressed class ptrs, g1 gc, windows-amd64)
# No core dump will be written. Minidumps are not enabled by default on client versions of Windows
#

---------------  S U M M A R Y ------------

Command Line: --add-opens=java.base/java.util=ALL-UNNAMED --add-opens=java.base/java.lang=ALL-UNNAMED --add-opens=java.base/java.lang.invoke=ALL-UNNAMED --add-opens=java.base/java.util=ALL-UNNAMED --add-opens=java.prefs/java.util.prefs=ALL-UNNAMED --add-opens=java.prefs/java.util.prefs=ALL-UNNAMED --add-opens=java.base/java.nio.charset=ALL-UNNAMED --add-opens=java.base/java.net=ALL-UNNAMED --add-opens=java.base/java.util.concurrent.atomic=ALL-UNNAMED -Xmx2048m -Dfile.encoding=UTF-8 -Duser.country=KR -Duser.language=ko -Duser.variant org.gradle.launcher.daemon.bootstrap.GradleDaemon 7.2

Host: 11th Gen Intel(R) Core(TM) i5-1135G7 @ 2.40GHz, 8 cores, 7G,  Windows 11 , 64 bit Build 22621 (10.0.22621.1635)
Time: Mon May 29 22:27:48 2023  Windows 11 , 64 bit Build 22621 (10.0.22621.1635) elapsed time: 3.745302 seconds (0d 0h 0m 3s)

---------------  T H R E A D  ---------------

Current thread (0x000002b43b58a700):  VMThread "VM Thread" [stack: 0x000000b7ae000000,0x000000b7ae100000] [id=18924]

Stack: [0x000000b7ae000000,0x000000b7ae100000]
Native frames: (J=compiled Java code, j=interpreted, Vv=VM code, C=native code)
V  [jvm.dll+0x683b4a]
V  [jvm.dll+0x842654]
V  [jvm.dll+0x843dfe]
V  [jvm.dll+0x844463]
V  [jvm.dll+0x249b75]
V  [jvm.dll+0x680a19]
V  [jvm.dll+0x674f0a]
V  [jvm.dll+0x309acb]
V  [jvm.dll+0x310f86]
V  [jvm.dll+0x3608ee]
V  [jvm.dll+0x360b1f]
V  [jvm.dll+0x2dfbf8]
V  [jvm.dll+0x2ddec4]
V  [jvm.dll+0x2dd4cc]
V  [jvm.dll+0x321f3b]
V  [jvm.dll+0x84893b]
V  [jvm.dll+0x849674]
V  [jvm.dll+0x849b8d]
V  [jvm.dll+0x849f64]
V  [jvm.dll+0x84a030]
V  [jvm.dll+0x7f25fa]
V  [jvm.dll+0x682985]
C  [ucrtbase.dll+0x29363]
C  [KERNEL32.DLL+0x126ad]
C  [ntdll.dll+0x5a9f8]

VM_Operation (0x000000b7af9eff00): G1CollectForAllocation, mode: safepoint, requested by thread 0x000002b43efac030


---------------  P R O C E S S  ---------------

Threads class SMR info:
_java_thread_list=0x000002b442293d10, length=43, elements={
0x000002b42177c6a0, 0x000002b43b5e3ad0, 0x000002b43b5e4680, 0x000002b43c02c320,
0x000002b43c02dbf0, 0x000002b43c02e4b0, 0x000002b43c02ed70, 0x000002b43c086020,
0x000002b43c086530, 0x000002b43c088e40, 0x000002b43c1de6c0, 0x000002b43c1e0ba0,
0x000002b43c205070, 0x000002b43ca84570, 0x000002b43d91be90, 0x000002b43ea53030,
0x000002b43ef0bfe0, 0x000002b43d8f9670, 0x000002b43f3bb410, 0x000002b43efc31f0,
0x000002b43efac030, 0x000002b43ebd8480, 0x000002b43e609a90, 0x000002b43e608280,
0x000002b43e608c20, 0x000002b43e607410, 0x000002b43e608750, 0x000002b43e6065a0,
0x000002b43e6078e0, 0x000002b43e607db0, 0x000002b43e609f60, 0x000002b43e6095c0,
0x000002b43e6090f0, 0x000002b43e606a70, 0x000002b43e606f40, 0x000002b43fc786e0,
0x000002b43fc79080, 0x000002b43fc78bb0, 0x000002b43fc79ef0, 0x000002b43fc73eb0,
0x000002b43fc78210, 0x000002b43fc7a3c0, 0x000002b43fc76ed0
}

Java Threads: ( => current thread )
  0x000002b42177c6a0 JavaThread "main" [_thread_blocked, id=18316, stack(0x000000b7ada00000,0x000000b7adb00000)]
  0x000002b43b5e3ad0 JavaThread "Reference Handler" daemon [_thread_blocked, id=7772, stack(0x000000b7ae100000,0x000000b7ae200000)]
  0x000002b43b5e4680 JavaThread "Finalizer" daemon [_thread_blocked, id=15780, stack(0x000000b7ae200000,0x000000b7ae300000)]
  0x000002b43c02c320 JavaThread "Signal Dispatcher" daemon [_thread_blocked, id=22792, stack(0x000000b7ae300000,0x000000b7ae400000)]
  0x000002b43c02dbf0 JavaThread "Attach Listener" daemon [_thread_blocked, id=19312, stack(0x000000b7ae400000,0x000000b7ae500000)]
  0x000002b43c02e4b0 JavaThread "Service Thread" daemon [_thread_blocked, id=21580, stack(0x000000b7ae500000,0x000000b7ae600000)]
  0x000002b43c02ed70 JavaThread "Monitor Deflation Thread" daemon [_thread_blocked, id=24764, stack(0x000000b7ae600000,0x000000b7ae700000)]
  0x000002b43c086020 JavaThread "C2 CompilerThread0" daemon [_thread_blocked, id=12668, stack(0x000000b7ae700000,0x000000b7ae800000)]
  0x000002b43c086530 JavaThread "C1 CompilerThread0" daemon [_thread_blocked, id=9704, stack(0x000000b7ae800000,0x000000b7ae900000)]
  0x000002b43c088e40 JavaThread "Sweeper thread" daemon [_thread_blocked, id=11284, stack(0x000000b7ae900000,0x000000b7aea00000)]
  0x000002b43c1de6c0 JavaThread "Common-Cleaner" daemon [_thread_blocked, id=7700, stack(0x000000b7aea00000,0x000000b7aeb00000)]
  0x000002b43c1e0ba0 JavaThread "Notification Thread" daemon [_thread_blocked, id=16408, stack(0x000000b7aeb00000,0x000000b7aec00000)]
  0x000002b43c205070 JavaThread "C2 CompilerThread1" daemon [_thread_in_native, id=14124, stack(0x000000b7aed00000,0x000000b7aee00000)]
  0x000002b43ca84570 JavaThread "C2 CompilerThread2" daemon [_thread_blocked, id=19036, stack(0x000000b7aee00000,0x000000b7aef00000)]
  0x000002b43d91be90 JavaThread "Daemon health stats" [_thread_blocked, id=1748, stack(0x000000b7af300000,0x000000b7af400000)]
  0x000002b43ea53030 JavaThread "Incoming local TCP Connector on port 54662" [_thread_in_native, id=4572, stack(0x000000b7af400000,0x000000b7af500000)]
  0x000002b43ef0bfe0 JavaThread "Daemon periodic checks" [_thread_blocked, id=14720, stack(0x000000b7af500000,0x000000b7af600000)]
  0x000002b43d8f9670 JavaThread "Daemon" [_thread_blocked, id=3972, stack(0x000000b7af600000,0x000000b7af700000)]
  0x000002b43f3bb410 JavaThread "Handler for socket connection from /127.0.0.1:54662 to /127.0.0.1:54663" [_thread_in_native, id=22900, stack(0x000000b7af700000,0x000000b7af800000)]
  0x000002b43efc31f0 JavaThread "Cancel handler" [_thread_blocked, id=15584, stack(0x000000b7af800000,0x000000b7af900000)]
  0x000002b43efac030 JavaThread "Daemon worker" [_thread_blocked, id=13792, stack(0x000000b7af900000,0x000000b7afa00000)]
  0x000002b43ebd8480 JavaThread "Asynchronous log dispatcher for DefaultDaemonConnection: socket connection from /127.0.0.1:54662 to /127.0.0.1:54663" [_thread_blocked, id=25548, stack(0x000000b7afa00000,0x000000b7afb00000)]
  0x000002b43e609a90 JavaThread "Stdin handler" [_thread_blocked, id=13356, stack(0x000000b7afb00000,0x000000b7afc00000)]
  0x000002b43e608280 JavaThread "Daemon client event forwarder" [_thread_blocked, id=16572, stack(0x000000b7afc00000,0x000000b7afd00000)]
  0x000002b43e608c20 JavaThread "Cache worker for journal cache (C:\Users\최보현\.gradle\caches\journal-1)" [_thread_blocked, id=20104, stack(0x000000b7b0100000,0x000000b7b0200000)]
  0x000002b43e607410 JavaThread "File lock request listener" [_thread_in_native, id=2432, stack(0x000000b7b0200000,0x000000b7b0300000)]
  0x000002b43e608750 JavaThread "Cache worker for file hash cache (C:\Users\최보현\.gradle\caches\7.2\fileHashes)" [_thread_blocked, id=13744, stack(0x000000b7b0300000,0x000000b7b0400000)]
  0x000002b43e6065a0 JavaThread "Cache worker for file hash cache (C:\android_practice\NaverMap\.gradle\7.2\fileHashes)" [_thread_blocked, id=5076, stack(0x000000b7b0400000,0x000000b7b0500000)]
  0x000002b43e6078e0 JavaThread "File watcher server" daemon [_thread_in_native, id=2052, stack(0x000000b7b0500000,0x000000b7b0600000)]
  0x000002b43e607db0 JavaThread "File watcher consumer" daemon [_thread_blocked, id=25296, stack(0x000000b7b0600000,0x000000b7b0700000)]
  0x000002b43e609f60 JavaThread "jar transforms" [_thread_blocked, id=5704, stack(0x000000b7b0700000,0x000000b7b0800000)]
  0x000002b43e6095c0 JavaThread "jar transforms Thread 2" [_thread_blocked, id=23756, stack(0x000000b7b0800000,0x000000b7b0900000)]
  0x000002b43e6090f0 JavaThread "jar transforms Thread 3" [_thread_blocked, id=20844, stack(0x000000b7b0900000,0x000000b7b0a00000)]
  0x000002b43e606a70 JavaThread "jar transforms Thread 4" [_thread_blocked, id=13600, stack(0x000000b7b0a00000,0x000000b7b0b00000)]
  0x000002b43e606f40 JavaThread "jar transforms Thread 5" [_thread_blocked, id=21240, stack(0x000000b7b0b00000,0x000000b7b0c00000)]
  0x000002b43fc786e0 JavaThread "jar transforms Thread 6" [_thread_blocked, id=5308, stack(0x000000b7b0c00000,0x000000b7b0d00000)]
  0x000002b43fc79080 JavaThread "jar transforms Thread 7" [_thread_blocked, id=5360, stack(0x000000b7b0d00000,0x000000b7b0e00000)]
  0x000002b43fc78bb0 JavaThread "jar transforms Thread 8" [_thread_blocked, id=4396, stack(0x000000b7b0e00000,0x000000b7b0f00000)]
  0x000002b43fc79ef0 JavaThread "Cache worker for checksums cache (C:\android_practice\NaverMap\.gradle\checksums)" [_thread_blocked, id=5720, stack(0x000000b7b0f00000,0x000000b7b1000000)]
  0x000002b43fc73eb0 JavaThread "Cache worker for cache directory md-supplier (C:\Users\최보현\.gradle\caches\7.2\md-supplier)" [_thread_blocked, id=23380, stack(0x000000b7b1000000,0x000000b7b1100000)]
  0x000002b43fc78210 JavaThread "Cache worker for cache directory md-rule (C:\Users\최보현\.gradle\caches\7.2\md-rule)" [_thread_blocked, id=25196, stack(0x000000b7b1100000,0x000000b7b1200000)]
  0x000002b43fc7a3c0 JavaThread "Cache worker for execution history cache (C:\Users\최보현\.gradle\caches\7.2\executionHistory)" [_thread_blocked, id=7960, stack(0x000000b7b1200000,0x000000b7b1300000)]
  0x000002b43fc76ed0 JavaThread "Cache worker for file content cache (C:\Users\최보현\.gradle\caches\7.2\fileContent)" [_thread_blocked, id=19452, stack(0x000000b7b1300000,0x000000b7b1400000)]

Other Threads:
=>0x000002b43b58a700 VMThread "VM Thread" [stack: 0x000000b7ae000000,0x000000b7ae100000] [id=18924]
  0x000002b4217fc990 WatcherThread [stack: 0x000000b7aec00000,0x000000b7aed00000] [id=18648]
  0x000002b4217d76e0 GCTaskThread "GC Thread#0" [stack: 0x000000b7adb00000,0x000000b7adc00000] [id=22652]
  0x000002b43cf3b430 GCTaskThread "GC Thread#1" [stack: 0x000000b7aef00000,0x000000b7af000000] [id=13768]
  0x000002b43ccda2b0 GCTaskThread "GC Thread#2" [stack: 0x000000b7af000000,0x000000b7af100000] [id=19124]
  0x000002b43cce1270 GCTaskThread "GC Thread#3" [stack: 0x000000b7af100000,0x000000b7af200000] [id=15604]
  0x000002b43d287400 GCTaskThread "GC Thread#4" [stack: 0x000000b7af200000,0x000000b7af300000] [id=1312]
  0x000002b43f182e80 GCTaskThread "GC Thread#5" [stack: 0x000000b7afd00000,0x000000b7afe00000] [id=17220]
  0x000002b43f6525b0 GCTaskThread "GC Thread#6" [stack: 0x000000b7afe00000,0x000000b7aff00000] [id=23136]
  0x000002b43e9656d0 GCTaskThread "GC Thread#7" [stack: 0x000000b7aff00000,0x000000b7b0000000] [id=13248]
  0x000002b4217e9630 ConcurrentGCThread "G1 Main Marker" [stack: 0x000000b7adc00000,0x000000b7add00000] [id=11600]
  0x000002b4217ea040 ConcurrentGCThread "G1 Conc#0" [stack: 0x000000b7add00000,0x000000b7ade00000] [id=15416]
  0x000002b43e606050 ConcurrentGCThread "G1 Conc#1" [stack: 0x000000b7b0000000,0x000000b7b0100000] [id=21720]
  0x000002b42182ddb0 ConcurrentGCThread "G1 Refine#0" [stack: 0x000000b7ade00000,0x000000b7adf00000] [id=4816]
  0x000002b42182e670 ConcurrentGCThread "G1 Service" [stack: 0x000000b7adf00000,0x000000b7ae000000] [id=7640]

Threads with active compile tasks:
C2 CompilerThread0     3763 4406       4       groovyjarjarantlr4.v4.runtime.atn.PredictionContext::join (569 bytes)
C1 CompilerThread0     3763 4511       2       groovyjarjarantlr4.v4.runtime.Parser::consume (215 bytes)
C2 CompilerThread1     3763 4266       4       groovyjarjarantlr4.v4.runtime.atn.ParserATNSimulator::closure (784 bytes)
C2 CompilerThread2     3763 4486       4       groovyjarjarantlr4.v4.runtime.atn.PredictionContextCache$PredictionContextAndInt::hashCode (38 bytes)

VM state: at safepoint (normal execution)

VM Mutex/Monitor currently owned by a thread:  ([mutex/lock_event])
[0x000002b4217774c0] Threads_lock - owner thread: 0x000002b43b58a700
[0x000002b421778120] Heap_lock - owner thread: 0x000002b43efac030

Heap address: 0x0000000080000000, size: 2048 MB, Compressed Oops mode: 32-bit

CDS archive(s) not mapped
Compressed class space mapped at: 0x0000000100000000-0x0000000140000000, reserved size: 1073741824
Narrow klass base: 0x0000000000000000, Narrow klass shift: 3, Narrow klass range: 0x140000000

GC Precious Log:
 CPUs: 8 total, 8 available
 Memory: 7900M
 Large Page Support: Disabled
 NUMA Support: Disabled
 Compressed Oops: Enabled (32-bit)
 Heap Region Size: 1M
 Heap Min Capacity: 8M
 Heap Initial Capacity: 124M
 Heap Max Capacity: 2G
 Pre-touch: Disabled
 Parallel Workers: 8
 Concurrent Workers: 2
 Concurrent Refinement Workers: 8
 Periodic GC: Disabled

Heap:
 garbage-first heap   total 140288K, used 87615K [0x0000000080000000, 0x0000000100000000)
  region size 1024K, 3 young (3072K), 3 survivors (3072K)
 Metaspace       used 46616K, committed 46976K, reserved 1089536K
  class space    used 6247K, committed 6400K, reserved 1048576K

Heap Regions: E=young(eden), S=young(survivor), O=old, HS=humongous(starts), HC=humongous(continues), CS=collection set, F=free, OA=open archive, CA=closed archive, TAMS=top-at-mark-start (previous, next)
|   0|0x0000000080000000, 0x0000000080100000, 0x0000000080100000|100%| O|  |TAMS 0x0000000080100000, 0x0000000080100000| Untracked 
|   1|0x0000000080100000, 0x0000000080200000, 0x0000000080200000|100%| O|  |TAMS 0x0000000080200000, 0x0000000080200000| Untracked 
|   2|0x0000000080200000, 0x00000000802ffc00, 0x0000000080300000| 99%| O|  |TAMS 0x00000000802ffc00, 0x00000000802ffc00| Untracked 
|   3|0x0000000080300000, 0x0000000080400000, 0x0000000080400000|100%|HS|  |TAMS 0x0000000080400000, 0x0000000080400000| Complete 
|   4|0x0000000080400000, 0x0000000080500000, 0x0000000080500000|100%|HC|  |TAMS 0x0000000080500000, 0x0000000080500000| Complete 
|   5|0x0000000080500000, 0x0000000080600000, 0x0000000080600000|100%|HC|  |TAMS 0x0000000080600000, 0x0000000080600000| Complete 
|   6|0x0000000080600000, 0x0000000080700000, 0x0000000080700000|100%| O|  |TAMS 0x0000000080700000, 0x0000000080700000| Untracked 
|   7|0x0000000080700000, 0x0000000080800000, 0x0000000080800000|100%| O|  |TAMS 0x0000000080800000, 0x0000000080800000| Untracked 
|   8|0x0000000080800000, 0x0000000080900000, 0x0000000080900000|100%| O|  |TAMS 0x0000000080900000, 0x0000000080900000| Untracked 
|   9|0x0000000080900000, 0x0000000080a00000, 0x0000000080a00000|100%| O|  |TAMS 0x0000000080a00000, 0x0000000080a00000| Untracked 
|  10|0x0000000080a00000, 0x0000000080b00000, 0x0000000080b00000|100%| O|  |TAMS 0x0000000080b00000, 0x0000000080b00000| Untracked 
|  11|0x0000000080b00000, 0x0000000080c00000, 0x0000000080c00000|100%| O|  |TAMS 0x0000000080c00000, 0x0000000080c00000| Untracked 
|  12|0x0000000080c00000, 0x0000000080d00000, 0x0000000080d00000|100%| O|  |TAMS 0x0000000080d00000, 0x0000000080d00000| Untracked 
|  13|0x0000000080d00000, 0x0000000080e00000, 0x0000000080e00000|100%| O|  |TAMS 0x0000000080e00000, 0x0000000080e00000| Untracked 
|  14|0x0000000080e00000, 0x0000000080f00000, 0x0000000080f00000|100%| O|  |TAMS 0x0000000080f00000, 0x0000000080f00000| Untracked 
|  15|0x0000000080f00000, 0x0000000081000000, 0x0000000081000000|100%| O|  |TAMS 0x0000000081000000, 0x0000000081000000| Untracked 
|  16|0x0000000081000000, 0x0000000081100000, 0x0000000081100000|100%| O|  |TAMS 0x0000000081100000, 0x0000000081100000| Untracked 
|  17|0x0000000081100000, 0x0000000081200000, 0x0000000081200000|100%| O|  |TAMS 0x0000000081200000, 0x0000000081200000| Untracked 
|  18|0x0000000081200000, 0x0000000081300000, 0x0000000081300000|100%| O|  |TAMS 0x0000000081300000, 0x0000000081300000| Untracked 
|  19|0x0000000081300000, 0x0000000081400000, 0x0000000081400000|100%| O|  |TAMS 0x0000000081400000, 0x0000000081400000| Untracked 
|  20|0x0000000081400000, 0x0000000081500000, 0x0000000081500000|100%|HS|  |TAMS 0x0000000081500000, 0x0000000081500000| Complete 
|  21|0x0000000081500000, 0x0000000081600000, 0x0000000081600000|100%|HC|  |TAMS 0x0000000081600000, 0x0000000081600000| Complete 
|  22|0x0000000081600000, 0x0000000081700000, 0x0000000081700000|100%|HS|  |TAMS 0x0000000081700000, 0x0000000081700000| Complete 
|  23|0x0000000081700000, 0x0000000081800000, 0x0000000081800000|100%|HC|  |TAMS 0x0000000081800000, 0x0000000081800000| Complete 
|  24|0x0000000081800000, 0x0000000081900000, 0x0000000081900000|100%|HC|  |TAMS 0x0000000081900000, 0x0000000081900000| Complete 
|  25|0x0000000081900000, 0x0000000081a00000, 0x0000000081a00000|100%|HS|  |TAMS 0x0000000081a00000, 0x0000000081a00000| Complete 
|  26|0x0000000081a00000, 0x0000000081b00000, 0x0000000081b00000|100%|HC|  |TAMS 0x0000000081b00000, 0x0000000081b00000| Complete 
|  27|0x0000000081b00000, 0x0000000081c00000, 0x0000000081c00000|100%|HC|  |TAMS 0x0000000081c00000, 0x0000000081c00000| Complete 
|  28|0x0000000081c00000, 0x0000000081d00000, 0x0000000081d00000|100%|HS|  |TAMS 0x0000000081d00000, 0x0000000081d00000| Complete 
|  29|0x0000000081d00000, 0x0000000081e00000, 0x0000000081e00000|100%|HC|  |TAMS 0x0000000081e00000, 0x0000000081e00000| Complete 
|  30|0x0000000081e00000, 0x0000000081f00000, 0x0000000081f00000|100%|HS|  |TAMS 0x0000000081f00000, 0x0000000081f00000| Complete 
|  31|0x0000000081f00000, 0x0000000082000000, 0x0000000082000000|100%|HC|  |TAMS 0x0000000082000000, 0x0000000082000000| Complete 
|  32|0x0000000082000000, 0x0000000082100000, 0x0000000082100000|100%|HC|  |TAMS 0x0000000082100000, 0x0000000082100000| Complete 
|  33|0x0000000082100000, 0x0000000082200000, 0x0000000082200000|100%|HC|  |TAMS 0x0000000082200000, 0x0000000082200000| Complete 
|  34|0x0000000082200000, 0x0000000082300000, 0x0000000082300000|100%|HC|  |TAMS 0x0000000082300000, 0x0000000082300000| Complete 
|  35|0x0000000082300000, 0x0000000082400000, 0x0000000082400000|100%|HC|  |TAMS 0x0000000082400000, 0x0000000082400000| Complete 
|  36|0x0000000082400000, 0x0000000082500000, 0x0000000082500000|100%|HC|  |TAMS 0x0000000082500000, 0x0000000082500000| Complete 
|  37|0x0000000082500000, 0x0000000082600000, 0x0000000082600000|100%|HC|  |TAMS 0x0000000082600000, 0x0000000082600000| Complete 
|  38|0x0000000082600000, 0x0000000082700000, 0x0000000082700000|100%|HC|  |TAMS 0x0000000082700000, 0x0000000082700000| Complete 
|  39|0x0000000082700000, 0x0000000082800000, 0x0000000082800000|100%|HC|  |TAMS 0x0000000082800000, 0x0000000082800000| Complete 
|  40|0x0000000082800000, 0x0000000082900000, 0x0000000082900000|100%|HS|  |TAMS 0x0000000082900000, 0x0000000082900000| Complete 
|  41|0x0000000082900000, 0x0000000082a00000, 0x0000000082a00000|100%|HC|  |TAMS 0x0000000082a00000, 0x0000000082a00000| Complete 
|  42|0x0000000082a00000, 0x0000000082b00000, 0x0000000082b00000|100%|HS|  |TAMS 0x0000000082b00000, 0x0000000082b00000| Complete 
|  43|0x0000000082b00000, 0x0000000082c00000, 0x0000000082c00000|100%| O|  |TAMS 0x0000000082c00000, 0x0000000082c00000| Untracked 
|  44|0x0000000082c00000, 0x0000000082d00000, 0x0000000082d00000|100%| O|  |TAMS 0x0000000082d00000, 0x0000000082d00000| Untracked 
|  45|0x0000000082d00000, 0x0000000082e00000, 0x0000000082e00000|100%| O|  |TAMS 0x0000000082e00000, 0x0000000082e00000| Untracked 
|  46|0x0000000082e00000, 0x0000000082f00000, 0x0000000082f00000|100%| O|  |TAMS 0x0000000082f00000, 0x0000000082f00000| Untracked 
|  47|0x0000000082f00000, 0x0000000083000000, 0x0000000083000000|100%| O|  |TAMS 0x0000000083000000, 0x0000000083000000| Untracked 
|  48|0x0000000083000000, 0x0000000083100000, 0x0000000083100000|100%| O|  |TAMS 0x0000000083100000, 0x0000000083100000| Untracked 
|  49|0x0000000083100000, 0x0000000083200000, 0x0000000083200000|100%|HS|  |TAMS 0x0000000083200000, 0x0000000083200000| Complete 
|  50|0x0000000083200000, 0x0000000083300000, 0x0000000083300000|100%|HC|  |TAMS 0x0000000083300000, 0x0000000083300000| Complete 
|  51|0x0000000083300000, 0x0000000083400000, 0x0000000083400000|100%|HC|  |TAMS 0x0000000083400000, 0x0000000083400000| Complete 
|  52|0x0000000083400000, 0x0000000083500000, 0x0000000083500000|100%|HC|  |TAMS 0x0000000083500000, 0x0000000083500000| Complete 
|  53|0x0000000083500000, 0x0000000083600000, 0x0000000083600000|100%|HC|  |TAMS 0x0000000083600000, 0x0000000083600000| Complete 
|  54|0x0000000083600000, 0x0000000083700000, 0x0000000083700000|100%|HC|  |TAMS 0x0000000083700000, 0x0000000083700000| Complete 
|  55|0x0000000083700000, 0x0000000083800000, 0x0000000083800000|100%| O|  |TAMS 0x0000000083800000, 0x0000000083800000| Untracked 
|  56|0x0000000083800000, 0x0000000083900000, 0x0000000083900000|100%| O|  |TAMS 0x0000000083900000, 0x0000000083900000| Untracked 
|  57|0x0000000083900000, 0x0000000083a00000, 0x0000000083a00000|100%| O|  |TAMS 0x0000000083a00000, 0x0000000083a00000| Untracked 
|  58|0x0000000083a00000, 0x0000000083b00000, 0x0000000083b00000|100%| O|  |TAMS 0x0000000083aa0000, 0x0000000083b00000| Untracked 
|  59|0x0000000083b00000, 0x0000000083c00000, 0x0000000083c00000|100%|HS|  |TAMS 0x0000000083c00000, 0x0000000083c00000| Complete 
|  60|0x0000000083c00000, 0x0000000083d00000, 0x0000000083d00000|100%|HC|  |TAMS 0x0000000083d00000, 0x0000000083d00000| Complete 
|  61|0x0000000083d00000, 0x0000000083e00000, 0x0000000083e00000|100%|HC|  |TAMS 0x0000000083e00000, 0x0000000083e00000| Complete 
|  62|0x0000000083e00000, 0x0000000083f00000, 0x0000000083f00000|100%|HS|  |TAMS 0x0000000083f00000, 0x0000000083f00000| Complete 
|  63|0x0000000083f00000, 0x0000000084000000, 0x0000000084000000|100%|HC|  |TAMS 0x0000000084000000, 0x0000000084000000| Complete 
|  64|0x0000000084000000, 0x0000000084100000, 0x0000000084100000|100%|HS|  |TAMS 0x0000000084100000, 0x0000000084100000| Complete 
|  65|0x0000000084100000, 0x0000000084200000, 0x0000000084200000|100%|HC|  |TAMS 0x0000000084200000, 0x0000000084200000| Complete 
|  66|0x0000000084200000, 0x0000000084300000, 0x0000000084300000|100%|HC|  |TAMS 0x0000000084300000, 0x0000000084300000| Complete 
|  67|0x0000000084300000, 0x0000000084400000, 0x0000000084400000|100%|HC|  |TAMS 0x0000000084400000, 0x0000000084400000| Complete 
|  68|0x0000000084400000, 0x0000000084500000, 0x0000000084500000|100%|HC|  |TAMS 0x0000000084500000, 0x0000000084500000| Complete 
|  69|0x0000000084500000, 0x0000000084600000, 0x0000000084600000|100%|HC|  |TAMS 0x0000000084600000, 0x0000000084600000| Complete 
|  70|0x0000000084600000, 0x0000000084700000, 0x0000000084700000|100%|HC|  |TAMS 0x0000000084700000, 0x0000000084700000| Complete 
|  71|0x0000000084700000, 0x0000000084800000, 0x0000000084800000|100%|HC|  |TAMS 0x0000000084800000, 0x0000000084800000| Complete 
|  72|0x0000000084800000, 0x0000000084900000, 0x0000000084900000|100%|HC|  |TAMS 0x0000000084900000, 0x0000000084900000| Complete 
|  73|0x0000000084900000, 0x0000000084a00000, 0x0000000084a00000|100%|HC|  |TAMS 0x0000000084a00000, 0x0000000084a00000| Complete 
|  74|0x0000000084a00000, 0x0000000084b00000, 0x0000000084b00000|100%|HC|  |TAMS 0x0000000084b00000, 0x0000000084b00000| Complete 
|  75|0x0000000084b00000, 0x0000000084c00000, 0x0000000084c00000|100%| O|  |TAMS 0x0000000084b00000, 0x0000000084c00000| Untracked 
|  76|0x0000000084c00000, 0x0000000084d00000, 0x0000000084d00000|100%|HS|  |TAMS 0x0000000084c00000, 0x0000000084d00000| Complete 
|  77|0x0000000084d00000, 0x0000000084e00000, 0x0000000084e00000|100%|HC|  |TAMS 0x0000000084d00000, 0x0000000084e00000| Complete 
|  78|0x0000000084e00000, 0x0000000084f00000, 0x0000000084f00000|100%|HS|  |TAMS 0x0000000084e00000, 0x0000000084f00000| Complete 
|  79|0x0000000084f00000, 0x0000000085000000, 0x0000000085000000|100%|HC|  |TAMS 0x0000000084f00000, 0x0000000085000000| Complete 
|  80|0x0000000085000000, 0x0000000085100000, 0x0000000085100000|100%|HC|  |TAMS 0x0000000085000000, 0x0000000085100000| Complete 
|  81|0x0000000085100000, 0x0000000085200000, 0x0000000085200000|100%| O|  |TAMS 0x0000000085100000, 0x0000000085200000| Untracked 
|  82|0x0000000085200000, 0x0000000085300000, 0x0000000085300000|100%| O|  |TAMS 0x0000000085200000, 0x0000000085300000| Untracked 
|  83|0x0000000085300000, 0x000000008534b200, 0x0000000085400000| 29%| O|  |TAMS 0x0000000085300000, 0x000000008534b200| Untracked 
|  84|0x0000000085400000, 0x0000000085400000, 0x0000000085500000|  0%| F|  |TAMS 0x0000000085400000, 0x0000000085400000| Untracked 
|  85|0x0000000085500000, 0x0000000085500000, 0x0000000085600000|  0%| F|  |TAMS 0x0000000085500000, 0x0000000085500000| Untracked 
|  86|0x0000000085600000, 0x0000000085600000, 0x0000000085700000|  0%| F|  |TAMS 0x0000000085600000, 0x0000000085600000| Untracked 
|  87|0x0000000085700000, 0x0000000085700000, 0x0000000085800000|  0%| F|  |TAMS 0x0000000085700000, 0x0000000085700000| Untracked 
|  88|0x0000000085800000, 0x0000000085800000, 0x0000000085900000|  0%| F|  |TAMS 0x0000000085800000, 0x0000000085800000| Untracked 
|  89|0x0000000085900000, 0x0000000085900000, 0x0000000085a00000|  0%| F|  |TAMS 0x0000000085900000, 0x0000000085900000| Untracked 
|  90|0x0000000085a00000, 0x0000000085a00000, 0x0000000085b00000|  0%| F|  |TAMS 0x0000000085a00000, 0x0000000085a00000| Untracked 
|  91|0x0000000085b00000, 0x0000000085b00000, 0x0000000085c00000|  0%| F|  |TAMS 0x0000000085b00000, 0x0000000085b00000| Untracked 
|  92|0x0000000085c00000, 0x0000000085c00000, 0x0000000085d00000|  0%| F|  |TAMS 0x0000000085c00000, 0x0000000085c00000| Untracked 
|  93|0x0000000085d00000, 0x0000000085d00000, 0x0000000085e00000|  0%| F|  |TAMS 0x0000000085d00000, 0x0000000085d00000| Untracked 
|  94|0x0000000085e00000, 0x0000000085e00000, 0x0000000085f00000|  0%| F|  |TAMS 0x0000000085e00000, 0x0000000085e00000| Untracked 
|  95|0x0000000085f00000, 0x0000000085f00000, 0x0000000086000000|  0%| F|  |TAMS 0x0000000085f00000, 0x0000000085f00000| Untracked 
|  96|0x0000000086000000, 0x0000000086000000, 0x0000000086100000|  0%| F|  |TAMS 0x0000000086000000, 0x0000000086000000| Untracked 
|  97|0x0000000086100000, 0x0000000086100000, 0x0000000086200000|  0%| F|  |TAMS 0x0000000086100000, 0x0000000086100000| Untracked 
|  98|0x0000000086200000, 0x0000000086200000, 0x0000000086300000|  0%| F|  |TAMS 0x0000000086200000, 0x0000000086200000| Untracked 
|  99|0x0000000086300000, 0x0000000086300000, 0x0000000086400000|  0%| F|  |TAMS 0x0000000086300000, 0x0000000086300000| Untracked 
| 100|0x0000000086400000, 0x0000000086400000, 0x0000000086500000|  0%| F|  |TAMS 0x0000000086400000, 0x0000000086400000| Untracked 
| 101|0x0000000086500000, 0x0000000086500000, 0x0000000086600000|  0%| F|  |TAMS 0x0000000086500000, 0x0000000086500000| Untracked 
| 102|0x0000000086600000, 0x0000000086600000, 0x0000000086700000|  0%| F|  |TAMS 0x0000000086600000, 0x0000000086600000| Untracked 
| 103|0x0000000086700000, 0x0000000086700000, 0x0000000086800000|  0%| F|  |TAMS 0x0000000086700000, 0x0000000086700000| Untracked 
| 104|0x0000000086800000, 0x0000000086800000, 0x0000000086900000|  0%| F|  |TAMS 0x0000000086800000, 0x0000000086800000| Untracked 
| 105|0x0000000086900000, 0x0000000086900000, 0x0000000086a00000|  0%| F|  |TAMS 0x0000000086900000, 0x0000000086900000| Untracked 
| 106|0x0000000086a00000, 0x0000000086a00000, 0x0000000086b00000|  0%| F|  |TAMS 0x0000000086a00000, 0x0000000086a00000| Untracked 
| 107|0x0000000086b00000, 0x0000000086b00000, 0x0000000086c00000|  0%| F|  |TAMS 0x0000000086b00000, 0x0000000086b00000| Untracked 
| 108|0x0000000086c00000, 0x0000000086c00000, 0x0000000086d00000|  0%| F|  |TAMS 0x0000000086c00000, 0x0000000086c00000| Untracked 
| 109|0x0000000086d00000, 0x0000000086d00000, 0x0000000086e00000|  0%| F|  |TAMS 0x0000000086d00000, 0x0000000086d00000| Untracked 
| 110|0x0000000086e00000, 0x0000000086e00000, 0x0000000086f00000|  0%| F|  |TAMS 0x0000000086e00000, 0x0000000086e00000| Untracked 
| 111|0x0000000086f00000, 0x0000000086f00000, 0x0000000087000000|  0%| F|  |TAMS 0x0000000086f00000, 0x0000000086f00000| Untracked 
| 112|0x0000000087000000, 0x0000000087045000, 0x0000000087100000| 26%| S|CS|TAMS 0x0000000087000000, 0x0000000087000000| Complete 
| 113|0x0000000087100000, 0x0000000087200000, 0x0000000087200000|100%| S|CS|TAMS 0x0000000087100000, 0x0000000087100000| Complete 
| 114|0x0000000087200000, 0x0000000087300000, 0x0000000087300000|100%| S|CS|TAMS 0x0000000087200000, 0x0000000087200000| Complete 
| 115|0x0000000087300000, 0x0000000087300000, 0x0000000087400000|  0%| F|  |TAMS 0x0000000087300000, 0x0000000087300000| Untracked 
| 116|0x0000000087400000, 0x0000000087400000, 0x0000000087500000|  0%| F|  |TAMS 0x0000000087400000, 0x0000000087400000| Untracked 
| 117|0x0000000087500000, 0x0000000087500000, 0x0000000087600000|  0%| F|  |TAMS 0x0000000087500000, 0x0000000087500000| Untracked 
| 118|0x0000000087600000, 0x0000000087600000, 0x0000000087700000|  0%| F|  |TAMS 0x0000000087600000, 0x0000000087600000| Untracked 
| 119|0x0000000087700000, 0x0000000087700000, 0x0000000087800000|  0%| F|  |TAMS 0x0000000087700000, 0x0000000087700000| Untracked 
| 120|0x0000000087800000, 0x0000000087800000, 0x0000000087900000|  0%| F|  |TAMS 0x0000000087800000, 0x0000000087800000| Untracked 
| 121|0x0000000087900000, 0x0000000087900000, 0x0000000087a00000|  0%| F|  |TAMS 0x0000000087900000, 0x0000000087900000| Untracked 
| 122|0x0000000087a00000, 0x0000000087a00000, 0x0000000087b00000|  0%| F|  |TAMS 0x0000000087a00000, 0x0000000087a00000| Untracked 
| 123|0x0000000087b00000, 0x0000000087b00000, 0x0000000087c00000|  0%| F|  |TAMS 0x0000000087b00000, 0x0000000087b00000| Untracked 
| 124|0x0000000087c00000, 0x0000000087c00000, 0x0000000087d00000|  0%| F|  |TAMS 0x0000000087c00000, 0x0000000087c00000| Untracked 
| 125|0x0000000087d00000, 0x0000000087d00000, 0x0000000087e00000|  0%| F|  |TAMS 0x0000000087d00000, 0x0000000087d00000| Untracked 
| 126|0x0000000087e00000, 0x0000000087e00000, 0x0000000087f00000|  0%| F|  |TAMS 0x0000000087e00000, 0x0000000087e00000| Untracked 
| 127|0x0000000087f00000, 0x0000000087f00000, 0x0000000088000000|  0%| F|  |TAMS 0x0000000087f00000, 0x0000000087f00000| Untracked 
| 128|0x0000000088000000, 0x0000000088000000, 0x0000000088100000|  0%| F|  |TAMS 0x0000000088000000, 0x0000000088000000| Untracked 
| 129|0x0000000088100000, 0x0000000088100000, 0x0000000088200000|  0%| F|  |TAMS 0x0000000088100000, 0x0000000088100000| Untracked 
| 130|0x0000000088200000, 0x0000000088200000, 0x0000000088300000|  0%| F|  |TAMS 0x0000000088200000, 0x0000000088200000| Untracked 
| 131|0x0000000088300000, 0x0000000088300000, 0x0000000088400000|  0%| F|  |TAMS 0x0000000088300000, 0x0000000088300000| Untracked 
| 132|0x0000000088400000, 0x0000000088400000, 0x0000000088500000|  0%| F|  |TAMS 0x0000000088400000, 0x0000000088400000| Untracked 
| 133|0x0000000088500000, 0x0000000088500000, 0x0000000088600000|  0%| F|  |TAMS 0x0000000088500000, 0x0000000088500000| Untracked 
| 134|0x0000000088600000, 0x0000000088600000, 0x0000000088700000|  0%| F|  |TAMS 0x0000000088600000, 0x0000000088600000| Untracked 
| 135|0x0000000088700000, 0x0000000088700000, 0x0000000088800000|  0%| F|  |TAMS 0x0000000088700000, 0x0000000088700000| Untracked 
| 136|0x0000000088800000, 0x0000000088800000, 0x0000000088900000|  0%| F|  |TAMS 0x0000000088800000, 0x0000000088800000| Untracked 

Card table byte_map: [0x000002b434360000,0x000002b434760000] _byte_map_base: 0x000002b433f60000

Marking Bits (Prev, Next): (CMBitMap*) 0x000002b4217d7cf0, (CMBitMap*) 0x000002b4217d7d30
 Prev Bits: [0x000002b434b60000, 0x000002b436b60000)
 Next Bits: [0x000002b436b60000, 0x000002b438b60000)

Polling page: 0x000002b420f30000

Metaspace:

Usage:
  Non-class:     39.42 MB used.
      Class:      6.10 MB used.
       Both:     45.52 MB used.

Virtual space:
  Non-class space:       40.00 MB reserved,      39.62 MB (>99%) committed,  5 nodes.
      Class space:        1.00 GB reserved,       6.25 MB ( <1%) committed,  1 nodes.
             Both:        1.04 GB reserved,      45.88 MB (  4%) committed. 

Chunk freelists:
   Non-Class:  304.00 KB
       Class:  1.64 MB
        Both:  1.94 MB

MaxMetaspaceSize: unlimited
CompressedClassSpaceSize: 1.00 GB
Initial GC threshold: 21.00 MB
Current GC threshold: 72.12 MB
CDS: off
MetaspaceReclaimPolicy: balanced
 - commit_granule_bytes: 65536.
 - commit_granule_words: 8192.
 - virtual_space_node_default_size: 1048576.
 - enlarge_chunks_in_place: 1.
 - new_chunks_are_fully_committed: 0.
 - uncommit_free_chunks: 1.
 - use_allocation_guard: 0.
 - handle_deallocations: 1.


Internal statistics:

num_allocs_failed_limit: 3.
num_arena_births: 414.
num_arena_deaths: 0.
num_vsnodes_births: 6.
num_vsnodes_deaths: 0.
num_space_committed: 734.
num_space_uncommitted: 0.
num_chunks_returned_to_freelist: 3.
num_chunks_taken_from_freelist: 1817.
num_chunk_merges: 3.
num_chunk_splits: 1188.
num_chunks_enlarged: 821.
num_purges: 0.
num_inconsistent_stats: 0.

CodeHeap 'non-profiled nmethods': size=120000Kb used=2868Kb max_used=2868Kb free=117132Kb
 bounds [0x000002b42c700000, 0x000002b42c9d0000, 0x000002b433c30000]
CodeHeap 'profiled nmethods': size=120000Kb used=9138Kb max_used=9138Kb free=110861Kb
 bounds [0x000002b424c30000, 0x000002b425520000, 0x000002b42c160000]
CodeHeap 'non-nmethods': size=5760Kb used=2304Kb max_used=2345Kb free=3455Kb
 bounds [0x000002b42c160000, 0x000002b42c3d0000, 0x000002b42c700000]
 total_blobs=5287 nmethods=4483 adapters=716
 compilation: enabled
              stopped_count=0, restarted_count=0
 full_count=0

Compilation events (20 events):
Event: 3.735 Thread 0x000002b43ca84570 nmethod 4409 0x000002b42c9cb390 code [0x000002b42c9cb580, 0x000002b42c9cbf70]
Event: 3.735 Thread 0x000002b43ca84570 4474       4       groovyjarjarantlr4.v4.runtime.atn.PredictionContext::calculateHashCode (86 bytes)
Event: 3.736 Thread 0x000002b43c086530 nmethod 4502 0x000002b425511890 code [0x000002b425511e80, 0x000002b4255161e8]
Event: 3.736 Thread 0x000002b43c086530 4501       2       groovyjarjarantlr4.v4.runtime.atn.EmptyPredictionContext::appendContext (2 bytes)
Event: 3.736 Thread 0x000002b43c086530 nmethod 4501 0x000002b425517b10 code [0x000002b425517ca0, 0x000002b425517db8]
Event: 3.736 Thread 0x000002b43c086530 4504       2       groovyjarjarantlr4.v4.runtime.atn.ATNConfig::create (11 bytes)
Event: 3.736 Thread 0x000002b43c086530 nmethod 4504 0x000002b425517e90 code [0x000002b425518020, 0x000002b425518128]
Event: 3.736 Thread 0x000002b43c086530 4505       1       groovyjarjarantlr4.v4.runtime.misc.IntegerList::size (5 bytes)
Event: 3.736 Thread 0x000002b43c086530 nmethod 4505 0x000002b42c9cc590 code [0x000002b42c9cc720, 0x000002b42c9cc7f8]
Event: 3.737 Thread 0x000002b43c086530 4507       2       groovyjarjarantlr4.v4.runtime.atn.ParserATNSimulator::execDFA (737 bytes)
Event: 3.740 Thread 0x000002b43c086530 nmethod 4507 0x000002b425518210 code [0x000002b4255186a0, 0x000002b425519da8]
Event: 3.740 Thread 0x000002b43c086530 4508       2       groovyjarjarantlr4.v4.runtime.atn.ParserATNSimulator::getStartState (251 bytes)
Event: 3.740 Thread 0x000002b43c086530 nmethod 4508 0x000002b42551ae10 code [0x000002b42551b0c0, 0x000002b42551bbf8]
Event: 3.740 Thread 0x000002b43ca84570 nmethod 4474 0x000002b42c9cc890 code [0x000002b42c9cca20, 0x000002b42c9cce98]
Event: 3.740 Thread 0x000002b43c086530 4509       2       groovyjarjarantlr4.v4.runtime.DefaultErrorStrategy::endErrorCondition (16 bytes)
Event: 3.740 Thread 0x000002b43ca84570 4486       4       groovyjarjarantlr4.v4.runtime.atn.PredictionContextCache$PredictionContextAndInt::hashCode (38 bytes)
Event: 3.741 Thread 0x000002b43c086530 nmethod 4509 0x000002b42551c310 code [0x000002b42551c4a0, 0x000002b42551c5d8]
Event: 3.741 Thread 0x000002b43c086530 4510       2       groovyjarjarantlr4.v4.runtime.DefaultErrorStrategy::reportMatch (6 bytes)
Event: 3.741 Thread 0x000002b43c086530 nmethod 4510 0x000002b42551c690 code [0x000002b42551c820, 0x000002b42551c958]
Event: 3.741 Thread 0x000002b43c086530 4511       2       groovyjarjarantlr4.v4.runtime.Parser::consume (215 bytes)

GC Heap History (20 events):
Event: 2.183 GC heap after
{Heap after GC invocations=8 (full 0):
 garbage-first heap   total 101376K, used 45852K [0x0000000080000000, 0x0000000100000000)
  region size 1024K, 1 young (1024K), 1 survivors (1024K)
 Metaspace       used 28152K, committed 28480K, reserved 1081344K
  class space    used 3770K, committed 3904K, reserved 1048576K
}
Event: 2.497 GC heap before
{Heap before GC invocations=9 (full 0):
 garbage-first heap   total 101376K, used 80668K [0x0000000080000000, 0x0000000100000000)
  region size 1024K, 29 young (29696K), 1 survivors (1024K)
 Metaspace       used 31819K, committed 32192K, reserved 1081344K
  class space    used 4369K, committed 4544K, reserved 1048576K
}
Event: 2.498 GC heap after
{Heap after GC invocations=10 (full 0):
 garbage-first heap   total 101376K, used 55344K [0x0000000080000000, 0x0000000100000000)
  region size 1024K, 3 young (3072K), 3 survivors (3072K)
 Metaspace       used 31819K, committed 32192K, reserved 1081344K
  class space    used 4369K, committed 4544K, reserved 1048576K
}
Event: 2.506 GC heap before
{Heap before GC invocations=10 (full 0):
 garbage-first heap   total 101376K, used 56368K [0x0000000080000000, 0x0000000100000000)
  region size 1024K, 4 young (4096K), 3 survivors (3072K)
 Metaspace       used 31920K, committed 32256K, reserved 1081344K
  class space    used 4390K, committed 4544K, reserved 1048576K
}
Event: 2.508 GC heap after
{Heap after GC invocations=11 (full 0):
 garbage-first heap   total 101376K, used 55601K [0x0000000080000000, 0x0000000100000000)
  region size 1024K, 1 young (1024K), 1 survivors (1024K)
 Metaspace       used 31920K, committed 32256K, reserved 1081344K
  class space    used 4390K, committed 4544K, reserved 1048576K
}
Event: 2.827 GC heap before
{Heap before GC invocations=11 (full 0):
 garbage-first heap   total 101376K, used 78129K [0x0000000080000000, 0x0000000100000000)
  region size 1024K, 24 young (24576K), 1 survivors (1024K)
 Metaspace       used 38334K, committed 38720K, reserved 1089536K
  class space    used 5137K, committed 5312K, reserved 1048576K
}
Event: 2.829 GC heap after
{Heap after GC invocations=12 (full 0):
 garbage-first heap   total 101376K, used 58120K [0x0000000080000000, 0x0000000100000000)
  region size 1024K, 3 young (3072K), 3 survivors (3072K)
 Metaspace       used 38334K, committed 38720K, reserved 1089536K
  class space    used 5137K, committed 5312K, reserved 1048576K
}
Event: 2.959 GC heap before
{Heap before GC invocations=13 (full 0):
 garbage-first heap   total 102400K, used 79624K [0x0000000080000000, 0x0000000100000000)
  region size 1024K, 25 young (25600K), 3 survivors (3072K)
 Metaspace       used 39472K, committed 39872K, reserved 1089536K
  class space    used 5223K, committed 5440K, reserved 1048576K
}
Event: 2.963 GC heap after
{Heap after GC invocations=14 (full 0):
 garbage-first heap   total 102400K, used 60554K [0x0000000080000000, 0x0000000100000000)
  region size 1024K, 3 young (3072K), 3 survivors (3072K)
 Metaspace       used 39472K, committed 39872K, reserved 1089536K
  class space    used 5223K, committed 5440K, reserved 1048576K
}
Event: 3.013 GC heap before
{Heap before GC invocations=14 (full 0):
 garbage-first heap   total 102400K, used 64650K [0x0000000080000000, 0x0000000100000000)
  region size 1024K, 9 young (9216K), 3 survivors (3072K)
 Metaspace       used 39940K, committed 40384K, reserved 1089536K
  class space    used 5277K, committed 5504K, reserved 1048576K
}
Event: 3.014 GC heap after
{Heap after GC invocations=15 (full 0):
 garbage-first heap   total 102400K, used 61317K [0x0000000080000000, 0x0000000100000000)
  region size 1024K, 2 young (2048K), 2 survivors (2048K)
 Metaspace       used 39940K, committed 40384K, reserved 1089536K
  class space    used 5277K, committed 5504K, reserved 1048576K
}
Event: 3.314 GC heap before
{Heap before GC invocations=16 (full 0):
 garbage-first heap   total 111616K, used 85893K [0x0000000080000000, 0x0000000100000000)
  region size 1024K, 23 young (23552K), 2 survivors (2048K)
 Metaspace       used 43314K, committed 43712K, reserved 1089536K
  class space    used 5695K, committed 5888K, reserved 1048576K
}
Event: 3.316 GC heap after
{Heap after GC invocations=17 (full 0):
 garbage-first heap   total 111616K, used 61959K [0x0000000080000000, 0x0000000100000000)
  region size 1024K, 2 young (2048K), 2 survivors (2048K)
 Metaspace       used 43314K, committed 43712K, reserved 1089536K
  class space    used 5695K, committed 5888K, reserved 1048576K
}
Event: 3.412 GC heap before
{Heap before GC invocations=17 (full 0):
 garbage-first heap   total 111616K, used 67079K [0x0000000080000000, 0x0000000100000000)
  region size 1024K, 8 young (8192K), 2 survivors (2048K)
 Metaspace       used 43922K, committed 44288K, reserved 1089536K
  class space    used 5793K, committed 5952K, reserved 1048576K
}
Event: 3.414 GC heap after
{Heap after GC invocations=18 (full 0):
 garbage-first heap   total 111616K, used 62611K [0x0000000080000000, 0x0000000100000000)
  region size 1024K, 3 young (3072K), 3 survivors (3072K)
 Metaspace       used 43922K, committed 44288K, reserved 1089536K
  class space    used 5793K, committed 5952K, reserved 1048576K
}
Event: 3.450 GC heap before
{Heap before GC invocations=19 (full 0):
 garbage-first heap   total 116736K, used 78995K [0x0000000080000000, 0x0000000100000000)
  region size 1024K, 4 young (4096K), 3 survivors (3072K)
 Metaspace       used 43923K, committed 44288K, reserved 1089536K
  class space    used 5793K, committed 5952K, reserved 1048576K
}
Event: 3.452 GC heap after
{Heap after GC invocations=20 (full 0):
 garbage-first heap   total 116736K, used 79592K [0x0000000080000000, 0x0000000100000000)
  region size 1024K, 3 young (3072K), 3 survivors (3072K)
 Metaspace       used 43923K, committed 44288K, reserved 1089536K
  class space    used 5793K, committed 5952K, reserved 1048576K
}
Event: 3.606 GC heap before
{Heap before GC invocations=21 (full 0):
 garbage-first heap   total 140288K, used 97000K [0x0000000080000000, 0x0000000100000000)
  region size 1024K, 16 young (16384K), 3 survivors (3072K)
 Metaspace       used 46195K, committed 46592K, reserved 1089536K
  class space    used 6219K, committed 6400K, reserved 1048576K
}
Event: 3.608 GC heap after
{Heap after GC invocations=22 (full 0):
 garbage-first heap   total 140288K, used 87339K [0x0000000080000000, 0x0000000100000000)
  region size 1024K, 2 young (2048K), 2 survivors (2048K)
 Metaspace       used 46195K, committed 46592K, reserved 1089536K
  class space    used 6219K, committed 6400K, reserved 1048576K
}
Event: 3.741 GC heap before
{Heap before GC invocations=22 (full 0):
 garbage-first heap   total 140288K, used 107819K [0x0000000080000000, 0x0000000100000000)
  region size 1024K, 22 young (22528K), 2 survivors (2048K)
 Metaspace       used 46616K, committed 46976K, reserved 1089536K
  class space    used 6247K, committed 6400K, reserved 1048576K
}

Dll operation events (2 events):
Event: 0.008 Loaded shared library C:\Program Files\Android\Android Studio1\jbr\bin\java.dll
Event: 0.283 Loaded shared library C:\Program Files\Android\Android Studio1\jbr\bin\verify.dll

Deoptimization events (20 events):
Event: 3.654 Thread 0x000002b43efac030 DEOPT PACKING pc=0x000002b42c8ce8fc sp=0x000000b7af9f7cd0
Event: 3.654 Thread 0x000002b43efac030 DEOPT UNPACKING pc=0x000002b42c1ba1a3 sp=0x000000b7af9f7c88 mode 2
Event: 3.654 Thread 0x000002b43efac030 Uncommon trap: trap_request=0xffffff45 fr.pc=0x000002b42c778f48 relative=0x0000000000000968
Event: 3.654 Thread 0x000002b43efac030 Uncommon trap: reason=unstable_if action=reinterpret pc=0x000002b42c778f48 method=java.util.HashMap.resize()[Ljava/util/HashMap$Node; @ 203 c2
Event: 3.654 Thread 0x000002b43efac030 DEOPT PACKING pc=0x000002b42c778f48 sp=0x000000b7af9f85f0
Event: 3.654 Thread 0x000002b43efac030 DEOPT UNPACKING pc=0x000002b42c1ba1a3 sp=0x000000b7af9f8598 mode 2
Event: 3.686 Thread 0x000002b43efac030 Uncommon trap: trap_request=0xffffff45 fr.pc=0x000002b42c8bf880 relative=0x0000000000000080
Event: 3.686 Thread 0x000002b43efac030 Uncommon trap: reason=unstable_if action=reinterpret pc=0x000002b42c8bf880 method=java.lang.String.codePointAt(I)I @ 4 c2
Event: 3.686 Thread 0x000002b43efac030 DEOPT PACKING pc=0x000002b42c8bf880 sp=0x000000b7af9f7600
Event: 3.686 Thread 0x000002b43efac030 DEOPT UNPACKING pc=0x000002b42c1ba1a3 sp=0x000000b7af9f7598 mode 2
Event: 3.726 Thread 0x000002b43efac030 Uncommon trap: trap_request=0xffffffde fr.pc=0x000002b42c9c5414 relative=0x0000000000002434
Event: 3.726 Thread 0x000002b43efac030 Uncommon trap: reason=class_check action=maybe_recompile pc=0x000002b42c9c5414 method=groovyjarjarantlr4.v4.runtime.atn.SemanticContext$Predicate.equals(Ljava/lang/Object;)Z @ 1 c2
Event: 3.726 Thread 0x000002b43efac030 DEOPT PACKING pc=0x000002b42c9c5414 sp=0x000000b7af9f6970
Event: 3.726 Thread 0x000002b43efac030 DEOPT UNPACKING pc=0x000002b42c1ba1a3 sp=0x000000b7af9f6868 mode 2
Event: 3.733 Thread 0x000002b43efac030 DEOPT PACKING pc=0x000002b4254dcc6a sp=0x000000b7af9f7670
Event: 3.733 Thread 0x000002b43efac030 DEOPT UNPACKING pc=0x000002b42c1bace3 sp=0x000000b7af9f6bc8 mode 0
Event: 3.737 Thread 0x000002b43efac030 Uncommon trap: trap_request=0xffffffde fr.pc=0x000002b42c9c5414 relative=0x0000000000002434
Event: 3.737 Thread 0x000002b43efac030 Uncommon trap: reason=class_check action=maybe_recompile pc=0x000002b42c9c5414 method=groovyjarjarantlr4.v4.runtime.atn.SemanticContext$Predicate.equals(Ljava/lang/Object;)Z @ 1 c2
Event: 3.737 Thread 0x000002b43efac030 DEOPT PACKING pc=0x000002b42c9c5414 sp=0x000000b7af9f7560
Event: 3.737 Thread 0x000002b43efac030 DEOPT UNPACKING pc=0x000002b42c1ba1a3 sp=0x000000b7af9f7458 mode 2

Classes unloaded (0 events):
No events

Classes redefined (0 events):
No events

Internal exceptions (20 events):
Event: 3.119 Thread 0x000002b43efac030 Exception <a 'java/lang/ClassNotFoundException'{0x00000000869f05d0}: org/gradle/api/internal/initialization/DefaultScriptHandlerBeanInfo> (0x00000000869f05d0) 
thrown [s\src\hotspot\share\classfile\systemDictionary.cpp, line 256]
Event: 3.120 Thread 0x000002b43efac030 Exception <a 'java/lang/ClassNotFoundException'{0x00000000869fecc8}: org/gradle/api/internal/initialization/DefaultScriptHandlerCustomizer> (0x00000000869fecc8) 
thrown [s\src\hotspot\share\classfile\systemDictionary.cpp, line 256]
Event: 3.198 Thread 0x000002b43efac030 Exception <a 'java/lang/ClassNotFoundException'{0x000000008637dad0}: org/gradle/api/internal/artifacts/dsl/dependencies/DefaultDependencyHandler_DecoratedBeanInfo> (0x000000008637dad0) 
thrown [s\src\hotspot\share\classfile\systemDictionary.cpp, line 256]
Event: 3.198 Thread 0x000002b43efac030 Exception <a 'java/lang/ClassNotFoundException'{0x0000000086392100}: org/gradle/api/internal/artifacts/dsl/dependencies/DefaultDependencyHandlerBeanInfo> (0x0000000086392100) 
thrown [s\src\hotspot\share\classfile\systemDictionary.cpp, line 256]
Event: 3.199 Thread 0x000002b43efac030 Exception <a 'java/lang/ClassNotFoundException'{0x00000000863a5ef8}: org/gradle/api/internal/artifacts/dsl/dependencies/DefaultDependencyHandlerCustomizer> (0x00000000863a5ef8) 
thrown [s\src\hotspot\share\classfile\systemDictionary.cpp, line 256]
Event: 3.201 Thread 0x000002b43efac030 Exception <a 'java/lang/ClassNotFoundException'{0x00000000863e2ca0}: org/gradle/api/internal/artifacts/dsl/dependencies/DefaultDependencyHandler_DecoratedCustomizer> (0x00000000863e2ca0) 
thrown [s\src\hotspot\share\classfile\systemDictionary.cpp, line 256]
Event: 3.243 Thread 0x000002b43efac030 Exception <a 'java/lang/NoSuchMethodError'{0x0000000085e51c40}: 'java.lang.Object java.lang.invoke.DirectMethodHandle$Holder.newInvokeSpecial(java.lang.Object, int, java.lang.Object)'> (0x0000000085e51c40) 
thrown [s\src\hotspot\share\interpreter\linkResolver.cpp, line 771]
Event: 3.285 Thread 0x000002b43efac030 Exception <a 'java/lang/IncompatibleClassChangeError'{0x00000000858a4de0}: Found class java.lang.Object, but interface was expected> (0x00000000858a4de0) 
thrown [s\src\hotspot\share\interpreter\linkResolver.cpp, line 838]
Event: 3.285 Thread 0x000002b43efac030 Exception <a 'java/lang/NoSuchMethodError'{0x00000000858ac890}: 'int java.lang.invoke.DirectMethodHandle$Holder.invokeSpecialIFC(java.lang.Object, java.lang.Object, java.lang.Object, java.lang.Object, java.lang.Object)'> (0x00000000858ac890) 
thrown [s\src\hotspot\share\interpreter\linkResolver.cpp, line 771]
Event: 3.299 Thread 0x000002b43efac030 Exception <a 'java/lang/NoSuchMethodError'{0x000000008579f070}: 'java.lang.Object java.lang.invoke.DirectMethodHandle$Holder.newInvokeSpecial(java.lang.Object, java.lang.Object, int)'> (0x000000008579f070) 
thrown [s\src\hotspot\share\interpreter\linkResolver.cpp, line 771]
Event: 3.324 Thread 0x000002b43efac030 Exception <a 'java/lang/NoSuchMethodError'{0x0000000087bc7330}: 'int java.lang.invoke.DirectMethodHandle$Holder.invokeStatic(java.lang.Object)'> (0x0000000087bc7330) 
thrown [s\src\hotspot\share\interpreter\linkResolver.cpp, line 771]
Event: 3.325 Thread 0x000002b43efac030 Exception <a 'java/lang/NoSuchMethodError'{0x0000000087bcb478}: 'int java.lang.invoke.DirectMethodHandle$Holder.invokeStaticInit(java.lang.Object)'> (0x0000000087bcb478) 
thrown [s\src\hotspot\share\interpreter\linkResolver.cpp, line 771]
Event: 3.349 Thread 0x000002b43efac030 Exception <a 'java/lang/ClassNotFoundException'{0x0000000086a834d0}: sync_studio_tooling2_3g7ygten7oquzu1u3nxtrsh77BeanInfo> (0x0000000086a834d0) 
thrown [s\src\hotspot\share\classfile\systemDictionary.cpp, line 256]
Event: 3.349 Thread 0x000002b43efac030 Exception <a 'java/lang/ClassNotFoundException'{0x0000000086a89038}: sync_studio_tooling2_3g7ygten7oquzu1u3nxtrsh77Customizer> (0x0000000086a89038) 
thrown [s\src\hotspot\share\classfile\systemDictionary.cpp, line 256]
Event: 3.363 Thread 0x000002b43efac030 Exception <a 'java/lang/ClassNotFoundException'{0x0000000086959d50}: ijinit_987mxiu8guhqe0au6arwuxsk6BeanInfo> (0x0000000086959d50) 
thrown [s\src\hotspot\share\classfile\systemDictionary.cpp, line 256]
Event: 3.363 Thread 0x000002b43efac030 Exception <a 'java/lang/ClassNotFoundException'{0x000000008695f888}: ijinit_987mxiu8guhqe0au6arwuxsk6Customizer> (0x000000008695f888) 
thrown [s\src\hotspot\share\classfile\systemDictionary.cpp, line 256]
Event: 3.367 Thread 0x000002b43efac030 Exception <a 'java/lang/ClassNotFoundException'{0x00000000869a0c68}: ijinit_987mxiu8guhqe0au6arwuxsk6$_run_closure1BeanInfo> (0x00000000869a0c68) 
thrown [s\src\hotspot\share\classfile\systemDictionary.cpp, line 256]
Event: 3.367 Thread 0x000002b43efac030 Exception <a 'java/lang/ClassNotFoundException'{0x00000000869a6e80}: ijinit_987mxiu8guhqe0au6arwuxsk6$_run_closure1Customizer> (0x00000000869a6e80) 
thrown [s\src\hotspot\share\classfile\systemDictionary.cpp, line 256]
Event: 3.405 Thread 0x000002b43efac030 Exception <a 'java/lang/NoSuchMethodError'{0x000000008678a540}: 'void java.lang.invoke.DirectMethodHandle$Holder.invokeVirtual(java.lang.Object, java.lang.Object)'> (0x000000008678a540) 
thrown [s\src\hotspot\share\interpreter\linkResolver.cpp, line 771]
Event: 3.481 Thread 0x000002b43efac030 Exception <a 'java/lang/NoSuchMethodError'{0x0000000087b67578}: 'void java.lang.invoke.DirectMethodHandle$Holder.invokeStatic(java.lang.Object, java.lang.Object, java.lang.Object, java.lang.Object, java.lang.Object, java.lang.Object)'> (0x0000000087b67578) 
thrown [s\src\hotspot\share\interpreter\linkResolver.cpp, line 771]

VM Operations (20 events):
Event: 3.452 Executing VM operation: G1TryInitiateConcMark done
Event: 3.466 Executing VM operation: G1Concurrent
Event: 3.467 Executing VM operation: G1Concurrent done
Event: 3.476 Executing VM operation: G1Concurrent
Event: 3.476 Executing VM operation: G1Concurrent done
Event: 3.555 Executing VM operation: HandshakeAllThreads
Event: 3.555 Executing VM operation: HandshakeAllThreads done
Event: 3.606 Executing VM operation: G1CollectForAllocation
Event: 3.608 Executing VM operation: G1CollectForAllocation done
Event: 3.615 Executing VM operation: HandshakeAllThreads
Event: 3.615 Executing VM operation: HandshakeAllThreads done
Event: 3.627 Executing VM operation: HandshakeAllThreads
Event: 3.627 Executing VM operation: HandshakeAllThreads done
Event: 3.629 Executing VM operation: HandshakeAllThreads
Event: 3.629 Executing VM operation: HandshakeAllThreads done
Event: 3.645 Executing VM operation: HandshakeAllThreads
Event: 3.645 Executing VM operation: HandshakeAllThreads done
Event: 3.653 Executing VM operation: ICBufferFull
Event: 3.653 Executing VM operation: ICBufferFull done
Event: 3.741 Executing VM operation: G1CollectForAllocation

Events (20 events):
Event: 3.540 loading class java/util/stream/SortedOps$SizedIntSortingSink
Event: 3.540 loading class java/util/stream/SortedOps$AbstractIntSortingSink
Event: 3.540 loading class java/util/stream/SortedOps$AbstractIntSortingSink done
Event: 3.540 loading class java/util/stream/SortedOps$SizedIntSortingSink done
Event: 3.541 loading class java/io/InvalidClassException
Event: 3.541 loading class java/io/InvalidClassException done
Event: 3.555 loading class java/util/ArrayList$ListItr
Event: 3.555 loading class java/util/ArrayList$ListItr done
Event: 3.569 loading class java/util/concurrent/locks/ReentrantReadWriteLock$FairSync
Event: 3.569 loading class java/util/concurrent/locks/ReentrantReadWriteLock$FairSync done
Event: 3.630 loading class java/util/concurrent/atomic/AtomicIntegerArray
Event: 3.630 loading class java/util/concurrent/atomic/AtomicIntegerArray done
Event: 3.630 loading class java/lang/invoke/VarHandleInts$Array
Event: 3.630 loading class java/lang/invoke/VarHandleInts$Array done
Event: 3.687 loading class java/util/stream/ReferencePipeline$4
Event: 3.688 loading class java/util/stream/ReferencePipeline$4 done
Event: 3.688 loading class java/util/stream/ReferencePipeline$4$1
Event: 3.688 loading class java/util/stream/ReferencePipeline$4$1 done
Event: 3.697 loading class java/util/Collections$SingletonMap
Event: 3.697 loading class java/util/Collections$SingletonMap done


Dynamic libraries:
0x00007ff6b7e30000 - 0x00007ff6b7e3a000 	C:\Program Files\Android\Android Studio1\jbr\bin\java.exe
0x00007ffaa5b10000 - 0x00007ffaa5d24000 	C:\WINDOWS\SYSTEM32\ntdll.dll
0x00007ffaa47c0000 - 0x00007ffaa4882000 	C:\WINDOWS\System32\KERNEL32.DLL
0x00007ffaa3230000 - 0x00007ffaa35d3000 	C:\WINDOWS\System32\KERNELBASE.dll
0x00007ffa9ff50000 - 0x00007ffa9ffe7000 	C:\WINDOWS\SYSTEM32\apphelp.dll
0x00007ffaa30a0000 - 0x00007ffaa31b1000 	C:\WINDOWS\System32\ucrtbase.dll
0x00007ffa477b0000 - 0x00007ffa477cb000 	C:\Program Files\Android\Android Studio1\jbr\bin\VCRUNTIME140.dll
0x00007ffa34660000 - 0x00007ffa34677000 	C:\Program Files\Android\Android Studio1\jbr\bin\jli.dll
0x00007ffaa4e90000 - 0x00007ffaa503b000 	C:\WINDOWS\System32\USER32.dll
0x00007ffaa38e0000 - 0x00007ffaa3906000 	C:\WINDOWS\System32\win32u.dll
0x00007ffaa4410000 - 0x00007ffaa4439000 	C:\WINDOWS\System32\GDI32.dll
0x00007ffa8ca50000 - 0x00007ffa8ccde000 	C:\WINDOWS\WinSxS\amd64_microsoft.windows.common-controls_6595b64144ccf1df_6.0.22621.1635_none_270f70857386168e\COMCTL32.dll
0x00007ffaa3680000 - 0x00007ffaa3798000 	C:\WINDOWS\System32\gdi32full.dll
0x00007ffaa4d20000 - 0x00007ffaa4dc7000 	C:\WINDOWS\System32\msvcrt.dll
0x00007ffaa35e0000 - 0x00007ffaa367a000 	C:\WINDOWS\System32\msvcp_win.dll
0x00007ffaa5040000 - 0x00007ffaa5071000 	C:\WINDOWS\System32\IMM32.DLL
0x00007ffa47ac0000 - 0x00007ffa47acc000 	C:\Program Files\Android\Android Studio1\jbr\bin\vcruntime140_1.dll
0x00007ff9e8320000 - 0x00007ff9e83ad000 	C:\Program Files\Android\Android Studio1\jbr\bin\msvcp140.dll
0x00007ff9d0800000 - 0x00007ff9d146d000 	C:\Program Files\Android\Android Studio1\jbr\bin\server\jvm.dll
0x00007ffaa3a40000 - 0x00007ffaa3aee000 	C:\WINDOWS\System32\ADVAPI32.dll
0x00007ffaa4de0000 - 0x00007ffaa4e84000 	C:\WINDOWS\System32\sechost.dll
0x00007ffaa3910000 - 0x00007ffaa3a27000 	C:\WINDOWS\System32\RPCRT4.dll
0x00007ffa9a440000 - 0x00007ffa9a474000 	C:\WINDOWS\SYSTEM32\WINMM.dll
0x00007ffa9e1b0000 - 0x00007ffa9e1b9000 	C:\WINDOWS\SYSTEM32\WSOCK32.dll
0x00007ffa9ac90000 - 0x00007ffa9ac9a000 	C:\WINDOWS\SYSTEM32\VERSION.dll
0x00007ffaa3cf0000 - 0x00007ffaa3d61000 	C:\WINDOWS\System32\WS2_32.dll
0x00007ffaa2070000 - 0x00007ffaa2088000 	C:\WINDOWS\SYSTEM32\kernel.appcore.dll
0x00007ffa77900000 - 0x00007ffa7790a000 	C:\Program Files\Android\Android Studio1\jbr\bin\jimage.dll
0x00007ffaa0460000 - 0x00007ffaa068e000 	C:\WINDOWS\SYSTEM32\DBGHELP.DLL
0x00007ffaa4990000 - 0x00007ffaa4d19000 	C:\WINDOWS\System32\combase.dll
0x00007ffaa44c0000 - 0x00007ffaa4597000 	C:\WINDOWS\System32\OLEAUT32.dll
0x00007ffa91f80000 - 0x00007ffa91fb2000 	C:\WINDOWS\SYSTEM32\dbgcore.DLL
0x00007ffaa3860000 - 0x00007ffaa38db000 	C:\WINDOWS\System32\bcryptPrimitives.dll
0x00007ffa704a0000 - 0x00007ffa704c5000 	C:\Program Files\Android\Android Studio1\jbr\bin\java.dll
0x00007ffa6a050000 - 0x00007ffa6a068000 	C:\Program Files\Android\Android Studio1\jbr\bin\zip.dll
0x00007ffaa52b0000 - 0x00007ffaa5aaa000 	C:\WINDOWS\System32\SHELL32.dll
0x00007ffaa0f30000 - 0x00007ffaa17fe000 	C:\WINDOWS\SYSTEM32\windows.storage.dll
0x00007ffaa0df0000 - 0x00007ffaa0f2e000 	C:\WINDOWS\SYSTEM32\wintypes.dll
0x00007ffaa4310000 - 0x00007ffaa4401000 	C:\WINDOWS\System32\SHCORE.dll
0x00007ffaa5250000 - 0x00007ffaa52ae000 	C:\WINDOWS\System32\shlwapi.dll
0x00007ffaa2e60000 - 0x00007ffaa2e81000 	C:\WINDOWS\SYSTEM32\profapi.dll
0x00007ffa5cd20000 - 0x00007ffa5cd39000 	C:\Program Files\Android\Android Studio1\jbr\bin\net.dll
0x00007ffa9d5f0000 - 0x00007ffa9d727000 	C:\WINDOWS\SYSTEM32\WINHTTP.dll
0x00007ffaa24e0000 - 0x00007ffaa2549000 	C:\WINDOWS\system32\mswsock.dll
0x00007ffa48210000 - 0x00007ffa48226000 	C:\Program Files\Android\Android Studio1\jbr\bin\nio.dll
0x00007ffa5cd10000 - 0x00007ffa5cd20000 	C:\Program Files\Android\Android Studio1\jbr\bin\verify.dll
0x00007ffa34680000 - 0x00007ffa346a7000 	C:\Users\ֺ\.gradle\native\e1d6ef7f7dcc3fd88c89a11ec53ec762bb8ba0a96d01ffa2cd45eb1d1d8dd5c5\windows-amd64\native-platform.dll
0x00007ff9e61f0000 - 0x00007ff9e6334000 	C:\Users\ֺ\.gradle\native\5664cfc778a61ccfe75a443a1ab52a65af34e5dc3c78e0209fed803814484fcb\windows-amd64\native-platform-file-events.dll
0x00007ffa70490000 - 0x00007ffa70499000 	C:\Program Files\Android\Android Studio1\jbr\bin\management.dll
0x00007ffa6a040000 - 0x00007ffa6a04b000 	C:\Program Files\Android\Android Studio1\jbr\bin\management_ext.dll
0x00007ffaa5240000 - 0x00007ffaa5248000 	C:\WINDOWS\System32\PSAPI.DLL
0x00007ffaa2740000 - 0x00007ffaa275b000 	C:\WINDOWS\SYSTEM32\CRYPTSP.dll
0x00007ffaa1fe0000 - 0x00007ffaa2015000 	C:\WINDOWS\system32\rsaenh.dll
0x00007ffaa25e0000 - 0x00007ffaa2608000 	C:\WINDOWS\SYSTEM32\USERENV.dll
0x00007ffaa28e0000 - 0x00007ffaa2908000 	C:\WINDOWS\SYSTEM32\bcrypt.dll
0x00007ffaa2760000 - 0x00007ffaa276c000 	C:\WINDOWS\SYSTEM32\CRYPTBASE.dll
0x00007ffaa1b20000 - 0x00007ffaa1b4d000 	C:\WINDOWS\SYSTEM32\IPHLPAPI.DLL
0x00007ffaa4dd0000 - 0x00007ffaa4dd9000 	C:\WINDOWS\System32\NSI.dll
0x00007ffa9b020000 - 0x00007ffa9b039000 	C:\WINDOWS\SYSTEM32\dhcpcsvc6.DLL
0x00007ffa9aca0000 - 0x00007ffa9acbf000 	C:\WINDOWS\SYSTEM32\dhcpcsvc.DLL
0x00007ffaa1b50000 - 0x00007ffaa1c43000 	C:\WINDOWS\SYSTEM32\DNSAPI.dll
0x00007ffa81900000 - 0x00007ffa81908000 	C:\WINDOWS\system32\wshunix.dll

dbghelp: loaded successfully - version: 4.0.5 - missing functions: none
symbol engine: initialized successfully - sym options: 0x614 - pdb path: .;C:\Program Files\Android\Android Studio1\jbr\bin;C:\WINDOWS\SYSTEM32;C:\WINDOWS\WinSxS\amd64_microsoft.windows.common-controls_6595b64144ccf1df_6.0.22621.1635_none_270f70857386168e;C:\Program Files\Android\Android Studio1\jbr\bin\server;C:\Users\ֺ\.gradle\native\e1d6ef7f7dcc3fd88c89a11ec53ec762bb8ba0a96d01ffa2cd45eb1d1d8dd5c5\windows-am;C:\Users\ֺ\.gradle\native\e1d6ef7f7dcc3fd88c89a11ec53ec762bb8ba0a96d01ffa2cd45eb1d1d8dd5c5\windows-amd64;C:\Users\ֺ\.gradle\native\5664cfc778a61ccfe75a443a1ab52a65af34e5dc3c78e0209fed803814484fcb\wind;C:\Users\ֺ\.gradle\native\5664cfc778a61ccfe75a443a1ab52a65af34e5dc3c78e0209fed803814484fcb\w;C:\Users\ֺ\.gradle\native\5664cfc778a61ccfe75a443a1ab52a65af34e5dc3c78e0209fed803814484fc;C:\Users\ֺ\.gradle\native\5664cfc778a61ccfe75a443a1ab52a65af34e5dc3c78e0209fed80381448

VM Arguments:
jvm_args: --add-opens=java.base/java.util=ALL-UNNAMED --add-opens=java.base/java.lang=ALL-UNNAMED --add-opens=java.base/java.lang.invoke=ALL-UNNAMED --add-opens=java.base/java.util=ALL-UNNAMED --add-opens=java.prefs/java.util.prefs=ALL-UNNAMED --add-opens=java.prefs/java.util.prefs=ALL-UNNAMED --add-opens=java.base/java.nio.charset=ALL-UNNAMED --add-opens=java.base/java.net=ALL-UNNAMED --add-opens=java.base/java.util.concurrent.atomic=ALL-UNNAMED -Xmx2048m -Dfile.encoding=UTF-8 -Duser.country=KR -Duser.language=ko -Duser.variant 
java_command: org.gradle.launcher.daemon.bootstrap.GradleDaemon 7.2
java_class_path (initial): C:\Users\ֺ\.gradle\wrapper\dists\gradle-7.2-bin\2dnblmf4td7x66yl1d74lt32g\gradle-7.2\lib\gradle-launcher-7.2.jar
Launcher Type: SUN_STANDARD

[Global flags]
     intx CICompilerCount                          = 4                                         {product} {ergonomic}
     uint ConcGCThreads                            = 2                                         {product} {ergonomic}
     uint G1ConcRefinementThreads                  = 8                                         {product} {ergonomic}
   size_t G1HeapRegionSize                         = 1048576                                   {product} {ergonomic}
    uintx GCDrainStackTargetSize                   = 64                                        {product} {ergonomic}
   size_t InitialHeapSize                          = 130023424                                 {product} {ergonomic}
   size_t MarkStackSize                            = 4194304                                   {product} {ergonomic}
   size_t MaxHeapSize                              = 2147483648                                {product} {command line}
   size_t MaxNewSize                               = 1287651328                                {product} {ergonomic}
   size_t MinHeapDeltaBytes                        = 1048576                                   {product} {ergonomic}
   size_t MinHeapSize                              = 8388608                                   {product} {ergonomic}
    uintx NonNMethodCodeHeapSize                   = 5839372                                {pd product} {ergonomic}
    uintx NonProfiledCodeHeapSize                  = 122909434                              {pd product} {ergonomic}
    uintx ProfiledCodeHeapSize                     = 122909434                              {pd product} {ergonomic}
    uintx ReservedCodeCacheSize                    = 251658240                              {pd product} {ergonomic}
     bool SegmentedCodeCache                       = true                                      {product} {ergonomic}
   size_t SoftMaxHeapSize                          = 2147483648                             {manageable} {ergonomic}
     bool UseCompressedClassPointers               = true                           {product lp64_product} {ergonomic}
     bool UseCompressedOops                        = true                           {product lp64_product} {ergonomic}
     bool UseG1GC                                  = true                                      {product} {ergonomic}
     bool UseLargePagesIndividualAllocation        = false                                  {pd product} {ergonomic}

Logging:
Log output configuration:
 #0: stdout all=warning uptime,level,tags
 #1: stderr all=off uptime,level,tags

Environment Variables:
JAVA_HOME=C:\Program Files\Java\jdk-11.0.16.1\
PATH=C:\Program Files\Eclipse Foundation\jdk-11.0.12.7-hotspot\bin;C:\Program Files\Common Files\Oracle\Java\javapath;C:\WINDOWS\system32;C:\WINDOWS;C:\WINDOWS\System32\Wbem;C:\WINDOWS\System32\WindowsPowerShell\v1.0\;C:\WINDOWS\System32\OpenSSH\;C:\Program Files\Java\jdk-11.0.16.1\\bin\;C:\Program Files\Git\cmd;C:\Program Files (x86)\Trotec\Common Files\SQLite.Interop;C:\Program Files\Trotec\Common Files\SQLite.Interop;C:\Program Files\nodejs\;C:\Program Files\Bandizip\;C:\Program Files\MySQL\MySQL Server 8.0\bin;% JAVA_HOME%\bin;C:\Program Files\Microsoft SQL Server\130\Tools\Binn\;C:\Program Files\MySQL\MySQL Shell 8.0\bin\;C:\Anaconda3;C:\Anaconda3\Library\mingw-w64\bin;C:\Anaconda3\Library\usr\bin;C:\Anaconda3\Library\bin;C:\Anaconda3\Scripts;C:\Users\ֺ\AppData\Local\Programs\Python\Python39\Scripts\;C:\Users\ֺ\AppData\Local\Programs\Python\Python39\;C:\Users\ֺ\AppData\Local\Microsoft\WindowsApps;C:\Users\ֺ\Desktop\PyCharm Community Edition 2021.1\bin;;C:\Program Files (x86)\Trotec\Common Files\SQLite.Interop;C:\Program Files\Trotec\Common Files\SQLite.Interop;C:\Users\ֺ\AppData\Roaming\npm;C:\Users\ֺ\AppData\Local\Programs\Microsoft VS Code\bin;C:\Program Files\JetBrains\IntelliJ IDEA Community Edition 2022.2\bin;;C:\Program Files\JetBrains\IntelliJ IDEA 2022.2\bin;;C:\Program Files\MariaDB 10.6\bin;
USERNAME=ֺ
OS=Windows_NT
PROCESSOR_IDENTIFIER=Intel64 Family 6 Model 140 Stepping 1, GenuineIntel
TMP=C:\Users\ֺ\AppData\Local\Temp
TEMP=C:\Users\ֺ\AppData\Local\Temp



---------------  S Y S T E M  ---------------

OS:
 Windows 11 , 64 bit Build 22621 (10.0.22621.1635)
OS uptime: 10 days 7:20 hours

CPU: total 8 (initial active 8) (4 cores per cpu, 2 threads per core) family 6 model 140 stepping 1 microcode 0x8a, cx8, cmov, fxsr, ht, mmx, 3dnowpref, sse, sse2, sse3, ssse3, sse4.1, sse4.2, popcnt, lzcnt, tsc, tscinvbit, avx, avx2, aes, erms, clmul, bmi1, bmi2, adx, avx512f, avx512dq, avx512cd, avx512bw, avx512vl, sha, fma, vzeroupper, avx512_vpopcntdq, avx512_vpclmulqdq, avx512_vaes, avx512_vnni, clflush, clflushopt, clwb, avx512_vbmi2, avx512_vbmi

Memory: 4k page, system-wide physical 7900M (413M free)
TotalPageFile size 28732M (AvailPageFile size 11M)
current process WorkingSet (physical memory assigned to process): 305M, peak: 305M
current process commit charge ("private bytes"): 342M, peak: 371M

vm_info: OpenJDK 64-Bit Server VM (17.0.6+0-b2043.56-9586694) for windows-amd64 JRE (17.0.6+0-b2043.56-9586694), built on Feb  9 2023 20:06:20 by "androidbuild" with MS VC++ 16.10 / 16.11 (VS2019)

END.
