#
# There is insufficient memory for the Java Runtime Environment to continue.
# Native memory allocation (malloc) failed to allocate 1591584 bytes for Chunk::new
# Possible reasons:
#   The system is out of physical RAM or swap space
#   The process is running with CompressedOops enabled, and the Java Heap may be blocking the growth of the native heap
# Possible solutions:
#   Reduce memory load on the system
#   Increase physical memory or swap space
#   Check if swap backing store is full
#   Decrease Java heap size (-Xmx/-Xms)
#   Decrease number of Java threads
#   Decrease Java thread stack sizes (-Xss)
#   Set larger code cache with -XX:ReservedCodeCacheSize=
#   JVM is running with Unscaled Compressed Oops mode in which the Java heap is
#     placed in the first 4GB address space. The Java Heap base address is the
#     maximum limit for the native heap growth. Please use -XX:HeapBaseMinAddress
#     to set the Java Heap base and to place the Java Heap above 4GB virtual address.
# This output file may be truncated or incomplete.
#
#  Out of Memory Error (arena.cpp:189), pid=7960, tid=15532
#
# JRE version: OpenJDK Runtime Environment (17.0.6) (build 17.0.6+0-b2043.56-9586694)
# Java VM: OpenJDK 64-Bit Server VM (17.0.6+0-b2043.56-9586694, mixed mode, tiered, compressed oops, compressed class ptrs, g1 gc, windows-amd64)
# No core dump will be written. Minidumps are not enabled by default on client versions of Windows
#

---------------  S U M M A R Y ------------

Command Line: --add-opens=java.base/java.util=ALL-UNNAMED --add-opens=java.base/java.lang=ALL-UNNAMED --add-opens=java.base/java.lang.invoke=ALL-UNNAMED --add-opens=java.base/java.util=ALL-UNNAMED --add-opens=java.prefs/java.util.prefs=ALL-UNNAMED --add-opens=java.prefs/java.util.prefs=ALL-UNNAMED --add-opens=java.base/java.nio.charset=ALL-UNNAMED --add-opens=java.base/java.net=ALL-UNNAMED --add-opens=java.base/java.util.concurrent.atomic=ALL-UNNAMED -Xmx2048m -Dfile.encoding=UTF-8 -Duser.country=KR -Duser.language=ko -Duser.variant org.gradle.launcher.daemon.bootstrap.GradleDaemon 7.2

Host: 11th Gen Intel(R) Core(TM) i5-1135G7 @ 2.40GHz, 8 cores, 7G,  Windows 11 , 64 bit Build 22621 (10.0.22621.1635)
Time: Mon May 29 22:25:39 2023  Windows 11 , 64 bit Build 22621 (10.0.22621.1635) elapsed time: 5.018665 seconds (0d 0h 0m 5s)

---------------  T H R E A D  ---------------

Current thread (0x000002334a4841f0):  JavaThread "C2 CompilerThread0" daemon [_thread_in_native, id=15532, stack(0x000000ebafb00000,0x000000ebafc00000)]


Current CompileTask:
C2:   5018 5013 %     4       groovyjarjarantlr4.v4.runtime.atn.LexerATNSimulator::getReachableConfigSet @ 9 (198 bytes)

Stack: [0x000000ebafb00000,0x000000ebafc00000]
Native frames: (J=compiled Java code, j=interpreted, Vv=VM code, C=native code)
V  [jvm.dll+0x683b4a]
V  [jvm.dll+0x842654]
V  [jvm.dll+0x843dfe]
V  [jvm.dll+0x844463]
V  [jvm.dll+0x249b75]
V  [jvm.dll+0xabcac]
V  [jvm.dll+0xac27c]
V  [jvm.dll+0x368857]
V  [jvm.dll+0x1bced2]
V  [jvm.dll+0x21c359]
V  [jvm.dll+0x21b621]
V  [jvm.dll+0x1a4fdd]
V  [jvm.dll+0x22b098]
V  [jvm.dll+0x229159]
V  [jvm.dll+0x7f809c]
V  [jvm.dll+0x7f25fa]
V  [jvm.dll+0x682985]
C  [ucrtbase.dll+0x29363]
C  [KERNEL32.DLL+0x126ad]
C  [ntdll.dll+0x5a9f8]


---------------  P R O C E S S  ---------------

Threads class SMR info:
_java_thread_list=0x000002334ecef990, length=42, elements={
0x000002332da5d140, 0x000002334a430020, 0x000002334a4308e0, 0x000002334a4685e0,
0x000002334a468ea0, 0x000002334a46a070, 0x000002334a46b040, 0x000002334a4841f0,
0x000002334a486ca0, 0x000002334a4885b0, 0x000002334a63f010, 0x000002334a622070,
0x000002334a62cca0, 0x000002334b7b9830, 0x000002334b6b3020, 0x000002334b8b4180,
0x000002334d0fd860, 0x000002334bd92460, 0x000002334bedc8e0, 0x000002334b605fd0,
0x000002334b6064a0, 0x000002334be0e3d0, 0x000002334be0d090, 0x000002334be0e8a0,
0x000002334be0d560, 0x000002334be0df00, 0x000002334be0aee0, 0x000002334be0da30,
0x000002334be0b3b0, 0x000002334be0b880, 0x000002334be0bd50, 0x000002334be0c220,
0x000002334be0cbc0, 0x000002334be0c6f0, 0x000002334fc54c00, 0x000002334fc52580,
0x000002334fc568e0, 0x000002334fc57c20, 0x000002334fc52a50, 0x000002334fc533f0,
0x000002334fc538c0, 0x000002334fc55f40
}

Java Threads: ( => current thread )
  0x000002332da5d140 JavaThread "main" [_thread_blocked, id=19760, stack(0x000000ebaee00000,0x000000ebaef00000)]
  0x000002334a430020 JavaThread "Reference Handler" daemon [_thread_blocked, id=25292, stack(0x000000ebaf500000,0x000000ebaf600000)]
  0x000002334a4308e0 JavaThread "Finalizer" daemon [_thread_blocked, id=5712, stack(0x000000ebaf600000,0x000000ebaf700000)]
  0x000002334a4685e0 JavaThread "Signal Dispatcher" daemon [_thread_blocked, id=12000, stack(0x000000ebaf700000,0x000000ebaf800000)]
  0x000002334a468ea0 JavaThread "Attach Listener" daemon [_thread_blocked, id=940, stack(0x000000ebaf800000,0x000000ebaf900000)]
  0x000002334a46a070 JavaThread "Service Thread" daemon [_thread_blocked, id=8904, stack(0x000000ebaf900000,0x000000ebafa00000)]
  0x000002334a46b040 JavaThread "Monitor Deflation Thread" daemon [_thread_blocked, id=10348, stack(0x000000ebafa00000,0x000000ebafb00000)]
=>0x000002334a4841f0 JavaThread "C2 CompilerThread0" daemon [_thread_in_native, id=15532, stack(0x000000ebafb00000,0x000000ebafc00000)]
  0x000002334a486ca0 JavaThread "C1 CompilerThread0" daemon [_thread_blocked, id=8980, stack(0x000000ebafc00000,0x000000ebafd00000)]
  0x000002334a4885b0 JavaThread "Sweeper thread" daemon [_thread_blocked, id=15340, stack(0x000000ebafd00000,0x000000ebafe00000)]
  0x000002334a63f010 JavaThread "Common-Cleaner" daemon [_thread_blocked, id=2444, stack(0x000000ebafe00000,0x000000ebaff00000)]
  0x000002334a622070 JavaThread "Notification Thread" daemon [_thread_blocked, id=8916, stack(0x000000ebaff00000,0x000000ebb0000000)]
  0x000002334a62cca0 JavaThread "C2 CompilerThread1" daemon [_thread_in_native, id=18640, stack(0x000000ebb0100000,0x000000ebb0200000)]
  0x000002334b7b9830 JavaThread "Daemon health stats" [_thread_blocked, id=18464, stack(0x000000ebb0700000,0x000000ebb0800000)]
  0x000002334b6b3020 JavaThread "Incoming local TCP Connector on port 54533" [_thread_in_native, id=18100, stack(0x000000ebb0800000,0x000000ebb0900000)]
  0x000002334b8b4180 JavaThread "Daemon periodic checks" [_thread_blocked, id=10804, stack(0x000000ebb0900000,0x000000ebb0a00000)]
  0x000002334d0fd860 JavaThread "Daemon" [_thread_blocked, id=4360, stack(0x000000ebb0a00000,0x000000ebb0b00000)]
  0x000002334bd92460 JavaThread "Handler for socket connection from /127.0.0.1:54533 to /127.0.0.1:54534" [_thread_in_native, id=10616, stack(0x000000ebb0b00000,0x000000ebb0c00000)]
  0x000002334bedc8e0 JavaThread "Cancel handler" [_thread_blocked, id=1252, stack(0x000000ebb0c00000,0x000000ebb0d00000)]
  0x000002334b605fd0 JavaThread "Daemon worker" [_thread_in_Java, id=8964, stack(0x000000ebb0d00000,0x000000ebb0e00000)]
  0x000002334b6064a0 JavaThread "Asynchronous log dispatcher for DefaultDaemonConnection: socket connection from /127.0.0.1:54533 to /127.0.0.1:54534" [_thread_blocked, id=5936, stack(0x000000ebb0e00000,0x000000ebb0f00000)]
  0x000002334be0e3d0 JavaThread "Stdin handler" [_thread_blocked, id=16164, stack(0x000000ebb0f00000,0x000000ebb1000000)]
  0x000002334be0d090 JavaThread "Daemon client event forwarder" [_thread_blocked, id=13564, stack(0x000000ebb1000000,0x000000ebb1100000)]
  0x000002334be0e8a0 JavaThread "Cache worker for journal cache (C:\Users\최보현\.gradle\caches\journal-1)" [_thread_blocked, id=11076, stack(0x000000ebb1400000,0x000000ebb1500000)]
  0x000002334be0d560 JavaThread "File lock request listener" [_thread_in_native, id=24520, stack(0x000000ebb1500000,0x000000ebb1600000)]
  0x000002334be0df00 JavaThread "Cache worker for file hash cache (C:\Users\최보현\.gradle\caches\7.2\fileHashes)" [_thread_blocked, id=19756, stack(0x000000ebb1600000,0x000000ebb1700000)]
  0x000002334be0aee0 JavaThread "Cache worker for file hash cache (C:\android_practice\NaverMap\.gradle\7.2\fileHashes)" [_thread_blocked, id=12920, stack(0x000000ebb1700000,0x000000ebb1800000)]
  0x000002334be0da30 JavaThread "File watcher server" daemon [_thread_in_native, id=5420, stack(0x000000ebb1800000,0x000000ebb1900000)]
  0x000002334be0b3b0 JavaThread "File watcher consumer" daemon [_thread_blocked, id=24400, stack(0x000000ebb1900000,0x000000ebb1a00000)]
  0x000002334be0b880 JavaThread "jar transforms" [_thread_blocked, id=20692, stack(0x000000ebb1a00000,0x000000ebb1b00000)]
  0x000002334be0bd50 JavaThread "jar transforms Thread 2" [_thread_blocked, id=11452, stack(0x000000ebb1b00000,0x000000ebb1c00000)]
  0x000002334be0c220 JavaThread "jar transforms Thread 3" [_thread_blocked, id=14980, stack(0x000000ebb1c00000,0x000000ebb1d00000)]
  0x000002334be0cbc0 JavaThread "jar transforms Thread 4" [_thread_blocked, id=15564, stack(0x000000ebb1d00000,0x000000ebb1e00000)]
  0x000002334be0c6f0 JavaThread "jar transforms Thread 5" [_thread_blocked, id=4988, stack(0x000000ebb1e00000,0x000000ebb1f00000)]
  0x000002334fc54c00 JavaThread "jar transforms Thread 6" [_thread_blocked, id=12492, stack(0x000000ebb1f00000,0x000000ebb2000000)]
  0x000002334fc52580 JavaThread "jar transforms Thread 7" [_thread_blocked, id=332, stack(0x000000ebb2000000,0x000000ebb2100000)]
  0x000002334fc568e0 JavaThread "jar transforms Thread 8" [_thread_blocked, id=13376, stack(0x000000ebb2100000,0x000000ebb2200000)]
  0x000002334fc57c20 JavaThread "Cache worker for checksums cache (C:\android_practice\NaverMap\.gradle\checksums)" [_thread_blocked, id=13780, stack(0x000000ebb2200000,0x000000ebb2300000)]
  0x000002334fc52a50 JavaThread "Cache worker for cache directory md-supplier (C:\Users\최보현\.gradle\caches\7.2\md-supplier)" [_thread_blocked, id=23764, stack(0x000000ebb2300000,0x000000ebb2400000)]
  0x000002334fc533f0 JavaThread "Cache worker for cache directory md-rule (C:\Users\최보현\.gradle\caches\7.2\md-rule)" [_thread_blocked, id=8424, stack(0x000000ebb2400000,0x000000ebb2500000)]
  0x000002334fc538c0 JavaThread "Cache worker for execution history cache (C:\Users\최보현\.gradle\caches\7.2\executionHistory)" [_thread_blocked, id=6796, stack(0x000000ebb2500000,0x000000ebb2600000)]
  0x000002334fc55f40 JavaThread "Cache worker for file content cache (C:\Users\최보현\.gradle\caches\7.2\fileContent)" [_thread_blocked, id=8768, stack(0x000000ebb2600000,0x000000ebb2700000)]

Other Threads:
  0x000002334910eb00 VMThread "VM Thread" [stack: 0x000000ebaf400000,0x000000ebaf500000] [id=21520]
  0x000002334a622950 WatcherThread [stack: 0x000000ebb0000000,0x000000ebb0100000] [id=14836]
  0x000002332dab8cd0 GCTaskThread "GC Thread#0" [stack: 0x000000ebaef00000,0x000000ebaf000000] [id=24580]
  0x000002334b3256b0 GCTaskThread "GC Thread#1" [stack: 0x000000ebb0300000,0x000000ebb0400000] [id=7496]
  0x000002334b33aac0 GCTaskThread "GC Thread#2" [stack: 0x000000ebb0400000,0x000000ebb0500000] [id=1144]
  0x000002334b063110 GCTaskThread "GC Thread#3" [stack: 0x000000ebb0500000,0x000000ebb0600000] [id=9316]
  0x000002334b891360 GCTaskThread "GC Thread#4" [stack: 0x000000ebb0600000,0x000000ebb0700000] [id=8440]
  0x000002334bc0db30 GCTaskThread "GC Thread#5" [stack: 0x000000ebb0200000,0x000000ebb0300000] [id=10120]
  0x000002334bc0d320 GCTaskThread "GC Thread#6" [stack: 0x000000ebb1100000,0x000000ebb1200000] [id=16596]
  0x000002334bc0e5f0 GCTaskThread "GC Thread#7" [stack: 0x000000ebb1200000,0x000000ebb1300000] [id=824]
  0x000002332db09010 ConcurrentGCThread "G1 Main Marker" [stack: 0x000000ebaf000000,0x000000ebaf100000] [id=25356]
  0x000002332db0a9e0 ConcurrentGCThread "G1 Conc#0" [stack: 0x000000ebaf100000,0x000000ebaf200000] [id=6936]
  0x000002334bc0d5d0 ConcurrentGCThread "G1 Conc#1" [stack: 0x000000ebb1300000,0x000000ebb1400000] [id=6284]
  0x0000023348f754f0 ConcurrentGCThread "G1 Refine#0" [stack: 0x000000ebaf200000,0x000000ebaf300000] [id=18812]
  0x0000023348f76cc0 ConcurrentGCThread "G1 Service" [stack: 0x000000ebaf300000,0x000000ebaf400000] [id=16416]

Threads with active compile tasks:
C2 CompilerThread0     5048 5013 %     4       groovyjarjarantlr4.v4.runtime.atn.LexerATNSimulator::getReachableConfigSet @ 9 (198 bytes)
C1 CompilerThread0     5048 5065       2       groovyjarjarantlr4.v4.runtime.dfa.ArrayEdgeMap::get (32 bytes)
C2 CompilerThread1     5048 5028       4       groovyjarjarantlr4.v4.runtime.atn.ParserATNSimulator::closure (784 bytes)

VM state: not at safepoint (normal execution)

VM Mutex/Monitor currently owned by a thread:  ([mutex/lock_event])
[0x000002332da59360] CodeCache_lock - owner thread: 0x000002334a486ca0
[0x000002332da592d0] Compile_lock - owner thread: 0x000002334a486ca0
[0x000002332da58ca0] MethodCompileQueue_lock - owner thread: 0x000002334a486ca0

Heap address: 0x0000000080000000, size: 2048 MB, Compressed Oops mode: 32-bit

CDS archive(s) not mapped
Compressed class space mapped at: 0x0000000100000000-0x0000000140000000, reserved size: 1073741824
Narrow klass base: 0x0000000000000000, Narrow klass shift: 3, Narrow klass range: 0x140000000

GC Precious Log:
 CPUs: 8 total, 8 available
 Memory: 7900M
 Large Page Support: Disabled
 NUMA Support: Disabled
 Compressed Oops: Enabled (32-bit)
 Heap Region Size: 1M
 Heap Min Capacity: 8M
 Heap Initial Capacity: 124M
 Heap Max Capacity: 2G
 Pre-touch: Disabled
 Parallel Workers: 8
 Concurrent Workers: 2
 Concurrent Refinement Workers: 8
 Periodic GC: Disabled

Heap:
 garbage-first heap   total 162816K, used 100970K [0x0000000080000000, 0x0000000100000000)
  region size 1024K, 11 young (11264K), 2 survivors (2048K)
 Metaspace       used 49369K, committed 49728K, reserved 1097728K
  class space    used 6543K, committed 6720K, reserved 1048576K

Heap Regions: E=young(eden), S=young(survivor), O=old, HS=humongous(starts), HC=humongous(continues), CS=collection set, F=free, OA=open archive, CA=closed archive, TAMS=top-at-mark-start (previous, next)
|   0|0x0000000080000000, 0x0000000080100000, 0x0000000080100000|100%| O|  |TAMS 0x0000000080100000, 0x0000000080000000| Untracked 
|   1|0x0000000080100000, 0x0000000080200000, 0x0000000080200000|100%| O|  |TAMS 0x0000000080200000, 0x0000000080100000| Untracked 
|   2|0x0000000080200000, 0x0000000080300000, 0x0000000080300000|100%| O|  |TAMS 0x0000000080300000, 0x0000000080200000| Untracked 
|   3|0x0000000080300000, 0x0000000080400000, 0x0000000080400000|100%|HS|  |TAMS 0x0000000080400000, 0x0000000080300000| Complete 
|   4|0x0000000080400000, 0x0000000080500000, 0x0000000080500000|100%|HC|  |TAMS 0x0000000080500000, 0x0000000080400000| Complete 
|   5|0x0000000080500000, 0x0000000080600000, 0x0000000080600000|100%|HC|  |TAMS 0x0000000080600000, 0x0000000080500000| Complete 
|   6|0x0000000080600000, 0x0000000080700000, 0x0000000080700000|100%| O|  |TAMS 0x0000000080700000, 0x0000000080600000| Untracked 
|   7|0x0000000080700000, 0x0000000080800000, 0x0000000080800000|100%| O|  |TAMS 0x0000000080800000, 0x0000000080700000| Untracked 
|   8|0x0000000080800000, 0x0000000080900000, 0x0000000080900000|100%| O|  |TAMS 0x0000000080900000, 0x0000000080800000| Untracked 
|   9|0x0000000080900000, 0x0000000080a00000, 0x0000000080a00000|100%| O|  |TAMS 0x0000000080a00000, 0x0000000080900000| Untracked 
|  10|0x0000000080a00000, 0x0000000080a7c600, 0x0000000080b00000| 48%| O|  |TAMS 0x0000000080a7c600, 0x0000000080a00000| Untracked 
|  11|0x0000000080b00000, 0x0000000080c00000, 0x0000000080c00000|100%| O|  |TAMS 0x0000000080c00000, 0x0000000080b00000| Untracked 
|  12|0x0000000080c00000, 0x0000000080d00000, 0x0000000080d00000|100%| O|  |TAMS 0x0000000080d00000, 0x0000000080c00000| Untracked 
|  13|0x0000000080d00000, 0x0000000080e00000, 0x0000000080e00000|100%| O|  |TAMS 0x0000000080e00000, 0x0000000080d00000| Untracked 
|  14|0x0000000080e00000, 0x0000000080f00000, 0x0000000080f00000|100%| O|  |TAMS 0x0000000080f00000, 0x0000000080e00000| Untracked 
|  15|0x0000000080f00000, 0x0000000081000000, 0x0000000081000000|100%| O|  |TAMS 0x0000000081000000, 0x0000000080f00000| Untracked 
|  16|0x0000000081000000, 0x0000000081100000, 0x0000000081100000|100%| O|  |TAMS 0x0000000081100000, 0x0000000081000000| Untracked 
|  17|0x0000000081100000, 0x0000000081200000, 0x0000000081200000|100%| O|  |TAMS 0x0000000081200000, 0x0000000081100000| Untracked 
|  18|0x0000000081200000, 0x0000000081300000, 0x0000000081300000|100%|HS|  |TAMS 0x0000000081300000, 0x0000000081200000| Complete 
|  19|0x0000000081300000, 0x0000000081400000, 0x0000000081400000|100%|HC|  |TAMS 0x0000000081400000, 0x0000000081300000| Complete 
|  20|0x0000000081400000, 0x0000000081500000, 0x0000000081500000|100%|HS|  |TAMS 0x0000000081500000, 0x0000000081400000| Complete 
|  21|0x0000000081500000, 0x0000000081600000, 0x0000000081600000|100%|HC|  |TAMS 0x0000000081600000, 0x0000000081500000| Complete 
|  22|0x0000000081600000, 0x0000000081700000, 0x0000000081700000|100%|HC|  |TAMS 0x0000000081700000, 0x0000000081600000| Complete 
|  23|0x0000000081700000, 0x0000000081800000, 0x0000000081800000|100%| O|  |TAMS 0x0000000081800000, 0x0000000081700000| Untracked 
|  24|0x0000000081800000, 0x0000000081900000, 0x0000000081900000|100%|HS|  |TAMS 0x0000000081900000, 0x0000000081800000| Complete 
|  25|0x0000000081900000, 0x0000000081a00000, 0x0000000081a00000|100%| O|  |TAMS 0x0000000081a00000, 0x0000000081900000| Untracked 
|  26|0x0000000081a00000, 0x0000000081b00000, 0x0000000081b00000|100%|HS|  |TAMS 0x0000000081b00000, 0x0000000081a00000| Complete 
|  27|0x0000000081b00000, 0x0000000081c00000, 0x0000000081c00000|100%|HC|  |TAMS 0x0000000081c00000, 0x0000000081b00000| Complete 
|  28|0x0000000081c00000, 0x0000000081d00000, 0x0000000081d00000|100%|HC|  |TAMS 0x0000000081d00000, 0x0000000081c00000| Complete 
|  29|0x0000000081d00000, 0x0000000081e00000, 0x0000000081e00000|100%|HS|  |TAMS 0x0000000081e00000, 0x0000000081d00000| Complete 
|  30|0x0000000081e00000, 0x0000000081f00000, 0x0000000081f00000|100%|HC|  |TAMS 0x0000000081f00000, 0x0000000081e00000| Complete 
|  31|0x0000000081f00000, 0x0000000082000000, 0x0000000082000000|100%| O|  |TAMS 0x0000000082000000, 0x0000000081f00000| Untracked 
|  32|0x0000000082000000, 0x0000000082100000, 0x0000000082100000|100%|HS|  |TAMS 0x0000000082100000, 0x0000000082000000| Complete 
|  33|0x0000000082100000, 0x0000000082200000, 0x0000000082200000|100%|HC|  |TAMS 0x0000000082200000, 0x0000000082100000| Complete 
|  34|0x0000000082200000, 0x0000000082300000, 0x0000000082300000|100%|HC|  |TAMS 0x0000000082300000, 0x0000000082200000| Complete 
|  35|0x0000000082300000, 0x0000000082400000, 0x0000000082400000|100%|HC|  |TAMS 0x0000000082400000, 0x0000000082300000| Complete 
|  36|0x0000000082400000, 0x0000000082500000, 0x0000000082500000|100%|HC|  |TAMS 0x0000000082500000, 0x0000000082400000| Complete 
|  37|0x0000000082500000, 0x0000000082600000, 0x0000000082600000|100%|HC|  |TAMS 0x0000000082600000, 0x0000000082500000| Complete 
|  38|0x0000000082600000, 0x0000000082700000, 0x0000000082700000|100%| O|  |TAMS 0x0000000082700000, 0x0000000082600000| Untracked 
|  39|0x0000000082700000, 0x0000000082800000, 0x0000000082800000|100%| O|  |TAMS 0x0000000082800000, 0x0000000082700000| Untracked 
|  40|0x0000000082800000, 0x0000000082900000, 0x0000000082900000|100%| O|  |TAMS 0x0000000082900000, 0x0000000082800000| Untracked 
|  41|0x0000000082900000, 0x0000000082a00000, 0x0000000082a00000|100%|HS|  |TAMS 0x0000000082a00000, 0x0000000082900000| Complete 
|  42|0x0000000082a00000, 0x0000000082b00000, 0x0000000082b00000|100%|HC|  |TAMS 0x0000000082b00000, 0x0000000082a00000| Complete 
|  43|0x0000000082b00000, 0x0000000082c00000, 0x0000000082c00000|100%|HC|  |TAMS 0x0000000082c00000, 0x0000000082b00000| Complete 
|  44|0x0000000082c00000, 0x0000000082d00000, 0x0000000082d00000|100%|HC|  |TAMS 0x0000000082d00000, 0x0000000082c00000| Complete 
|  45|0x0000000082d00000, 0x0000000082e00000, 0x0000000082e00000|100%|HC|  |TAMS 0x0000000082e00000, 0x0000000082d00000| Complete 
|  46|0x0000000082e00000, 0x0000000082f00000, 0x0000000082f00000|100%|HC|  |TAMS 0x0000000082f00000, 0x0000000082e00000| Complete 
|  47|0x0000000082f00000, 0x0000000083000000, 0x0000000083000000|100%|HC|  |TAMS 0x0000000083000000, 0x0000000082f00000| Complete 
|  48|0x0000000083000000, 0x0000000083100000, 0x0000000083100000|100%|HC|  |TAMS 0x0000000083100000, 0x0000000083000000| Complete 
|  49|0x0000000083100000, 0x0000000083200000, 0x0000000083200000|100%|HC|  |TAMS 0x0000000083200000, 0x0000000083100000| Complete 
|  50|0x0000000083200000, 0x0000000083300000, 0x0000000083300000|100%|HC|  |TAMS 0x0000000083300000, 0x0000000083200000| Complete 
|  51|0x0000000083300000, 0x0000000083400000, 0x0000000083400000|100%|HS|  |TAMS 0x0000000083400000, 0x0000000083300000| Complete 
|  52|0x0000000083400000, 0x0000000083500000, 0x0000000083500000|100%|HC|  |TAMS 0x0000000083500000, 0x0000000083400000| Complete 
|  53|0x0000000083500000, 0x0000000083600000, 0x0000000083600000|100%| O|  |TAMS 0x0000000083600000, 0x0000000083500000| Untracked 
|  54|0x0000000083600000, 0x0000000083700000, 0x0000000083700000|100%| O|  |TAMS 0x0000000083700000, 0x0000000083600000| Untracked 
|  55|0x0000000083700000, 0x0000000083800000, 0x0000000083800000|100%| O|  |TAMS 0x0000000083800000, 0x0000000083700000| Untracked 
|  56|0x0000000083800000, 0x0000000083900000, 0x0000000083900000|100%| O|  |TAMS 0x0000000083900000, 0x0000000083800000| Untracked 
|  57|0x0000000083900000, 0x0000000083a00000, 0x0000000083a00000|100%| O|  |TAMS 0x0000000083a00000, 0x0000000083900000| Untracked 
|  58|0x0000000083a00000, 0x0000000083b00000, 0x0000000083b00000|100%| O|  |TAMS 0x0000000083b00000, 0x0000000083a00000| Untracked 
|  59|0x0000000083b00000, 0x0000000083c00000, 0x0000000083c00000|100%| O|  |TAMS 0x0000000083c00000, 0x0000000083b00000| Untracked 
|  60|0x0000000083c00000, 0x0000000083d00000, 0x0000000083d00000|100%| O|  |TAMS 0x0000000083d00000, 0x0000000083c00000| Untracked 
|  61|0x0000000083d00000, 0x0000000083e00000, 0x0000000083e00000|100%| O|  |TAMS 0x0000000083e00000, 0x0000000083d00000| Untracked 
|  62|0x0000000083e00000, 0x0000000083f00000, 0x0000000083f00000|100%| O|  |TAMS 0x0000000083f00000, 0x0000000083e00000| Untracked 
|  63|0x0000000083f00000, 0x0000000084000000, 0x0000000084000000|100%| O|  |TAMS 0x0000000084000000, 0x0000000083f00000| Untracked 
|  64|0x0000000084000000, 0x0000000084100000, 0x0000000084100000|100%| O|  |TAMS 0x0000000084100000, 0x0000000084000000| Untracked 
|  65|0x0000000084100000, 0x0000000084200000, 0x0000000084200000|100%|HS|  |TAMS 0x0000000084200000, 0x0000000084100000| Complete 
|  66|0x0000000084200000, 0x0000000084300000, 0x0000000084300000|100%|HC|  |TAMS 0x0000000084300000, 0x0000000084200000| Complete 
|  67|0x0000000084300000, 0x0000000084400000, 0x0000000084400000|100%|HC|  |TAMS 0x0000000084400000, 0x0000000084300000| Complete 
|  68|0x0000000084400000, 0x0000000084500000, 0x0000000084500000|100%|HS|  |TAMS 0x0000000084500000, 0x0000000084400000| Complete 
|  69|0x0000000084500000, 0x0000000084600000, 0x0000000084600000|100%|HC|  |TAMS 0x0000000084600000, 0x0000000084500000| Complete 
|  70|0x0000000084600000, 0x0000000084700000, 0x0000000084700000|100%| O|  |TAMS 0x0000000084680400, 0x0000000084600000| Untracked 
|  71|0x0000000084700000, 0x0000000084800000, 0x0000000084800000|100%|HS|  |TAMS 0x0000000084800000, 0x0000000084700000| Complete 
|  72|0x0000000084800000, 0x0000000084900000, 0x0000000084900000|100%|HC|  |TAMS 0x0000000084900000, 0x0000000084800000| Complete 
|  73|0x0000000084900000, 0x0000000084a00000, 0x0000000084a00000|100%|HC|  |TAMS 0x0000000084a00000, 0x0000000084900000| Complete 
|  74|0x0000000084a00000, 0x0000000084b00000, 0x0000000084b00000|100%|HC|  |TAMS 0x0000000084b00000, 0x0000000084a00000| Complete 
|  75|0x0000000084b00000, 0x0000000084c00000, 0x0000000084c00000|100%|HC|  |TAMS 0x0000000084c00000, 0x0000000084b00000| Complete 
|  76|0x0000000084c00000, 0x0000000084d00000, 0x0000000084d00000|100%|HC|  |TAMS 0x0000000084d00000, 0x0000000084c00000| Complete 
|  77|0x0000000084d00000, 0x0000000084e00000, 0x0000000084e00000|100%|HC|  |TAMS 0x0000000084e00000, 0x0000000084d00000| Complete 
|  78|0x0000000084e00000, 0x0000000084f00000, 0x0000000084f00000|100%|HC|  |TAMS 0x0000000084f00000, 0x0000000084e00000| Complete 
|  79|0x0000000084f00000, 0x0000000085000000, 0x0000000085000000|100%|HC|  |TAMS 0x0000000085000000, 0x0000000084f00000| Complete 
|  80|0x0000000085000000, 0x0000000085100000, 0x0000000085100000|100%|HC|  |TAMS 0x0000000085100000, 0x0000000085000000| Complete 
|  81|0x0000000085100000, 0x0000000085200000, 0x0000000085200000|100%|HC|  |TAMS 0x0000000085200000, 0x0000000085100000| Complete 
|  82|0x0000000085200000, 0x0000000085300000, 0x0000000085300000|100%|HS|  |TAMS 0x0000000085300000, 0x0000000085200000| Complete 
|  83|0x0000000085300000, 0x0000000085400000, 0x0000000085400000|100%|HC|  |TAMS 0x0000000085400000, 0x0000000085300000| Complete 
|  84|0x0000000085400000, 0x0000000085500000, 0x0000000085500000|100%| O|  |TAMS 0x0000000085400000, 0x0000000085400000| Untracked 
|  85|0x0000000085500000, 0x0000000085600000, 0x0000000085600000|100%| O|  |TAMS 0x0000000085500000, 0x0000000085500000| Untracked 
|  86|0x0000000085600000, 0x0000000085638600, 0x0000000085700000| 22%| O|  |TAMS 0x0000000085600000, 0x0000000085600000| Untracked 
|  87|0x0000000085700000, 0x0000000085800000, 0x0000000085800000|100%|HS|  |TAMS 0x0000000085700000, 0x0000000085700000| Complete 
|  88|0x0000000085800000, 0x0000000085900000, 0x0000000085900000|100%|HC|  |TAMS 0x0000000085800000, 0x0000000085800000| Complete 
|  89|0x0000000085900000, 0x0000000085a00000, 0x0000000085a00000|100%|HC|  |TAMS 0x0000000085900000, 0x0000000085900000| Complete 
|  90|0x0000000085a00000, 0x0000000085a00000, 0x0000000085b00000|  0%| F|  |TAMS 0x0000000085a00000, 0x0000000085a00000| Untracked 
|  91|0x0000000085b00000, 0x0000000085b00000, 0x0000000085c00000|  0%| F|  |TAMS 0x0000000085b00000, 0x0000000085b00000| Untracked 
|  92|0x0000000085c00000, 0x0000000085c00000, 0x0000000085d00000|  0%| F|  |TAMS 0x0000000085c00000, 0x0000000085c00000| Untracked 
|  93|0x0000000085d00000, 0x0000000085d00000, 0x0000000085e00000|  0%| F|  |TAMS 0x0000000085d00000, 0x0000000085d00000| Untracked 
|  94|0x0000000085e00000, 0x0000000085e00000, 0x0000000085f00000|  0%| F|  |TAMS 0x0000000085e00000, 0x0000000085e00000| Untracked 
|  95|0x0000000085f00000, 0x0000000085f00000, 0x0000000086000000|  0%| F|  |TAMS 0x0000000085f00000, 0x0000000085f00000| Untracked 
|  96|0x0000000086000000, 0x0000000086000000, 0x0000000086100000|  0%| F|  |TAMS 0x0000000086000000, 0x0000000086000000| Untracked 
|  97|0x0000000086100000, 0x0000000086100000, 0x0000000086200000|  0%| F|  |TAMS 0x0000000086100000, 0x0000000086100000| Untracked 
|  98|0x0000000086200000, 0x0000000086200000, 0x0000000086300000|  0%| F|  |TAMS 0x0000000086200000, 0x0000000086200000| Untracked 
|  99|0x0000000086300000, 0x0000000086300000, 0x0000000086400000|  0%| F|  |TAMS 0x0000000086300000, 0x0000000086300000| Untracked 
| 100|0x0000000086400000, 0x0000000086400000, 0x0000000086500000|  0%| F|  |TAMS 0x0000000086400000, 0x0000000086400000| Untracked 
| 101|0x0000000086500000, 0x0000000086500000, 0x0000000086600000|  0%| F|  |TAMS 0x0000000086500000, 0x0000000086500000| Untracked 
| 102|0x0000000086600000, 0x0000000086600000, 0x0000000086700000|  0%| F|  |TAMS 0x0000000086600000, 0x0000000086600000| Untracked 
| 103|0x0000000086700000, 0x0000000086700000, 0x0000000086800000|  0%| F|  |TAMS 0x0000000086700000, 0x0000000086700000| Untracked 
| 104|0x0000000086800000, 0x0000000086800000, 0x0000000086900000|  0%| F|  |TAMS 0x0000000086800000, 0x0000000086800000| Untracked 
| 105|0x0000000086900000, 0x0000000086900000, 0x0000000086a00000|  0%| F|  |TAMS 0x0000000086900000, 0x0000000086900000| Untracked 
| 106|0x0000000086a00000, 0x0000000086a00000, 0x0000000086b00000|  0%| F|  |TAMS 0x0000000086a00000, 0x0000000086a00000| Untracked 
| 107|0x0000000086b00000, 0x0000000086b00000, 0x0000000086c00000|  0%| F|  |TAMS 0x0000000086b00000, 0x0000000086b00000| Untracked 
| 108|0x0000000086c00000, 0x0000000086c00000, 0x0000000086d00000|  0%| F|  |TAMS 0x0000000086c00000, 0x0000000086c00000| Untracked 
| 109|0x0000000086d00000, 0x0000000086d00000, 0x0000000086e00000|  0%| F|  |TAMS 0x0000000086d00000, 0x0000000086d00000| Untracked 
| 110|0x0000000086e00000, 0x0000000086e00000, 0x0000000086f00000|  0%| F|  |TAMS 0x0000000086e00000, 0x0000000086e00000| Untracked 
| 111|0x0000000086f00000, 0x0000000086f00000, 0x0000000087000000|  0%| F|  |TAMS 0x0000000086f00000, 0x0000000086f00000| Untracked 
| 112|0x0000000087000000, 0x0000000087000000, 0x0000000087100000|  0%| F|  |TAMS 0x0000000087000000, 0x0000000087000000| Untracked 
| 113|0x0000000087100000, 0x0000000087100000, 0x0000000087200000|  0%| F|  |TAMS 0x0000000087100000, 0x0000000087100000| Untracked 
| 114|0x0000000087200000, 0x0000000087200000, 0x0000000087300000|  0%| F|  |TAMS 0x0000000087200000, 0x0000000087200000| Untracked 
| 115|0x0000000087300000, 0x0000000087300000, 0x0000000087400000|  0%| F|  |TAMS 0x0000000087300000, 0x0000000087300000| Untracked 
| 116|0x0000000087400000, 0x0000000087400000, 0x0000000087500000|  0%| F|  |TAMS 0x0000000087400000, 0x0000000087400000| Untracked 
| 117|0x0000000087500000, 0x0000000087500000, 0x0000000087600000|  0%| F|  |TAMS 0x0000000087500000, 0x0000000087500000| Untracked 
| 118|0x0000000087600000, 0x0000000087600000, 0x0000000087700000|  0%| F|  |TAMS 0x0000000087600000, 0x0000000087600000| Untracked 
| 119|0x0000000087700000, 0x0000000087700000, 0x0000000087800000|  0%| F|  |TAMS 0x0000000087700000, 0x0000000087700000| Untracked 
| 120|0x0000000087800000, 0x0000000087800000, 0x0000000087900000|  0%| F|  |TAMS 0x0000000087800000, 0x0000000087800000| Untracked 
| 121|0x0000000087900000, 0x0000000087900000, 0x0000000087a00000|  0%| F|  |TAMS 0x0000000087900000, 0x0000000087900000| Untracked 
| 122|0x0000000087a00000, 0x0000000087a00000, 0x0000000087b00000|  0%| F|  |TAMS 0x0000000087a00000, 0x0000000087a00000| Untracked 
| 123|0x0000000087b00000, 0x0000000087b00000, 0x0000000087c00000|  0%| F|  |TAMS 0x0000000087b00000, 0x0000000087b00000| Untracked 
| 124|0x0000000087c00000, 0x0000000087c00000, 0x0000000087d00000|  0%| F|  |TAMS 0x0000000087c00000, 0x0000000087c00000| Untracked 
| 125|0x0000000087d00000, 0x0000000087d00000, 0x0000000087e00000|  0%| F|  |TAMS 0x0000000087d00000, 0x0000000087d00000| Untracked 
| 126|0x0000000087e00000, 0x0000000087e00000, 0x0000000087f00000|  0%| F|  |TAMS 0x0000000087e00000, 0x0000000087e00000| Untracked 
| 127|0x0000000087f00000, 0x0000000087f00000, 0x0000000088000000|  0%| F|  |TAMS 0x0000000087f00000, 0x0000000087f00000| Untracked 
| 128|0x0000000088000000, 0x0000000088000000, 0x0000000088100000|  0%| F|  |TAMS 0x0000000088000000, 0x0000000088000000| Untracked 
| 129|0x0000000088100000, 0x0000000088100000, 0x0000000088200000|  0%| F|  |TAMS 0x0000000088100000, 0x0000000088100000| Untracked 
| 130|0x0000000088200000, 0x0000000088200000, 0x0000000088300000|  0%| F|  |TAMS 0x0000000088200000, 0x0000000088200000| Untracked 
| 131|0x0000000088300000, 0x0000000088300000, 0x0000000088400000|  0%| F|  |TAMS 0x0000000088300000, 0x0000000088300000| Untracked 
| 132|0x0000000088400000, 0x0000000088400000, 0x0000000088500000|  0%| F|  |TAMS 0x0000000088400000, 0x0000000088400000| Untracked 
| 133|0x0000000088500000, 0x0000000088500000, 0x0000000088600000|  0%| F|  |TAMS 0x0000000088500000, 0x0000000088500000| Untracked 
| 134|0x0000000088600000, 0x0000000088600000, 0x0000000088700000|  0%| F|  |TAMS 0x0000000088600000, 0x0000000088600000| Untracked 
| 135|0x0000000088700000, 0x0000000088700000, 0x0000000088800000|  0%| F|  |TAMS 0x0000000088700000, 0x0000000088700000| Untracked 
| 136|0x0000000088800000, 0x00000000888e5eb0, 0x0000000088900000| 89%| S|CS|TAMS 0x0000000088800000, 0x0000000088800000| Complete 
| 137|0x0000000088900000, 0x0000000088a00000, 0x0000000088a00000|100%| S|CS|TAMS 0x0000000088900000, 0x0000000088900000| Complete 
| 138|0x0000000088a00000, 0x0000000088a00000, 0x0000000088b00000|  0%| F|  |TAMS 0x0000000088a00000, 0x0000000088a00000| Untracked 
| 139|0x0000000088b00000, 0x0000000088b00000, 0x0000000088c00000|  0%| F|  |TAMS 0x0000000088b00000, 0x0000000088b00000| Untracked 
| 140|0x0000000088c00000, 0x0000000088c00000, 0x0000000088d00000|  0%| F|  |TAMS 0x0000000088c00000, 0x0000000088c00000| Untracked 
| 141|0x0000000088d00000, 0x0000000088d00000, 0x0000000088e00000|  0%| F|  |TAMS 0x0000000088d00000, 0x0000000088d00000| Untracked 
| 142|0x0000000088e00000, 0x0000000088e00000, 0x0000000088f00000|  0%| F|  |TAMS 0x0000000088e00000, 0x0000000088e00000| Untracked 
| 143|0x0000000088f00000, 0x0000000088f00000, 0x0000000089000000|  0%| F|  |TAMS 0x0000000088f00000, 0x0000000088f00000| Untracked 
| 144|0x0000000089000000, 0x0000000089000000, 0x0000000089100000|  0%| F|  |TAMS 0x0000000089000000, 0x0000000089000000| Untracked 
| 145|0x0000000089100000, 0x0000000089100000, 0x0000000089200000|  0%| F|  |TAMS 0x0000000089100000, 0x0000000089100000| Untracked 
| 146|0x0000000089200000, 0x0000000089200000, 0x0000000089300000|  0%| F|  |TAMS 0x0000000089200000, 0x0000000089200000| Untracked 
| 147|0x0000000089300000, 0x0000000089300000, 0x0000000089400000|  0%| F|  |TAMS 0x0000000089300000, 0x0000000089300000| Untracked 
| 148|0x0000000089400000, 0x0000000089400000, 0x0000000089500000|  0%| F|  |TAMS 0x0000000089400000, 0x0000000089400000| Untracked 
| 149|0x0000000089500000, 0x0000000089580800, 0x0000000089600000| 50%| E|  |TAMS 0x0000000089500000, 0x0000000089500000| Complete 
| 150|0x0000000089600000, 0x0000000089700000, 0x0000000089700000|100%| E|CS|TAMS 0x0000000089600000, 0x0000000089600000| Complete 
| 151|0x0000000089700000, 0x0000000089800000, 0x0000000089800000|100%| E|CS|TAMS 0x0000000089700000, 0x0000000089700000| Complete 
| 152|0x0000000089800000, 0x0000000089900000, 0x0000000089900000|100%| E|CS|TAMS 0x0000000089800000, 0x0000000089800000| Complete 
| 153|0x0000000089900000, 0x0000000089a00000, 0x0000000089a00000|100%| E|CS|TAMS 0x0000000089900000, 0x0000000089900000| Complete 
| 154|0x0000000089a00000, 0x0000000089b00000, 0x0000000089b00000|100%| E|CS|TAMS 0x0000000089a00000, 0x0000000089a00000| Complete 
| 155|0x0000000089b00000, 0x0000000089c00000, 0x0000000089c00000|100%| E|CS|TAMS 0x0000000089b00000, 0x0000000089b00000| Complete 
| 156|0x0000000089c00000, 0x0000000089d00000, 0x0000000089d00000|100%| E|CS|TAMS 0x0000000089c00000, 0x0000000089c00000| Complete 
| 157|0x0000000089d00000, 0x0000000089e00000, 0x0000000089e00000|100%| E|CS|TAMS 0x0000000089d00000, 0x0000000089d00000| Complete 
| 158|0x0000000089e00000, 0x0000000089f00000, 0x0000000089f00000|100%| E|CS|TAMS 0x0000000089e00000, 0x0000000089e00000| Complete 

Card table byte_map: [0x0000023342570000,0x0000023342970000] _byte_map_base: 0x0000023342170000

Marking Bits (Prev, Next): (CMBitMap*) 0x000002332dab92e0, (CMBitMap*) 0x000002332dab9320
 Prev Bits: [0x0000023342d70000, 0x0000023344d70000)
 Next Bits: [0x0000023344d70000, 0x0000023346d70000)

Polling page: 0x000002332db10000

Metaspace:

Usage:
  Non-class:     41.82 MB used.
      Class:      6.39 MB used.
       Both:     48.21 MB used.

Virtual space:
  Non-class space:       48.00 MB reserved,      42.00 MB ( 88%) committed,  6 nodes.
      Class space:        1.00 GB reserved,       6.56 MB ( <1%) committed,  1 nodes.
             Both:        1.05 GB reserved,      48.56 MB (  5%) committed. 

Chunk freelists:
   Non-Class:  1.14 MB
       Class:  1.38 MB
        Both:  2.52 MB

MaxMetaspaceSize: unlimited
CompressedClassSpaceSize: 1.00 GB
Initial GC threshold: 21.00 MB
Current GC threshold: 80.94 MB
CDS: off
MetaspaceReclaimPolicy: balanced
 - commit_granule_bytes: 65536.
 - commit_granule_words: 8192.
 - virtual_space_node_default_size: 1048576.
 - enlarge_chunks_in_place: 1.
 - new_chunks_are_fully_committed: 0.
 - uncommit_free_chunks: 1.
 - use_allocation_guard: 0.
 - handle_deallocations: 1.


Internal statistics:

num_allocs_failed_limit: 3.
num_arena_births: 424.
num_arena_deaths: 0.
num_vsnodes_births: 7.
num_vsnodes_deaths: 0.
num_space_committed: 777.
num_space_uncommitted: 0.
num_chunks_returned_to_freelist: 3.
num_chunks_taken_from_freelist: 1925.
num_chunk_merges: 3.
num_chunk_splits: 1266.
num_chunks_enlarged: 895.
num_purges: 0.
num_inconsistent_stats: 0.

CodeHeap 'non-profiled nmethods': size=120000Kb used=1979Kb max_used=2797Kb free=118020Kb
 bounds [0x000002333a1e0000, 0x000002333a4a0000, 0x0000023341710000]
CodeHeap 'profiled nmethods': size=120000Kb used=8388Kb max_used=9814Kb free=111612Kb
 bounds [0x0000023332710000, 0x00000233330b0000, 0x0000023339c40000]
CodeHeap 'non-nmethods': size=5760Kb used=2318Kb max_used=2356Kb free=3441Kb
 bounds [0x0000023339c40000, 0x0000023339eb0000, 0x000002333a1e0000]
 total_blobs=5101 nmethods=4283 adapters=729
 compilation: enabled
              stopped_count=0, restarted_count=0
 full_count=0

Compilation events (20 events):
Event: 4.943 Thread 0x000002334a486ca0 5052       2       groovyjarjarantlr4.v4.runtime.atn.LexerSkipAction::execute (5 bytes)
Event: 4.943 Thread 0x000002334a486ca0 nmethod 5052 0x0000023332ac8590 code [0x0000023332ac8720, 0x0000023332ac8838]
Event: 4.943 Thread 0x000002334a486ca0 5053       2       groovyjarjarantlr4.v4.runtime.Lexer::skip (7 bytes)
Event: 4.943 Thread 0x000002334a486ca0 nmethod 5053 0x0000023332ae6f90 code [0x0000023332ae7120, 0x0000023332ae7238]
Event: 4.943 Thread 0x000002334a486ca0 5054       2       java.util.TreeMap::addEntryToEmptyMap (37 bytes)
Event: 4.943 Thread 0x000002334a486ca0 nmethod 5054 0x0000023332f39c90 code [0x0000023332f39e60, 0x0000023332f3a1d8]
Event: 4.946 Thread 0x000002334a486ca0 5055   !   2       groovyjarjarantlr4.v4.runtime.dfa.HashEdgeMap::toMap (88 bytes)
Event: 4.947 Thread 0x000002334a486ca0 nmethod 5055 0x0000023332770810 code [0x0000023332770a00, 0x0000023332770f08]
Event: 4.948 Thread 0x000002334a62cca0 nmethod 5011% 0x000002333a23dc90 code [0x000002333a23e000, 0x000002333a2419c0]
Event: 4.948 Thread 0x000002334a62cca0 5028       4       groovyjarjarantlr4.v4.runtime.atn.ParserATNSimulator::closure (784 bytes)
Event: 4.955 Thread 0x000002334a486ca0 5056       2       java.util.AbstractMap::isEmpty (13 bytes)
Event: 4.956 Thread 0x000002334a486ca0 nmethod 5056 0x0000023332b43910 code [0x0000023332b43aa0, 0x0000023332b43be8]
Event: 4.957 Thread 0x000002334a486ca0 5057 %     3       groovyjarjarantlr4.v4.runtime.atn.PredictionContext::join @ 170 (569 bytes)
Event: 4.959 Thread 0x000002334a486ca0 nmethod 5057% 0x0000023332f70f90 code [0x0000023332f71540, 0x0000023332f74f68]
Event: 4.959 Thread 0x000002334a486ca0 5058       3       groovyjarjarantlr4.v4.runtime.atn.PredictionContext::join (569 bytes)
Event: 4.960 Thread 0x000002334a486ca0 nmethod 5058 0x000002333273a010 code [0x000002333273a560, 0x000002333273db88]
Event: 4.988 Thread 0x000002334a486ca0 5061   !   2       org.apache.groovy.parser.antlr4.GroovyParser::nls (193 bytes)
Event: 4.989 Thread 0x000002334a486ca0 nmethod 5061 0x0000023332b1ca90 code [0x0000023332b1cce0, 0x0000023332b1d2f8]
Event: 4.989 Thread 0x000002334a486ca0 5062       2       org.apache.groovy.parser.antlr4.GroovyParser$NlsContext::<init> (7 bytes)
Event: 4.989 Thread 0x000002334a486ca0 nmethod 5062 0x000002333291ba90 code [0x000002333291bc20, 0x000002333291bdb8]

GC Heap History (20 events):
Event: 3.395 GC heap before
{Heap before GC invocations=15 (full 0):
 garbage-first heap   total 99328K, used 79172K [0x0000000080000000, 0x0000000100000000)
  region size 1024K, 22 young (22528K), 3 survivors (3072K)
 Metaspace       used 39694K, committed 40064K, reserved 1089536K
  class space    used 5252K, committed 5440K, reserved 1048576K
}
Event: 3.398 GC heap after
{Heap after GC invocations=16 (full 0):
 garbage-first heap   total 99328K, used 61448K [0x0000000080000000, 0x0000000100000000)
  region size 1024K, 2 young (2048K), 2 survivors (2048K)
 Metaspace       used 39694K, committed 40064K, reserved 1089536K
  class space    used 5252K, committed 5440K, reserved 1048576K
}
Event: 3.430 GC heap before
{Heap before GC invocations=17 (full 0):
 garbage-first heap   total 106496K, used 64520K [0x0000000080000000, 0x0000000100000000)
  region size 1024K, 6 young (6144K), 2 survivors (2048K)
 Metaspace       used 39924K, committed 40320K, reserved 1089536K
  class space    used 5274K, committed 5440K, reserved 1048576K
}
Event: 3.431 GC heap after
{Heap after GC invocations=18 (full 0):
 garbage-first heap   total 106496K, used 62546K [0x0000000080000000, 0x0000000100000000)
  region size 1024K, 2 young (2048K), 2 survivors (2048K)
 Metaspace       used 39924K, committed 40320K, reserved 1089536K
  class space    used 5274K, committed 5440K, reserved 1048576K
}
Event: 3.730 GC heap before
{Heap before GC invocations=19 (full 0):
 garbage-first heap   total 114688K, used 87122K [0x0000000080000000, 0x0000000100000000)
  region size 1024K, 23 young (23552K), 2 survivors (2048K)
 Metaspace       used 43363K, committed 43776K, reserved 1089536K
  class space    used 5686K, committed 5888K, reserved 1048576K
}
Event: 3.733 GC heap after
{Heap after GC invocations=20 (full 0):
 garbage-first heap   total 114688K, used 63511K [0x0000000080000000, 0x0000000100000000)
  region size 1024K, 3 young (3072K), 3 survivors (3072K)
 Metaspace       used 43363K, committed 43776K, reserved 1089536K
  class space    used 5686K, committed 5888K, reserved 1048576K
}
Event: 4.071 GC heap before
{Heap before GC invocations=20 (full 0):
 garbage-first heap   total 114688K, used 88087K [0x0000000080000000, 0x0000000100000000)
  region size 1024K, 28 young (28672K), 3 survivors (3072K)
 Metaspace       used 46788K, committed 47168K, reserved 1089536K
  class space    used 6265K, committed 6400K, reserved 1048576K
}
Event: 4.076 GC heap after
{Heap after GC invocations=21 (full 0):
 garbage-first heap   total 138240K, used 65542K [0x0000000080000000, 0x0000000100000000)
  region size 1024K, 4 young (4096K), 4 survivors (4096K)
 Metaspace       used 46788K, committed 47168K, reserved 1089536K
  class space    used 6265K, committed 6400K, reserved 1048576K
}
Event: 4.290 GC heap before
{Heap before GC invocations=22 (full 0):
 garbage-first heap   total 138240K, used 106502K [0x0000000080000000, 0x0000000100000000)
  region size 1024K, 44 young (45056K), 4 survivors (4096K)
 Metaspace       used 46962K, committed 47296K, reserved 1089536K
  class space    used 6274K, committed 6400K, reserved 1048576K
}
Event: 4.295 GC heap after
{Heap after GC invocations=23 (full 0):
 garbage-first heap   total 138240K, used 66859K [0x0000000080000000, 0x0000000100000000)
  region size 1024K, 4 young (4096K), 4 survivors (4096K)
 Metaspace       used 46962K, committed 47296K, reserved 1089536K
  class space    used 6274K, committed 6400K, reserved 1048576K
}
Event: 4.450 GC heap before
{Heap before GC invocations=23 (full 0):
 garbage-first heap   total 138240K, used 108843K [0x0000000080000000, 0x0000000100000000)
  region size 1024K, 45 young (46080K), 4 survivors (4096K)
 Metaspace       used 47012K, committed 47360K, reserved 1097728K
  class space    used 6274K, committed 6400K, reserved 1048576K
}
Event: 4.454 GC heap after
{Heap after GC invocations=24 (full 0):
 garbage-first heap   total 138240K, used 67863K [0x0000000080000000, 0x0000000100000000)
  region size 1024K, 3 young (3072K), 3 survivors (3072K)
 Metaspace       used 47012K, committed 47360K, reserved 1097728K
  class space    used 6274K, committed 6400K, reserved 1048576K
}
Event: 4.749 GC heap before
{Heap before GC invocations=25 (full 0):
 garbage-first heap   total 138240K, used 87319K [0x0000000080000000, 0x0000000100000000)
  region size 1024K, 23 young (23552K), 3 survivors (3072K)
 Metaspace       used 49347K, committed 49728K, reserved 1097728K
  class space    used 6540K, committed 6720K, reserved 1048576K
}
Event: 4.753 GC heap after
{Heap after GC invocations=26 (full 0):
 garbage-first heap   total 138240K, used 69434K [0x0000000080000000, 0x0000000100000000)
  region size 1024K, 4 young (4096K), 4 survivors (4096K)
 Metaspace       used 49347K, committed 49728K, reserved 1097728K
  class space    used 6540K, committed 6720K, reserved 1048576K
}
Event: 4.799 GC heap before
{Heap before GC invocations=27 (full 0):
 garbage-first heap   total 138240K, used 74554K [0x0000000080000000, 0x0000000100000000)
  region size 1024K, 5 young (5120K), 4 survivors (4096K)
 Metaspace       used 49347K, committed 49728K, reserved 1097728K
  class space    used 6540K, committed 6720K, reserved 1048576K
}
Event: 4.802 GC heap after
{Heap after GC invocations=28 (full 0):
 garbage-first heap   total 138240K, used 75224K [0x0000000080000000, 0x0000000100000000)
  region size 1024K, 4 young (4096K), 4 survivors (4096K)
 Metaspace       used 49347K, committed 49728K, reserved 1097728K
  class space    used 6540K, committed 6720K, reserved 1048576K
}
Event: 4.864 GC heap before
{Heap before GC invocations=29 (full 0):
 garbage-first heap   total 148480K, used 88536K [0x0000000080000000, 0x0000000100000000)
  region size 1024K, 5 young (5120K), 4 survivors (4096K)
 Metaspace       used 49347K, committed 49728K, reserved 1097728K
  class space    used 6540K, committed 6720K, reserved 1048576K
}
Event: 4.866 GC heap after
{Heap after GC invocations=30 (full 0):
 garbage-first heap   total 148480K, used 89345K [0x0000000080000000, 0x0000000100000000)
  region size 1024K, 2 young (2048K), 2 survivors (2048K)
 Metaspace       used 49347K, committed 49728K, reserved 1097728K
  class space    used 6540K, committed 6720K, reserved 1048576K
}
Event: 5.009 GC heap before
{Heap before GC invocations=31 (full 0):
 garbage-first heap   total 162816K, used 111873K [0x0000000080000000, 0x0000000100000000)
  region size 1024K, 21 young (21504K), 2 survivors (2048K)
 Metaspace       used 49368K, committed 49728K, reserved 1097728K
  class space    used 6543K, committed 6720K, reserved 1048576K
}
Event: 5.011 GC heap after
{Heap after GC invocations=32 (full 0):
 garbage-first heap   total 162816K, used 92778K [0x0000000080000000, 0x0000000100000000)
  region size 1024K, 2 young (2048K), 2 survivors (2048K)
 Metaspace       used 49368K, committed 49728K, reserved 1097728K
  class space    used 6543K, committed 6720K, reserved 1048576K
}

Dll operation events (2 events):
Event: 0.010 Loaded shared library C:\Program Files\Android\Android Studio1\jbr\bin\java.dll
Event: 0.323 Loaded shared library C:\Program Files\Android\Android Studio1\jbr\bin\verify.dll

Deoptimization events (20 events):
Event: 4.956 Thread 0x000002334b605fd0 DEOPT PACKING pc=0x0000023332e52e83 sp=0x000000ebb0df79c0
Event: 4.956 Thread 0x000002334b605fd0 DEOPT UNPACKING pc=0x0000023339c9ace3 sp=0x000000ebb0df6e60 mode 0
Event: 4.957 Thread 0x000002334b605fd0 Uncommon trap: trap_request=0xffffff45 fr.pc=0x000002333a463930 relative=0x00000000000037b0
Event: 4.957 Thread 0x000002334b605fd0 Uncommon trap: reason=unstable_if action=reinterpret pc=0x000002333a463930 method=groovyjarjarantlr4.v4.runtime.atn.PredictionContextCache$IdentityCommutativePredictionContextOperands.equals(Ljava/lang/Object;)Z @ 40 c2
Event: 4.957 Thread 0x000002334b605fd0 DEOPT PACKING pc=0x000002333a463930 sp=0x000000ebb0df7710
Event: 4.957 Thread 0x000002334b605fd0 DEOPT UNPACKING pc=0x0000023339c9a1a3 sp=0x000000ebb0df7580 mode 2
Event: 4.963 Thread 0x000002334b605fd0 DEOPT PACKING pc=0x0000023332e52e83 sp=0x000000ebb0df79c0
Event: 4.963 Thread 0x000002334b605fd0 DEOPT UNPACKING pc=0x0000023339c9ace3 sp=0x000000ebb0df6e60 mode 0
Event: 4.969 Thread 0x000002334b605fd0 DEOPT PACKING pc=0x0000023332e52e83 sp=0x000000ebb0df79c0
Event: 4.969 Thread 0x000002334b605fd0 DEOPT UNPACKING pc=0x0000023339c9ace3 sp=0x000000ebb0df6e60 mode 0
Event: 4.976 Thread 0x000002334b605fd0 DEOPT PACKING pc=0x0000023332e52e83 sp=0x000000ebb0df74d0
Event: 4.976 Thread 0x000002334b605fd0 DEOPT UNPACKING pc=0x0000023339c9ace3 sp=0x000000ebb0df6970 mode 0
Event: 4.983 Thread 0x000002334b605fd0 DEOPT PACKING pc=0x0000023332e52fbb sp=0x000000ebb0df74d0
Event: 4.983 Thread 0x000002334b605fd0 DEOPT UNPACKING pc=0x0000023339c9ace3 sp=0x000000ebb0df6970 mode 0
Event: 4.991 Thread 0x000002334b605fd0 DEOPT PACKING pc=0x0000023332e52fbb sp=0x000000ebb0df6ee0
Event: 4.991 Thread 0x000002334b605fd0 DEOPT UNPACKING pc=0x0000023339c9ace3 sp=0x000000ebb0df6380 mode 0
Event: 4.998 Thread 0x000002334b605fd0 DEOPT PACKING pc=0x0000023332e52fbb sp=0x000000ebb0df6ee0
Event: 4.998 Thread 0x000002334b605fd0 DEOPT UNPACKING pc=0x0000023339c9ace3 sp=0x000000ebb0df6380 mode 0
Event: 5.012 Thread 0x000002334b605fd0 DEOPT PACKING pc=0x0000023332e52e83 sp=0x000000ebb0df68e0
Event: 5.012 Thread 0x000002334b605fd0 DEOPT UNPACKING pc=0x0000023339c9ace3 sp=0x000000ebb0df5d80 mode 0

Classes unloaded (0 events):
No events

Classes redefined (0 events):
No events

Internal exceptions (20 events):
Event: 3.730 Thread 0x000002334b605fd0 Exception <a 'java/lang/NoSuchMethodError'{0x00000000859faf38}: 'int java.lang.invoke.DirectMethodHandle$Holder.invokeSpecialIFC(java.lang.Object, java.lang.Object, java.lang.Object, java.lang.Object, java.lang.Object)'> (0x00000000859faf38) 
thrown [s\src\hotspot\share\interpreter\linkResolver.cpp, line 771]
Event: 3.748 Thread 0x000002334b605fd0 Exception <a 'java/lang/NoSuchMethodError'{0x0000000087becfb8}: 'java.lang.Object java.lang.invoke.DirectMethodHandle$Holder.newInvokeSpecial(java.lang.Object, java.lang.Object, int)'> (0x0000000087becfb8) 
thrown [s\src\hotspot\share\interpreter\linkResolver.cpp, line 771]
Event: 3.773 Thread 0x000002334b605fd0 Exception <a 'java/lang/NoSuchMethodError'{0x0000000086c13768}: 'int java.lang.invoke.DirectMethodHandle$Holder.invokeStatic(java.lang.Object)'> (0x0000000086c13768) 
thrown [s\src\hotspot\share\interpreter\linkResolver.cpp, line 771]
Event: 3.774 Thread 0x000002334b605fd0 Exception <a 'java/lang/NoSuchMethodError'{0x0000000086c178b0}: 'int java.lang.invoke.DirectMethodHandle$Holder.invokeStaticInit(java.lang.Object)'> (0x0000000086c178b0) 
thrown [s\src\hotspot\share\interpreter\linkResolver.cpp, line 771]
Event: 3.809 Thread 0x000002334be0c220 Exception <a 'sun/nio/fs/WindowsException'{0x0000000086bae4a8}> (0x0000000086bae4a8) 
thrown [s\src\hotspot\share\prims\jni.cpp, line 517]
Event: 3.816 Thread 0x000002334be0c220 Exception <a 'sun/nio/fs/WindowsException'{0x0000000086a04b08}> (0x0000000086a04b08) 
thrown [s\src\hotspot\share\prims\jni.cpp, line 517]
Event: 3.817 Thread 0x000002334be0c220 Exception <a 'sun/nio/fs/WindowsException'{0x0000000086a04c68}> (0x0000000086a04c68) 
thrown [s\src\hotspot\share\prims\jni.cpp, line 517]
Event: 3.824 Thread 0x000002334b605fd0 Exception <a 'java/lang/ClassNotFoundException'{0x0000000086a279a8}: sync_studio_tooling_6km9x3ilj7lw9ksbfxjjlilc5BeanInfo> (0x0000000086a279a8) 
thrown [s\src\hotspot\share\classfile\systemDictionary.cpp, line 256]
Event: 3.824 Thread 0x000002334b605fd0 Exception <a 'java/lang/ClassNotFoundException'{0x0000000086a2d510}: sync_studio_tooling_6km9x3ilj7lw9ksbfxjjlilc5Customizer> (0x0000000086a2d510) 
thrown [s\src\hotspot\share\classfile\systemDictionary.cpp, line 256]
Event: 3.851 Thread 0x000002334b605fd0 Exception <a 'java/lang/NoSuchMethodError'{0x0000000086980e78}: 'void java.lang.invoke.DirectMethodHandle$Holder.invokeVirtual(java.lang.Object, java.lang.Object)'> (0x0000000086980e78) 
thrown [s\src\hotspot\share\interpreter\linkResolver.cpp, line 771]
Event: 3.857 Thread 0x000002334b605fd0 Exception <a 'java/lang/NoSuchMethodError'{0x00000000869c41f8}: 'void java.lang.invoke.DirectMethodHandle$Holder.invokeStatic(java.lang.Object, java.lang.Object, java.lang.Object, java.lang.Object, java.lang.Object, java.lang.Object)'> (0x00000000869c41f8) 
thrown [s\src\hotspot\share\interpreter\linkResolver.cpp, line 771]
Event: 4.486 Thread 0x000002334b605fd0 Implicit null exception at 0x000002333a3bf26c to 0x000002333a3bf314
Event: 4.518 Thread 0x000002334b605fd0 Exception <a 'java/lang/NoSuchMethodError'{0x00000000882c9a60}: 'void java.lang.invoke.DirectMethodHandle$Holder.invokeSpecialIFC(java.lang.Object, java.lang.Object, java.lang.Object)'> (0x00000000882c9a60) 
thrown [s\src\hotspot\share\interpreter\linkResolver.cpp, line 771]
Event: 4.704 Thread 0x000002334fc54c00 Exception <a 'sun/nio/fs/WindowsException'{0x000000008769ab88}> (0x000000008769ab88) 
thrown [s\src\hotspot\share\prims\jni.cpp, line 517]
Event: 4.711 Thread 0x000002334fc54c00 Exception <a 'sun/nio/fs/WindowsException'{0x000000008752d888}> (0x000000008752d888) 
thrown [s\src\hotspot\share\prims\jni.cpp, line 517]
Event: 4.712 Thread 0x000002334fc54c00 Exception <a 'sun/nio/fs/WindowsException'{0x000000008752d9f0}> (0x000000008752d9f0) 
thrown [s\src\hotspot\share\prims\jni.cpp, line 517]
Event: 4.717 Thread 0x000002334b605fd0 Exception <a 'java/lang/ClassNotFoundException'{0x00000000875a2ed8}: ijinit_987mxiu8guhqe0au6arwuxsk6BeanInfo> (0x00000000875a2ed8) 
thrown [s\src\hotspot\share\classfile\systemDictionary.cpp, line 256]
Event: 4.717 Thread 0x000002334b605fd0 Exception <a 'java/lang/ClassNotFoundException'{0x00000000875a8a10}: ijinit_987mxiu8guhqe0au6arwuxsk6Customizer> (0x00000000875a8a10) 
thrown [s\src\hotspot\share\classfile\systemDictionary.cpp, line 256]
Event: 4.721 Thread 0x000002334b605fd0 Exception <a 'java/lang/ClassNotFoundException'{0x00000000875ea660}: ijinit_987mxiu8guhqe0au6arwuxsk6$_run_closure1BeanInfo> (0x00000000875ea660) 
thrown [s\src\hotspot\share\classfile\systemDictionary.cpp, line 256]
Event: 4.722 Thread 0x000002334b605fd0 Exception <a 'java/lang/ClassNotFoundException'{0x00000000875f0878}: ijinit_987mxiu8guhqe0au6arwuxsk6$_run_closure1Customizer> (0x00000000875f0878) 
thrown [s\src\hotspot\share\classfile\systemDictionary.cpp, line 256]

VM Operations (20 events):
Event: 4.749 Executing VM operation: G1TryInitiateConcMark
Event: 4.753 Executing VM operation: G1TryInitiateConcMark done
Event: 4.783 Executing VM operation: G1Concurrent
Event: 4.785 Executing VM operation: G1Concurrent done
Event: 4.798 Executing VM operation: G1Concurrent
Event: 4.798 Executing VM operation: G1Concurrent done
Event: 4.799 Executing VM operation: G1TryInitiateConcMark
Event: 4.802 Executing VM operation: G1TryInitiateConcMark done
Event: 4.833 Executing VM operation: G1Concurrent
Event: 4.834 Executing VM operation: G1Concurrent done
Event: 4.848 Executing VM operation: G1Concurrent
Event: 4.848 Executing VM operation: G1Concurrent done
Event: 4.864 Executing VM operation: G1TryInitiateConcMark
Event: 4.866 Executing VM operation: G1TryInitiateConcMark done
Event: 4.897 Executing VM operation: G1Concurrent
Event: 4.898 Executing VM operation: G1Concurrent done
Event: 4.914 Executing VM operation: G1Concurrent
Event: 4.914 Executing VM operation: G1Concurrent done
Event: 5.009 Executing VM operation: G1CollectForAllocation
Event: 5.011 Executing VM operation: G1CollectForAllocation done

Events (20 events):
Event: 4.636 loading class sun/reflect/generics/repository/FieldRepository
Event: 4.636 loading class sun/reflect/generics/repository/FieldRepository done
Event: 4.639 loading class jdk/internal/vm/annotation/ForceInline
Event: 4.639 loading class jdk/internal/vm/annotation/ForceInline done
Event: 4.659 loading class java/security/PermissionsEnumerator
Event: 4.659 loading class java/security/PermissionsEnumerator done
Event: 4.661 loading class java/util/stream/ReduceOps$5
Event: 4.661 loading class java/util/stream/ReduceOps$5 done
Event: 4.661 loading class java/util/stream/ReduceOps$CountingSink$OfRef
Event: 4.661 loading class java/util/stream/ReduceOps$CountingSink$OfRef done
Event: 4.672 loading class jdk/internal/vm/annotation/Stable
Event: 4.672 loading class jdk/internal/vm/annotation/Stable done
Event: 4.688 loading class jdk/internal/math/FDBigInteger
Event: 4.689 loading class jdk/internal/math/FDBigInteger done
Event: 4.690 loading class sun/nio/cs/ISO_8859_1$Encoder
Event: 4.690 loading class sun/nio/cs/ISO_8859_1$Encoder done
Event: 4.691 loading class sun/nio/cs/Surrogate$Parser
Event: 4.691 loading class sun/nio/cs/Surrogate$Parser done
Event: 4.691 loading class sun/nio/cs/Surrogate
Event: 4.691 loading class sun/nio/cs/Surrogate done


Dynamic libraries:
0x00007ff6b7e30000 - 0x00007ff6b7e3a000 	C:\Program Files\Android\Android Studio1\jbr\bin\java.exe
0x00007ffaa5b10000 - 0x00007ffaa5d24000 	C:\WINDOWS\SYSTEM32\ntdll.dll
0x00007ffaa47c0000 - 0x00007ffaa4882000 	C:\WINDOWS\System32\KERNEL32.DLL
0x00007ffaa3230000 - 0x00007ffaa35d3000 	C:\WINDOWS\System32\KERNELBASE.dll
0x00007ffa9ff50000 - 0x00007ffa9ffe7000 	C:\WINDOWS\SYSTEM32\apphelp.dll
0x00007ffaa30a0000 - 0x00007ffaa31b1000 	C:\WINDOWS\System32\ucrtbase.dll
0x00007ffa34660000 - 0x00007ffa3467b000 	C:\Program Files\Android\Android Studio1\jbr\bin\VCRUNTIME140.dll
0x00007ffa477b0000 - 0x00007ffa477c7000 	C:\Program Files\Android\Android Studio1\jbr\bin\jli.dll
0x00007ffaa4e90000 - 0x00007ffaa503b000 	C:\WINDOWS\System32\USER32.dll
0x00007ffaa38e0000 - 0x00007ffaa3906000 	C:\WINDOWS\System32\win32u.dll
0x00007ffaa4410000 - 0x00007ffaa4439000 	C:\WINDOWS\System32\GDI32.dll
0x00007ffaa3680000 - 0x00007ffaa3798000 	C:\WINDOWS\System32\gdi32full.dll
0x00007ffaa35e0000 - 0x00007ffaa367a000 	C:\WINDOWS\System32\msvcp_win.dll
0x00007ffa8ca50000 - 0x00007ffa8ccde000 	C:\WINDOWS\WinSxS\amd64_microsoft.windows.common-controls_6595b64144ccf1df_6.0.22621.1635_none_270f70857386168e\COMCTL32.dll
0x00007ffaa4d20000 - 0x00007ffaa4dc7000 	C:\WINDOWS\System32\msvcrt.dll
0x00007ffaa5040000 - 0x00007ffaa5071000 	C:\WINDOWS\System32\IMM32.DLL
0x00007ffa47ac0000 - 0x00007ffa47acc000 	C:\Program Files\Android\Android Studio1\jbr\bin\vcruntime140_1.dll
0x00007ff9e8320000 - 0x00007ff9e83ad000 	C:\Program Files\Android\Android Studio1\jbr\bin\msvcp140.dll
0x00007ff9d0800000 - 0x00007ff9d146d000 	C:\Program Files\Android\Android Studio1\jbr\bin\server\jvm.dll
0x00007ffaa3a40000 - 0x00007ffaa3aee000 	C:\WINDOWS\System32\ADVAPI32.dll
0x00007ffaa4de0000 - 0x00007ffaa4e84000 	C:\WINDOWS\System32\sechost.dll
0x00007ffaa3910000 - 0x00007ffaa3a27000 	C:\WINDOWS\System32\RPCRT4.dll
0x00007ffa9a440000 - 0x00007ffa9a474000 	C:\WINDOWS\SYSTEM32\WINMM.dll
0x00007ffa9ac90000 - 0x00007ffa9ac9a000 	C:\WINDOWS\SYSTEM32\VERSION.dll
0x00007ffa9e1b0000 - 0x00007ffa9e1b9000 	C:\WINDOWS\SYSTEM32\WSOCK32.dll
0x00007ffaa3cf0000 - 0x00007ffaa3d61000 	C:\WINDOWS\System32\WS2_32.dll
0x00007ffaa2070000 - 0x00007ffaa2088000 	C:\WINDOWS\SYSTEM32\kernel.appcore.dll
0x00007ffa77900000 - 0x00007ffa7790a000 	C:\Program Files\Android\Android Studio1\jbr\bin\jimage.dll
0x00007ffaa0460000 - 0x00007ffaa068e000 	C:\WINDOWS\SYSTEM32\DBGHELP.DLL
0x00007ffaa4990000 - 0x00007ffaa4d19000 	C:\WINDOWS\System32\combase.dll
0x00007ffaa44c0000 - 0x00007ffaa4597000 	C:\WINDOWS\System32\OLEAUT32.dll
0x00007ffa91f80000 - 0x00007ffa91fb2000 	C:\WINDOWS\SYSTEM32\dbgcore.DLL
0x00007ffaa3860000 - 0x00007ffaa38db000 	C:\WINDOWS\System32\bcryptPrimitives.dll
0x00007ffa704a0000 - 0x00007ffa704c5000 	C:\Program Files\Android\Android Studio1\jbr\bin\java.dll
0x00007ffa6a050000 - 0x00007ffa6a068000 	C:\Program Files\Android\Android Studio1\jbr\bin\zip.dll
0x00007ffaa52b0000 - 0x00007ffaa5aaa000 	C:\WINDOWS\System32\SHELL32.dll
0x00007ffaa0f30000 - 0x00007ffaa17fe000 	C:\WINDOWS\SYSTEM32\windows.storage.dll
0x00007ffaa0df0000 - 0x00007ffaa0f2e000 	C:\WINDOWS\SYSTEM32\wintypes.dll
0x00007ffaa4310000 - 0x00007ffaa4401000 	C:\WINDOWS\System32\SHCORE.dll
0x00007ffaa5250000 - 0x00007ffaa52ae000 	C:\WINDOWS\System32\shlwapi.dll
0x00007ffaa2e60000 - 0x00007ffaa2e81000 	C:\WINDOWS\SYSTEM32\profapi.dll
0x00007ffa5cd20000 - 0x00007ffa5cd39000 	C:\Program Files\Android\Android Studio1\jbr\bin\net.dll
0x00007ffa9d5f0000 - 0x00007ffa9d727000 	C:\WINDOWS\SYSTEM32\WINHTTP.dll
0x00007ffaa24e0000 - 0x00007ffaa2549000 	C:\WINDOWS\system32\mswsock.dll
0x00007ffa48210000 - 0x00007ffa48226000 	C:\Program Files\Android\Android Studio1\jbr\bin\nio.dll
0x00007ffa5cd10000 - 0x00007ffa5cd20000 	C:\Program Files\Android\Android Studio1\jbr\bin\verify.dll
0x00007ffa34680000 - 0x00007ffa346a7000 	C:\Users\ֺ\.gradle\native\e1d6ef7f7dcc3fd88c89a11ec53ec762bb8ba0a96d01ffa2cd45eb1d1d8dd5c5\windows-amd64\native-platform.dll
0x00007ff9e49f0000 - 0x00007ff9e4b34000 	C:\Users\ֺ\.gradle\native\5664cfc778a61ccfe75a443a1ab52a65af34e5dc3c78e0209fed803814484fcb\windows-amd64\native-platform-file-events.dll
0x00007ffa70490000 - 0x00007ffa70499000 	C:\Program Files\Android\Android Studio1\jbr\bin\management.dll
0x00007ffa6a040000 - 0x00007ffa6a04b000 	C:\Program Files\Android\Android Studio1\jbr\bin\management_ext.dll
0x00007ffaa5240000 - 0x00007ffaa5248000 	C:\WINDOWS\System32\PSAPI.DLL
0x00007ffaa2740000 - 0x00007ffaa275b000 	C:\WINDOWS\SYSTEM32\CRYPTSP.dll
0x00007ffaa1fe0000 - 0x00007ffaa2015000 	C:\WINDOWS\system32\rsaenh.dll
0x00007ffaa25e0000 - 0x00007ffaa2608000 	C:\WINDOWS\SYSTEM32\USERENV.dll
0x00007ffaa28e0000 - 0x00007ffaa2908000 	C:\WINDOWS\SYSTEM32\bcrypt.dll
0x00007ffaa2760000 - 0x00007ffaa276c000 	C:\WINDOWS\SYSTEM32\CRYPTBASE.dll
0x00007ffaa1b20000 - 0x00007ffaa1b4d000 	C:\WINDOWS\SYSTEM32\IPHLPAPI.DLL
0x00007ffaa4dd0000 - 0x00007ffaa4dd9000 	C:\WINDOWS\System32\NSI.dll
0x00007ffa9b020000 - 0x00007ffa9b039000 	C:\WINDOWS\SYSTEM32\dhcpcsvc6.DLL
0x00007ffa9aca0000 - 0x00007ffa9acbf000 	C:\WINDOWS\SYSTEM32\dhcpcsvc.DLL
0x00007ffaa1b50000 - 0x00007ffaa1c43000 	C:\WINDOWS\SYSTEM32\DNSAPI.dll
0x00007ffa81900000 - 0x00007ffa81908000 	C:\WINDOWS\system32\wshunix.dll

dbghelp: loaded successfully - version: 4.0.5 - missing functions: none
symbol engine: initialized successfully - sym options: 0x614 - pdb path: .;C:\Program Files\Android\Android Studio1\jbr\bin;C:\WINDOWS\SYSTEM32;C:\WINDOWS\WinSxS\amd64_microsoft.windows.common-controls_6595b64144ccf1df_6.0.22621.1635_none_270f70857386168e;C:\Program Files\Android\Android Studio1\jbr\bin\server;C:\Users\ֺ\.gradle\native\e1d6ef7f7dcc3fd88c89a11ec53ec762bb8ba0a96d01ffa2cd45eb1d1d8dd5c5\windows-am;C:\Users\ֺ\.gradle\native\e1d6ef7f7dcc3fd88c89a11ec53ec762bb8ba0a96d01ffa2cd45eb1d1d8dd5c5\windows-amd64;C:\Users\ֺ\.gradle\native\5664cfc778a61ccfe75a443a1ab52a65af34e5dc3c78e0209fed803814484fcb\wind;C:\Users\ֺ\.gradle\native\5664cfc778a61ccfe75a443a1ab52a65af34e5dc3c78e0209fed803814484fcb\w;C:\Users\ֺ\.gradle\native\5664cfc778a61ccfe75a443a1ab52a65af34e5dc3c78e0209fed803814484fc;C:\Users\ֺ\.gradle\native\5664cfc778a61ccfe75a443a1ab52a65af34e5dc3c78e0209fed80381448

VM Arguments:
jvm_args: --add-opens=java.base/java.util=ALL-UNNAMED --add-opens=java.base/java.lang=ALL-UNNAMED --add-opens=java.base/java.lang.invoke=ALL-UNNAMED --add-opens=java.base/java.util=ALL-UNNAMED --add-opens=java.prefs/java.util.prefs=ALL-UNNAMED --add-opens=java.prefs/java.util.prefs=ALL-UNNAMED --add-opens=java.base/java.nio.charset=ALL-UNNAMED --add-opens=java.base/java.net=ALL-UNNAMED --add-opens=java.base/java.util.concurrent.atomic=ALL-UNNAMED -Xmx2048m -Dfile.encoding=UTF-8 -Duser.country=KR -Duser.language=ko -Duser.variant 
java_command: org.gradle.launcher.daemon.bootstrap.GradleDaemon 7.2
java_class_path (initial): C:\Users\ֺ\.gradle\wrapper\dists\gradle-7.2-bin\2dnblmf4td7x66yl1d74lt32g\gradle-7.2\lib\gradle-launcher-7.2.jar
Launcher Type: SUN_STANDARD

[Global flags]
     intx CICompilerCount                          = 4                                         {product} {ergonomic}
     uint ConcGCThreads                            = 2                                         {product} {ergonomic}
     uint G1ConcRefinementThreads                  = 8                                         {product} {ergonomic}
   size_t G1HeapRegionSize                         = 1048576                                   {product} {ergonomic}
    uintx GCDrainStackTargetSize                   = 64                                        {product} {ergonomic}
   size_t InitialHeapSize                          = 130023424                                 {product} {ergonomic}
   size_t MarkStackSize                            = 4194304                                   {product} {ergonomic}
   size_t MaxHeapSize                              = 2147483648                                {product} {command line}
   size_t MaxNewSize                               = 1287651328                                {product} {ergonomic}
   size_t MinHeapDeltaBytes                        = 1048576                                   {product} {ergonomic}
   size_t MinHeapSize                              = 8388608                                   {product} {ergonomic}
    uintx NonNMethodCodeHeapSize                   = 5839372                                {pd product} {ergonomic}
    uintx NonProfiledCodeHeapSize                  = 122909434                              {pd product} {ergonomic}
    uintx ProfiledCodeHeapSize                     = 122909434                              {pd product} {ergonomic}
    uintx ReservedCodeCacheSize                    = 251658240                              {pd product} {ergonomic}
     bool SegmentedCodeCache                       = true                                      {product} {ergonomic}
   size_t SoftMaxHeapSize                          = 2147483648                             {manageable} {ergonomic}
     bool UseCompressedClassPointers               = true                           {product lp64_product} {ergonomic}
     bool UseCompressedOops                        = true                           {product lp64_product} {ergonomic}
     bool UseG1GC                                  = true                                      {product} {ergonomic}
     bool UseLargePagesIndividualAllocation        = false                                  {pd product} {ergonomic}

Logging:
Log output configuration:
 #0: stdout all=warning uptime,level,tags
 #1: stderr all=off uptime,level,tags

Environment Variables:
JAVA_HOME=C:\Program Files\Java\jdk-11.0.16.1\
PATH=C:\Program Files\Eclipse Foundation\jdk-11.0.12.7-hotspot\bin;C:\Program Files\Common Files\Oracle\Java\javapath;C:\WINDOWS\system32;C:\WINDOWS;C:\WINDOWS\System32\Wbem;C:\WINDOWS\System32\WindowsPowerShell\v1.0\;C:\WINDOWS\System32\OpenSSH\;C:\Program Files\Java\jdk-11.0.16.1\\bin\;C:\Program Files\Git\cmd;C:\Program Files (x86)\Trotec\Common Files\SQLite.Interop;C:\Program Files\Trotec\Common Files\SQLite.Interop;C:\Program Files\nodejs\;C:\Program Files\Bandizip\;C:\Program Files\MySQL\MySQL Server 8.0\bin;% JAVA_HOME%\bin;C:\Program Files\Microsoft SQL Server\130\Tools\Binn\;C:\Program Files\MySQL\MySQL Shell 8.0\bin\;C:\Anaconda3;C:\Anaconda3\Library\mingw-w64\bin;C:\Anaconda3\Library\usr\bin;C:\Anaconda3\Library\bin;C:\Anaconda3\Scripts;C:\Users\ֺ\AppData\Local\Programs\Python\Python39\Scripts\;C:\Users\ֺ\AppData\Local\Programs\Python\Python39\;C:\Users\ֺ\AppData\Local\Microsoft\WindowsApps;C:\Users\ֺ\Desktop\PyCharm Community Edition 2021.1\bin;;C:\Program Files (x86)\Trotec\Common Files\SQLite.Interop;C:\Program Files\Trotec\Common Files\SQLite.Interop;C:\Users\ֺ\AppData\Roaming\npm;C:\Users\ֺ\AppData\Local\Programs\Microsoft VS Code\bin;C:\Program Files\JetBrains\IntelliJ IDEA Community Edition 2022.2\bin;;C:\Program Files\JetBrains\IntelliJ IDEA 2022.2\bin;;C:\Program Files\MariaDB 10.6\bin;
USERNAME=ֺ
OS=Windows_NT
PROCESSOR_IDENTIFIER=Intel64 Family 6 Model 140 Stepping 1, GenuineIntel
TMP=C:\Users\ֺ\AppData\Local\Temp
TEMP=C:\Users\ֺ\AppData\Local\Temp



---------------  S Y S T E M  ---------------

OS:
 Windows 11 , 64 bit Build 22621 (10.0.22621.1635)
OS uptime: 10 days 7:18 hours

CPU: total 8 (initial active 8) (4 cores per cpu, 2 threads per core) family 6 model 140 stepping 1 microcode 0x8a, cx8, cmov, fxsr, ht, mmx, 3dnowpref, sse, sse2, sse3, ssse3, sse4.1, sse4.2, popcnt, lzcnt, tsc, tscinvbit, avx, avx2, aes, erms, clmul, bmi1, bmi2, adx, avx512f, avx512dq, avx512cd, avx512bw, avx512vl, sha, fma, vzeroupper, avx512_vpopcntdq, avx512_vpclmulqdq, avx512_vaes, avx512_vnni, clflush, clflushopt, clwb, avx512_vbmi2, avx512_vbmi

Memory: 4k page, system-wide physical 7900M (429M free)
TotalPageFile size 28732M (AvailPageFile size 4M)
current process WorkingSet (physical memory assigned to process): 325M, peak: 326M
current process commit charge ("private bytes"): 361M, peak: 362M

vm_info: OpenJDK 64-Bit Server VM (17.0.6+0-b2043.56-9586694) for windows-amd64 JRE (17.0.6+0-b2043.56-9586694), built on Feb  9 2023 20:06:20 by "androidbuild" with MS VC++ 16.10 / 16.11 (VS2019)

END.
