#
# There is insufficient memory for the Java Runtime Environment to continue.
# Native memory allocation (malloc) failed to allocate 1101536 bytes for Chunk::new
# Possible reasons:
#   The system is out of physical RAM or swap space
#   The process is running with CompressedOops enabled, and the Java Heap may be blocking the growth of the native heap
# Possible solutions:
#   Reduce memory load on the system
#   Increase physical memory or swap space
#   Check if swap backing store is full
#   Decrease Java heap size (-Xmx/-Xms)
#   Decrease number of Java threads
#   Decrease Java thread stack sizes (-Xss)
#   Set larger code cache with -XX:ReservedCodeCacheSize=
#   JVM is running with Unscaled Compressed Oops mode in which the Java heap is
#     placed in the first 4GB address space. The Java Heap base address is the
#     maximum limit for the native heap growth. Please use -XX:HeapBaseMinAddress
#     to set the Java Heap base and to place the Java Heap above 4GB virtual address.
# This output file may be truncated or incomplete.
#
#  Out of Memory Error (arena.cpp:189), pid=10224, tid=8980
#
# JRE version: OpenJDK Runtime Environment (17.0.6) (build 17.0.6+0-b2043.56-9586694)
# Java VM: OpenJDK 64-Bit Server VM (17.0.6+0-b2043.56-9586694, mixed mode, tiered, compressed oops, compressed class ptrs, g1 gc, windows-amd64)
# No core dump will be written. Minidumps are not enabled by default on client versions of Windows
#

---------------  S U M M A R Y ------------

Command Line: --add-opens=java.base/java.util=ALL-UNNAMED --add-opens=java.base/java.lang=ALL-UNNAMED --add-opens=java.base/java.lang.invoke=ALL-UNNAMED --add-opens=java.base/java.util=ALL-UNNAMED --add-opens=java.prefs/java.util.prefs=ALL-UNNAMED --add-opens=java.prefs/java.util.prefs=ALL-UNNAMED --add-opens=java.base/java.nio.charset=ALL-UNNAMED --add-opens=java.base/java.net=ALL-UNNAMED --add-opens=java.base/java.util.concurrent.atomic=ALL-UNNAMED -Xmx2048m -Dfile.encoding=UTF-8 -Duser.country=KR -Duser.language=ko -Duser.variant org.gradle.launcher.daemon.bootstrap.GradleDaemon 7.2

Host: 11th Gen Intel(R) Core(TM) i5-1135G7 @ 2.40GHz, 8 cores, 7G,  Windows 11 , 64 bit Build 22621 (10.0.22621.1635)
Time: Mon May 29 22:27:33 2023  Windows 11 , 64 bit Build 22621 (10.0.22621.1635) elapsed time: 3.232112 seconds (0d 0h 0m 3s)

---------------  T H R E A D  ---------------

Current thread (0x0000016761f1e280):  JavaThread "C2 CompilerThread1" daemon [_thread_in_native, id=8980, stack(0x000000306c200000,0x000000306c300000)]


Current CompileTask:
C2:   3232 3818       4       org.objectweb.asm.Frame::execute (2318 bytes)

Stack: [0x000000306c200000,0x000000306c300000]
Native frames: (J=compiled Java code, j=interpreted, Vv=VM code, C=native code)
V  [jvm.dll+0x683b4a]
V  [jvm.dll+0x842654]
V  [jvm.dll+0x843dfe]
V  [jvm.dll+0x844463]
V  [jvm.dll+0x249b75]
V  [jvm.dll+0xabcac]
V  [jvm.dll+0xac27c]
V  [jvm.dll+0x2b0eef]
V  [jvm.dll+0x58a207]
V  [jvm.dll+0x2243b2]
V  [jvm.dll+0x22478f]
V  [jvm.dll+0x21e055]
V  [jvm.dll+0x21b51b]
V  [jvm.dll+0x1a4fdd]
V  [jvm.dll+0x22b098]
V  [jvm.dll+0x229159]
V  [jvm.dll+0x7f809c]
V  [jvm.dll+0x7f25fa]
V  [jvm.dll+0x682985]
C  [ucrtbase.dll+0x29363]
C  [KERNEL32.DLL+0x126ad]
C  [ntdll.dll+0x5a9f8]


---------------  P R O C E S S  ---------------

Threads class SMR info:
_java_thread_list=0x00000167677baa40, length=43, elements={
0x000001674521c6a0, 0x0000016761c288c0, 0x0000016761c29470, 0x0000016761c5d520,
0x0000016761c5eef0, 0x0000016761c5f8b0, 0x0000016761c60170, 0x0000016761c7f300,
0x0000016761c81cc0, 0x0000016761c825c0, 0x0000016761e64ae0, 0x0000016761e66fc0,
0x0000016761f1e280, 0x0000016762913370, 0x0000016762769b70, 0x0000016764920fa0,
0x0000016764f913b0, 0x000001676551bfd0, 0x0000016765433910, 0x000001676328b680,
0x0000016763522880, 0x0000016764aeacd0, 0x00000167647943c0, 0x0000016764796570,
0x0000016764795230, 0x0000016764795700, 0x0000016764795bd0, 0x0000016764796a40,
0x0000016764793080, 0x00000167647960a0, 0x0000016764793a20, 0x0000016764793ef0,
0x0000016764794890, 0x0000016764794d60, 0x0000016765d4f350, 0x0000016765d50b60,
0x0000016765d4aff0, 0x0000016765d4fcf0, 0x0000016765d501c0, 0x0000016765d52370,
0x0000016765d4ccd0, 0x0000016765d519d0, 0x0000016765d4db40
}

Java Threads: ( => current thread )
  0x000001674521c6a0 JavaThread "main" [_thread_blocked, id=17076, stack(0x000000306af00000,0x000000306b000000)]
  0x0000016761c288c0 JavaThread "Reference Handler" daemon [_thread_blocked, id=23080, stack(0x000000306b600000,0x000000306b700000)]
  0x0000016761c29470 JavaThread "Finalizer" daemon [_thread_blocked, id=24580, stack(0x000000306b700000,0x000000306b800000)]
  0x0000016761c5d520 JavaThread "Signal Dispatcher" daemon [_thread_blocked, id=25356, stack(0x000000306b800000,0x000000306b900000)]
  0x0000016761c5eef0 JavaThread "Attach Listener" daemon [_thread_blocked, id=6936, stack(0x000000306b900000,0x000000306ba00000)]
  0x0000016761c5f8b0 JavaThread "Service Thread" daemon [_thread_blocked, id=18812, stack(0x000000306ba00000,0x000000306bb00000)]
  0x0000016761c60170 JavaThread "Monitor Deflation Thread" daemon [_thread_blocked, id=16416, stack(0x000000306bb00000,0x000000306bc00000)]
  0x0000016761c7f300 JavaThread "C2 CompilerThread0" daemon [_thread_in_native, id=21520, stack(0x000000306bc00000,0x000000306bd00000)]
  0x0000016761c81cc0 JavaThread "C1 CompilerThread0" daemon [_thread_blocked, id=25292, stack(0x000000306bd00000,0x000000306be00000)]
  0x0000016761c825c0 JavaThread "Sweeper thread" daemon [_thread_blocked, id=5712, stack(0x000000306be00000,0x000000306bf00000)]
  0x0000016761e64ae0 JavaThread "Common-Cleaner" daemon [_thread_blocked, id=12000, stack(0x000000306bf00000,0x000000306c000000)]
  0x0000016761e66fc0 JavaThread "Notification Thread" daemon [_thread_blocked, id=940, stack(0x000000306c000000,0x000000306c100000)]
=>0x0000016761f1e280 JavaThread "C2 CompilerThread1" daemon [_thread_in_native, id=8980, stack(0x000000306c200000,0x000000306c300000)]
  0x0000016762913370 JavaThread "C2 CompilerThread2" daemon [_thread_in_native, id=14836, stack(0x000000306c600000,0x000000306c700000)]
  0x0000016762769b70 JavaThread "Daemon health stats" [_thread_blocked, id=18100, stack(0x000000306c800000,0x000000306c900000)]
  0x0000016764920fa0 JavaThread "Incoming local TCP Connector on port 54650" [_thread_in_native, id=19760, stack(0x000000306c900000,0x000000306ca00000)]
  0x0000016764f913b0 JavaThread "Daemon periodic checks" [_thread_blocked, id=10616, stack(0x000000306ca00000,0x000000306cb00000)]
  0x000001676551bfd0 JavaThread "Daemon" [_thread_blocked, id=8964, stack(0x000000306cb00000,0x000000306cc00000)]
  0x0000016765433910 JavaThread "Handler for socket connection from /127.0.0.1:54650 to /127.0.0.1:54651" [_thread_in_native, id=16164, stack(0x000000306cc00000,0x000000306cd00000)]
  0x000001676328b680 JavaThread "Cancel handler" [_thread_blocked, id=13564, stack(0x000000306cd00000,0x000000306ce00000)]
  0x0000016763522880 JavaThread "Daemon worker" [_thread_in_native, id=5936, stack(0x000000306ce00000,0x000000306cf00000)]
  0x0000016764aeacd0 JavaThread "Asynchronous log dispatcher for DefaultDaemonConnection: socket connection from /127.0.0.1:54650 to /127.0.0.1:54651" [_thread_blocked, id=824, stack(0x000000306cf00000,0x000000306d000000)]
  0x00000167647943c0 JavaThread "Stdin handler" [_thread_blocked, id=6284, stack(0x000000306d000000,0x000000306d100000)]
  0x0000016764796570 JavaThread "Daemon client event forwarder" [_thread_blocked, id=11076, stack(0x000000306d100000,0x000000306d200000)]
  0x0000016764795230 JavaThread "Cache worker for journal cache (C:\Users\최보현\.gradle\caches\journal-1)" [_thread_blocked, id=14980, stack(0x000000306d600000,0x000000306d700000)]
  0x0000016764795700 JavaThread "File lock request listener" [_thread_in_native, id=15564, stack(0x000000306d700000,0x000000306d800000)]
  0x0000016764795bd0 JavaThread "Cache worker for file hash cache (C:\Users\최보현\.gradle\caches\7.2\fileHashes)" [_thread_blocked, id=4988, stack(0x000000306d800000,0x000000306d900000)]
  0x0000016764796a40 JavaThread "Cache worker for file hash cache (C:\android_practice\NaverMap\.gradle\7.2\fileHashes)" [_thread_blocked, id=12492, stack(0x000000306d900000,0x000000306da00000)]
  0x0000016764793080 JavaThread "File watcher server" daemon [_thread_in_native, id=332, stack(0x000000306da00000,0x000000306db00000)]
  0x00000167647960a0 JavaThread "File watcher consumer" daemon [_thread_blocked, id=13376, stack(0x000000306db00000,0x000000306dc00000)]
  0x0000016764793a20 JavaThread "jar transforms" [_thread_blocked, id=13780, stack(0x000000306dc00000,0x000000306dd00000)]
  0x0000016764793ef0 JavaThread "jar transforms Thread 2" [_thread_blocked, id=23764, stack(0x000000306dd00000,0x000000306de00000)]
  0x0000016764794890 JavaThread "jar transforms Thread 3" [_thread_blocked, id=8424, stack(0x000000306de00000,0x000000306df00000)]
  0x0000016764794d60 JavaThread "jar transforms Thread 4" [_thread_blocked, id=6796, stack(0x000000306df00000,0x000000306e000000)]
  0x0000016765d4f350 JavaThread "jar transforms Thread 5" [_thread_blocked, id=8768, stack(0x000000306e000000,0x000000306e100000)]
  0x0000016765d50b60 JavaThread "jar transforms Thread 6" [_thread_blocked, id=25304, stack(0x000000306e100000,0x000000306e200000)]
  0x0000016765d4aff0 JavaThread "jar transforms Thread 7" [_thread_blocked, id=11748, stack(0x000000306e200000,0x000000306e300000)]
  0x0000016765d4fcf0 JavaThread "jar transforms Thread 8" [_thread_blocked, id=9268, stack(0x000000306e300000,0x000000306e400000)]
  0x0000016765d501c0 JavaThread "Cache worker for checksums cache (C:\android_practice\NaverMap\.gradle\checksums)" [_thread_blocked, id=23328, stack(0x000000306e400000,0x000000306e500000)]
  0x0000016765d52370 JavaThread "Cache worker for cache directory md-supplier (C:\Users\최보현\.gradle\caches\7.2\md-supplier)" [_thread_blocked, id=13908, stack(0x000000306e500000,0x000000306e600000)]
  0x0000016765d4ccd0 JavaThread "Cache worker for cache directory md-rule (C:\Users\최보현\.gradle\caches\7.2\md-rule)" [_thread_blocked, id=12904, stack(0x000000306e600000,0x000000306e700000)]
  0x0000016765d519d0 JavaThread "Cache worker for execution history cache (C:\Users\최보현\.gradle\caches\7.2\executionHistory)" [_thread_blocked, id=13756, stack(0x000000306e700000,0x000000306e800000)]
  0x0000016765d4db40 JavaThread "Cache worker for file content cache (C:\Users\최보현\.gradle\caches\7.2\fileContent)" [_thread_blocked, id=18828, stack(0x000000306e800000,0x000000306e900000)]

Other Threads:
  0x0000016760df1bb0 VMThread "VM Thread" [stack: 0x000000306b500000,0x000000306b600000] [id=18340]
  0x0000016761e67490 WatcherThread [stack: 0x000000306c100000,0x000000306c200000] [id=8904]
  0x00000167452776e0 GCTaskThread "GC Thread#0" [stack: 0x000000306b000000,0x000000306b100000] [id=19284]
  0x0000016761e80f60 GCTaskThread "GC Thread#1" [stack: 0x000000306c300000,0x000000306c400000] [id=15340]
  0x0000016761e7f730 GCTaskThread "GC Thread#2" [stack: 0x000000306c400000,0x000000306c500000] [id=2444]
  0x0000016761e801f0 GCTaskThread "GC Thread#3" [stack: 0x000000306c500000,0x000000306c600000] [id=8916]
  0x0000016761e80750 GCTaskThread "GC Thread#4" [stack: 0x000000306c700000,0x000000306c800000] [id=1144]
  0x0000016761e7f9e0 GCTaskThread "GC Thread#5" [stack: 0x000000306d200000,0x000000306d300000] [id=24520]
  0x0000016761e7fc90 GCTaskThread "GC Thread#6" [stack: 0x000000306d300000,0x000000306d400000] [id=19756]
  0x00000167654f8070 GCTaskThread "GC Thread#7" [stack: 0x000000306d400000,0x000000306d500000] [id=12920]
  0x0000016745289630 ConcurrentGCThread "G1 Main Marker" [stack: 0x000000306b100000,0x000000306b200000] [id=9152]
  0x000001674528a1a0 ConcurrentGCThread "G1 Conc#0" [stack: 0x000000306b200000,0x000000306b300000] [id=23816]
  0x00000167654f8880 ConcurrentGCThread "G1 Conc#1" [stack: 0x000000306d500000,0x000000306d600000] [id=5420]
  0x00000167452ce9b0 ConcurrentGCThread "G1 Refine#0" [stack: 0x000000306b300000,0x000000306b400000] [id=23780]
  0x0000016760c9e380 ConcurrentGCThread "G1 Service" [stack: 0x000000306b400000,0x000000306b500000] [id=10368]

Threads with active compile tasks:
C2 CompilerThread0     3250 3782       4       org.codehaus.groovy.runtime.metaclass.MetaMethodIndex::addMethodToList (131 bytes)
C2 CompilerThread1     3250 3818       4       org.objectweb.asm.Frame::execute (2318 bytes)
C2 CompilerThread2     3250 3867   !   4       jdk.internal.loader.BuiltinClassLoader::loadClassOrNull (143 bytes)

VM state: not at safepoint (normal execution)

VM Mutex/Monitor currently owned by a thread: None

Heap address: 0x0000000080000000, size: 2048 MB, Compressed Oops mode: 32-bit

CDS archive(s) not mapped
Compressed class space mapped at: 0x0000000100000000-0x0000000140000000, reserved size: 1073741824
Narrow klass base: 0x0000000000000000, Narrow klass shift: 3, Narrow klass range: 0x140000000

GC Precious Log:
 CPUs: 8 total, 8 available
 Memory: 7900M
 Large Page Support: Disabled
 NUMA Support: Disabled
 Compressed Oops: Enabled (32-bit)
 Heap Region Size: 1M
 Heap Min Capacity: 8M
 Heap Initial Capacity: 124M
 Heap Max Capacity: 2G
 Pre-touch: Disabled
 Parallel Workers: 8
 Concurrent Workers: 2
 Concurrent Refinement Workers: 8
 Periodic GC: Disabled

Heap:
 garbage-first heap   total 124928K, used 72075K [0x0000000080000000, 0x0000000100000000)
  region size 1024K, 12 young (12288K), 1 survivors (1024K)
 Metaspace       used 42459K, committed 42880K, reserved 1089536K
  class space    used 5571K, committed 5760K, reserved 1048576K

Heap Regions: E=young(eden), S=young(survivor), O=old, HS=humongous(starts), HC=humongous(continues), CS=collection set, F=free, OA=open archive, CA=closed archive, TAMS=top-at-mark-start (previous, next)
|   0|0x0000000080000000, 0x0000000080100000, 0x0000000080100000|100%| O|  |TAMS 0x0000000080100000, 0x0000000080000000| Untracked 
|   1|0x0000000080100000, 0x0000000080200000, 0x0000000080200000|100%| O|  |TAMS 0x0000000080200000, 0x0000000080100000| Untracked 
|   2|0x0000000080200000, 0x0000000080300000, 0x0000000080300000|100%|HS|  |TAMS 0x0000000080300000, 0x0000000080200000| Complete 
|   3|0x0000000080300000, 0x0000000080400000, 0x0000000080400000|100%|HS|  |TAMS 0x0000000080400000, 0x0000000080300000| Complete 
|   4|0x0000000080400000, 0x0000000080500000, 0x0000000080500000|100%|HC|  |TAMS 0x0000000080500000, 0x0000000080400000| Complete 
|   5|0x0000000080500000, 0x0000000080600000, 0x0000000080600000|100%|HC|  |TAMS 0x0000000080600000, 0x0000000080500000| Complete 
|   6|0x0000000080600000, 0x0000000080700000, 0x0000000080700000|100%| O|  |TAMS 0x0000000080700000, 0x0000000080600000| Untracked 
|   7|0x0000000080700000, 0x0000000080800000, 0x0000000080800000|100%| O|  |TAMS 0x0000000080800000, 0x0000000080700000| Untracked 
|   8|0x0000000080800000, 0x0000000080900000, 0x0000000080900000|100%| O|  |TAMS 0x0000000080900000, 0x0000000080800000| Untracked 
|   9|0x0000000080900000, 0x0000000080a00000, 0x0000000080a00000|100%| O|  |TAMS 0x0000000080a00000, 0x0000000080900000| Untracked 
|  10|0x0000000080a00000, 0x0000000080b00000, 0x0000000080b00000|100%| O|  |TAMS 0x0000000080b00000, 0x0000000080a00000| Untracked 
|  11|0x0000000080b00000, 0x0000000080c00000, 0x0000000080c00000|100%| O|  |TAMS 0x0000000080c00000, 0x0000000080b00000| Untracked 
|  12|0x0000000080c00000, 0x0000000080d00000, 0x0000000080d00000|100%| O|  |TAMS 0x0000000080d00000, 0x0000000080c00000| Untracked 
|  13|0x0000000080d00000, 0x0000000080e00000, 0x0000000080e00000|100%| O|  |TAMS 0x0000000080e00000, 0x0000000080d00000| Untracked 
|  14|0x0000000080e00000, 0x0000000080f00000, 0x0000000080f00000|100%| O|  |TAMS 0x0000000080f00000, 0x0000000080e00000| Untracked 
|  15|0x0000000080f00000, 0x0000000081000000, 0x0000000081000000|100%| O|  |TAMS 0x0000000081000000, 0x0000000080f00000| Untracked 
|  16|0x0000000081000000, 0x0000000081100000, 0x0000000081100000|100%| O|  |TAMS 0x0000000081100000, 0x0000000081000000| Untracked 
|  17|0x0000000081100000, 0x0000000081200000, 0x0000000081200000|100%| O|  |TAMS 0x0000000081200000, 0x0000000081100000| Untracked 
|  18|0x0000000081200000, 0x0000000081300000, 0x0000000081300000|100%| O|  |TAMS 0x0000000081300000, 0x0000000081200000| Untracked 
|  19|0x0000000081300000, 0x0000000081300000, 0x0000000081400000|  0%| F|  |TAMS 0x0000000081300000, 0x0000000081300000| Untracked 
|  20|0x0000000081400000, 0x0000000081500000, 0x0000000081500000|100%|HS|  |TAMS 0x0000000081500000, 0x0000000081400000| Complete 
|  21|0x0000000081500000, 0x0000000081600000, 0x0000000081600000|100%|HC|  |TAMS 0x0000000081600000, 0x0000000081500000| Complete 
|  22|0x0000000081600000, 0x0000000081700000, 0x0000000081700000|100%|HS|  |TAMS 0x0000000081700000, 0x0000000081600000| Complete 
|  23|0x0000000081700000, 0x0000000081800000, 0x0000000081800000|100%|HC|  |TAMS 0x0000000081800000, 0x0000000081700000| Complete 
|  24|0x0000000081800000, 0x0000000081900000, 0x0000000081900000|100%|HC|  |TAMS 0x0000000081900000, 0x0000000081800000| Complete 
|  25|0x0000000081900000, 0x0000000081a00000, 0x0000000081a00000|100%|HS|  |TAMS 0x0000000081a00000, 0x0000000081900000| Complete 
|  26|0x0000000081a00000, 0x0000000081b00000, 0x0000000081b00000|100%|HC|  |TAMS 0x0000000081b00000, 0x0000000081a00000| Complete 
|  27|0x0000000081b00000, 0x0000000081c00000, 0x0000000081c00000|100%|HC|  |TAMS 0x0000000081c00000, 0x0000000081b00000| Complete 
|  28|0x0000000081c00000, 0x0000000081d00000, 0x0000000081d00000|100%|HS|  |TAMS 0x0000000081d00000, 0x0000000081c00000| Complete 
|  29|0x0000000081d00000, 0x0000000081e00000, 0x0000000081e00000|100%|HC|  |TAMS 0x0000000081e00000, 0x0000000081d00000| Complete 
|  30|0x0000000081e00000, 0x0000000081f00000, 0x0000000081f00000|100%|HS|  |TAMS 0x0000000081f00000, 0x0000000081e00000| Complete 
|  31|0x0000000081f00000, 0x0000000082000000, 0x0000000082000000|100%|HC|  |TAMS 0x0000000082000000, 0x0000000081f00000| Complete 
|  32|0x0000000082000000, 0x0000000082100000, 0x0000000082100000|100%|HC|  |TAMS 0x0000000082100000, 0x0000000082000000| Complete 
|  33|0x0000000082100000, 0x0000000082200000, 0x0000000082200000|100%|HC|  |TAMS 0x0000000082200000, 0x0000000082100000| Complete 
|  34|0x0000000082200000, 0x0000000082300000, 0x0000000082300000|100%|HC|  |TAMS 0x0000000082300000, 0x0000000082200000| Complete 
|  35|0x0000000082300000, 0x0000000082400000, 0x0000000082400000|100%|HC|  |TAMS 0x0000000082400000, 0x0000000082300000| Complete 
|  36|0x0000000082400000, 0x0000000082500000, 0x0000000082500000|100%|HS|  |TAMS 0x0000000082500000, 0x0000000082400000| Complete 
|  37|0x0000000082500000, 0x0000000082600000, 0x0000000082600000|100%|HC|  |TAMS 0x0000000082600000, 0x0000000082500000| Complete 
|  38|0x0000000082600000, 0x0000000082700000, 0x0000000082700000|100%| O|  |TAMS 0x0000000082600000, 0x0000000082600000| Untracked 
|  39|0x0000000082700000, 0x0000000082800000, 0x0000000082800000|100%| O|  |TAMS 0x0000000082700000, 0x0000000082700000| Untracked 
|  40|0x0000000082800000, 0x0000000082900000, 0x0000000082900000|100%| O|  |TAMS 0x0000000082800000, 0x0000000082800000| Untracked 
|  41|0x0000000082900000, 0x0000000082a00000, 0x0000000082a00000|100%| O|  |TAMS 0x0000000082900000, 0x0000000082900000| Untracked 
|  42|0x0000000082a00000, 0x0000000082b00000, 0x0000000082b00000|100%| O|  |TAMS 0x0000000082a00000, 0x0000000082a00000| Untracked 
|  43|0x0000000082b00000, 0x0000000082c00000, 0x0000000082c00000|100%| O|  |TAMS 0x0000000082b00000, 0x0000000082b00000| Untracked 
|  44|0x0000000082c00000, 0x0000000082d00000, 0x0000000082d00000|100%| O|  |TAMS 0x0000000082c00000, 0x0000000082c00000| Untracked 
|  45|0x0000000082d00000, 0x0000000082e00000, 0x0000000082e00000|100%| O|  |TAMS 0x0000000082d00000, 0x0000000082d00000| Untracked 
|  46|0x0000000082e00000, 0x0000000082f00000, 0x0000000082f00000|100%| O|  |TAMS 0x0000000082e00000, 0x0000000082e00000| Untracked 
|  47|0x0000000082f00000, 0x0000000083000000, 0x0000000083000000|100%| O|  |TAMS 0x0000000082f00000, 0x0000000082f00000| Untracked 
|  48|0x0000000083000000, 0x0000000083100000, 0x0000000083100000|100%|HS|  |TAMS 0x0000000083100000, 0x0000000083000000| Complete 
|  49|0x0000000083100000, 0x0000000083200000, 0x0000000083200000|100%|HC|  |TAMS 0x0000000083200000, 0x0000000083100000| Complete 
|  50|0x0000000083200000, 0x0000000083300000, 0x0000000083300000|100%|HC|  |TAMS 0x0000000083300000, 0x0000000083200000| Complete 
|  51|0x0000000083300000, 0x0000000083400000, 0x0000000083400000|100%|HC|  |TAMS 0x0000000083400000, 0x0000000083300000| Complete 
|  52|0x0000000083400000, 0x0000000083500000, 0x0000000083500000|100%|HC|  |TAMS 0x0000000083500000, 0x0000000083400000| Complete 
|  53|0x0000000083500000, 0x0000000083600000, 0x0000000083600000|100%|HC|  |TAMS 0x0000000083600000, 0x0000000083500000| Complete 
|  54|0x0000000083600000, 0x0000000083700000, 0x0000000083700000|100%|HC|  |TAMS 0x0000000083700000, 0x0000000083600000| Complete 
|  55|0x0000000083700000, 0x0000000083800000, 0x0000000083800000|100%|HC|  |TAMS 0x0000000083800000, 0x0000000083700000| Complete 
|  56|0x0000000083800000, 0x0000000083900000, 0x0000000083900000|100%|HC|  |TAMS 0x0000000083900000, 0x0000000083800000| Complete 
|  57|0x0000000083900000, 0x0000000083a00000, 0x0000000083a00000|100%|HC|  |TAMS 0x0000000083a00000, 0x0000000083900000| Complete 
|  58|0x0000000083a00000, 0x0000000083b00000, 0x0000000083b00000|100%| O|  |TAMS 0x0000000083a00000, 0x0000000083a00000| Untracked 
|  59|0x0000000083b00000, 0x0000000083c00000, 0x0000000083c00000|100%| O|  |TAMS 0x0000000083b00000, 0x0000000083b00000| Untracked 
|  60|0x0000000083c00000, 0x0000000083cdd200, 0x0000000083d00000| 86%| O|  |TAMS 0x0000000083c00000, 0x0000000083c00000| Untracked 
|  61|0x0000000083d00000, 0x0000000083d00000, 0x0000000083e00000|  0%| F|  |TAMS 0x0000000083d00000, 0x0000000083d00000| Untracked 
|  62|0x0000000083e00000, 0x0000000083e00000, 0x0000000083f00000|  0%| F|  |TAMS 0x0000000083e00000, 0x0000000083e00000| Untracked 
|  63|0x0000000083f00000, 0x0000000083f00000, 0x0000000084000000|  0%| F|  |TAMS 0x0000000083f00000, 0x0000000083f00000| Untracked 
|  64|0x0000000084000000, 0x0000000084000000, 0x0000000084100000|  0%| F|  |TAMS 0x0000000084000000, 0x0000000084000000| Untracked 
|  65|0x0000000084100000, 0x0000000084100000, 0x0000000084200000|  0%| F|  |TAMS 0x0000000084100000, 0x0000000084100000| Untracked 
|  66|0x0000000084200000, 0x0000000084200000, 0x0000000084300000|  0%| F|  |TAMS 0x0000000084200000, 0x0000000084200000| Untracked 
|  67|0x0000000084300000, 0x0000000084300000, 0x0000000084400000|  0%| F|  |TAMS 0x0000000084300000, 0x0000000084300000| Untracked 
|  68|0x0000000084400000, 0x0000000084400000, 0x0000000084500000|  0%| F|  |TAMS 0x0000000084400000, 0x0000000084400000| Untracked 
|  69|0x0000000084500000, 0x0000000084500000, 0x0000000084600000|  0%| F|  |TAMS 0x0000000084500000, 0x0000000084500000| Untracked 
|  70|0x0000000084600000, 0x0000000084600000, 0x0000000084700000|  0%| F|  |TAMS 0x0000000084600000, 0x0000000084600000| Untracked 
|  71|0x0000000084700000, 0x0000000084700000, 0x0000000084800000|  0%| F|  |TAMS 0x0000000084700000, 0x0000000084700000| Untracked 
|  72|0x0000000084800000, 0x0000000084800000, 0x0000000084900000|  0%| F|  |TAMS 0x0000000084800000, 0x0000000084800000| Untracked 
|  73|0x0000000084900000, 0x0000000084900000, 0x0000000084a00000|  0%| F|  |TAMS 0x0000000084900000, 0x0000000084900000| Untracked 
|  74|0x0000000084a00000, 0x0000000084a00000, 0x0000000084b00000|  0%| F|  |TAMS 0x0000000084a00000, 0x0000000084a00000| Untracked 
|  75|0x0000000084b00000, 0x0000000084b00000, 0x0000000084c00000|  0%| F|  |TAMS 0x0000000084b00000, 0x0000000084b00000| Untracked 
|  76|0x0000000084c00000, 0x0000000084c00000, 0x0000000084d00000|  0%| F|  |TAMS 0x0000000084c00000, 0x0000000084c00000| Untracked 
|  77|0x0000000084d00000, 0x0000000084d00000, 0x0000000084e00000|  0%| F|  |TAMS 0x0000000084d00000, 0x0000000084d00000| Untracked 
|  78|0x0000000084e00000, 0x0000000084e00000, 0x0000000084f00000|  0%| F|  |TAMS 0x0000000084e00000, 0x0000000084e00000| Untracked 
|  79|0x0000000084f00000, 0x0000000084f00000, 0x0000000085000000|  0%| F|  |TAMS 0x0000000084f00000, 0x0000000084f00000| Untracked 
|  80|0x0000000085000000, 0x0000000085000000, 0x0000000085100000|  0%| F|  |TAMS 0x0000000085000000, 0x0000000085000000| Untracked 
|  81|0x0000000085100000, 0x0000000085100000, 0x0000000085200000|  0%| F|  |TAMS 0x0000000085100000, 0x0000000085100000| Untracked 
|  82|0x0000000085200000, 0x0000000085200000, 0x0000000085300000|  0%| F|  |TAMS 0x0000000085200000, 0x0000000085200000| Untracked 
|  83|0x0000000085300000, 0x0000000085300000, 0x0000000085400000|  0%| F|  |TAMS 0x0000000085300000, 0x0000000085300000| Untracked 
|  84|0x0000000085400000, 0x0000000085400000, 0x0000000085500000|  0%| F|  |TAMS 0x0000000085400000, 0x0000000085400000| Untracked 
|  85|0x0000000085500000, 0x0000000085500000, 0x0000000085600000|  0%| F|  |TAMS 0x0000000085500000, 0x0000000085500000| Untracked 
|  86|0x0000000085600000, 0x0000000085600000, 0x0000000085700000|  0%| F|  |TAMS 0x0000000085600000, 0x0000000085600000| Untracked 
|  87|0x0000000085700000, 0x0000000085700000, 0x0000000085800000|  0%| F|  |TAMS 0x0000000085700000, 0x0000000085700000| Untracked 
|  88|0x0000000085800000, 0x0000000085800000, 0x0000000085900000|  0%| F|  |TAMS 0x0000000085800000, 0x0000000085800000| Untracked 
|  89|0x0000000085900000, 0x0000000085900000, 0x0000000085a00000|  0%| F|  |TAMS 0x0000000085900000, 0x0000000085900000| Untracked 
|  90|0x0000000085a00000, 0x0000000085a00000, 0x0000000085b00000|  0%| F|  |TAMS 0x0000000085a00000, 0x0000000085a00000| Untracked 
|  91|0x0000000085b00000, 0x0000000085b00000, 0x0000000085c00000|  0%| F|  |TAMS 0x0000000085b00000, 0x0000000085b00000| Untracked 
|  92|0x0000000085c00000, 0x0000000085c00000, 0x0000000085d00000|  0%| F|  |TAMS 0x0000000085c00000, 0x0000000085c00000| Untracked 
|  93|0x0000000085d00000, 0x0000000085d00000, 0x0000000085e00000|  0%| F|  |TAMS 0x0000000085d00000, 0x0000000085d00000| Untracked 
|  94|0x0000000085e00000, 0x0000000085e00000, 0x0000000085f00000|  0%| F|  |TAMS 0x0000000085e00000, 0x0000000085e00000| Untracked 
|  95|0x0000000085f00000, 0x0000000085f00000, 0x0000000086000000|  0%| F|  |TAMS 0x0000000085f00000, 0x0000000085f00000| Untracked 
|  96|0x0000000086000000, 0x0000000086000000, 0x0000000086100000|  0%| F|  |TAMS 0x0000000086000000, 0x0000000086000000| Untracked 
|  97|0x0000000086100000, 0x0000000086100000, 0x0000000086200000|  0%| F|  |TAMS 0x0000000086100000, 0x0000000086100000| Untracked 
|  98|0x0000000086200000, 0x0000000086200000, 0x0000000086300000|  0%| F|  |TAMS 0x0000000086200000, 0x0000000086200000| Untracked 
|  99|0x0000000086300000, 0x0000000086300000, 0x0000000086400000|  0%| F|  |TAMS 0x0000000086300000, 0x0000000086300000| Untracked 
| 100|0x0000000086400000, 0x0000000086400000, 0x0000000086500000|  0%| F|  |TAMS 0x0000000086400000, 0x0000000086400000| Untracked 
| 101|0x0000000086500000, 0x0000000086500000, 0x0000000086600000|  0%| F|  |TAMS 0x0000000086500000, 0x0000000086500000| Untracked 
| 102|0x0000000086600000, 0x0000000086600000, 0x0000000086700000|  0%| F|  |TAMS 0x0000000086600000, 0x0000000086600000| Untracked 
| 103|0x0000000086700000, 0x0000000086700000, 0x0000000086800000|  0%| F|  |TAMS 0x0000000086700000, 0x0000000086700000| Untracked 
| 104|0x0000000086800000, 0x0000000086800000, 0x0000000086900000|  0%| F|  |TAMS 0x0000000086800000, 0x0000000086800000| Untracked 
| 105|0x0000000086900000, 0x0000000086900000, 0x0000000086a00000|  0%| F|  |TAMS 0x0000000086900000, 0x0000000086900000| Untracked 
| 106|0x0000000086a00000, 0x0000000086a00000, 0x0000000086b00000|  0%| F|  |TAMS 0x0000000086a00000, 0x0000000086a00000| Untracked 
| 107|0x0000000086b00000, 0x0000000086b00000, 0x0000000086c00000|  0%| F|  |TAMS 0x0000000086b00000, 0x0000000086b00000| Untracked 
| 108|0x0000000086c00000, 0x0000000086c00000, 0x0000000086d00000|  0%| F|  |TAMS 0x0000000086c00000, 0x0000000086c00000| Untracked 
| 109|0x0000000086d00000, 0x0000000086d00000, 0x0000000086e00000|  0%| F|  |TAMS 0x0000000086d00000, 0x0000000086d00000| Untracked 
| 110|0x0000000086e00000, 0x0000000086f00000, 0x0000000086f00000|100%| E|  |TAMS 0x0000000086e00000, 0x0000000086e00000| Complete 
| 111|0x0000000086f00000, 0x0000000087000000, 0x0000000087000000|100%| E|CS|TAMS 0x0000000086f00000, 0x0000000086f00000| Complete 
| 112|0x0000000087000000, 0x0000000087100000, 0x0000000087100000|100%| E|CS|TAMS 0x0000000087000000, 0x0000000087000000| Complete 
| 113|0x0000000087100000, 0x0000000087200000, 0x0000000087200000|100%| E|CS|TAMS 0x0000000087100000, 0x0000000087100000| Complete 
| 114|0x0000000087200000, 0x0000000087300000, 0x0000000087300000|100%| E|CS|TAMS 0x0000000087200000, 0x0000000087200000| Complete 
| 115|0x0000000087300000, 0x0000000087400000, 0x0000000087400000|100%| E|CS|TAMS 0x0000000087300000, 0x0000000087300000| Complete 
| 116|0x0000000087400000, 0x0000000087500000, 0x0000000087500000|100%| E|CS|TAMS 0x0000000087400000, 0x0000000087400000| Complete 
| 117|0x0000000087500000, 0x0000000087600000, 0x0000000087600000|100%| E|CS|TAMS 0x0000000087500000, 0x0000000087500000| Complete 
| 118|0x0000000087600000, 0x0000000087700000, 0x0000000087700000|100%| E|CS|TAMS 0x0000000087600000, 0x0000000087600000| Complete 
| 119|0x0000000087700000, 0x0000000087800000, 0x0000000087800000|100%| E|CS|TAMS 0x0000000087700000, 0x0000000087700000| Complete 
| 120|0x0000000087800000, 0x0000000087885a40, 0x0000000087900000| 52%| S|CS|TAMS 0x0000000087800000, 0x0000000087800000| Complete 
| 123|0x0000000087b00000, 0x0000000087c00000, 0x0000000087c00000|100%| E|CS|TAMS 0x0000000087b00000, 0x0000000087b00000| Complete 

Card table byte_map: [0x0000016759d30000,0x000001675a130000] _byte_map_base: 0x0000016759930000

Marking Bits (Prev, Next): (CMBitMap*) 0x0000016745277cf0, (CMBitMap*) 0x0000016745277d30
 Prev Bits: [0x000001675a530000, 0x000001675c530000)
 Next Bits: [0x000001675c530000, 0x000001675e530000)

Polling page: 0x00000167452d0000

Metaspace:

Usage:
  Non-class:     36.05 MB used.
      Class:      5.45 MB used.
       Both:     41.49 MB used.

Virtual space:
  Non-class space:       40.00 MB reserved,      36.25 MB ( 91%) committed,  5 nodes.
      Class space:        1.00 GB reserved,       5.62 MB ( <1%) committed,  1 nodes.
             Both:        1.04 GB reserved,      41.88 MB (  4%) committed. 

Chunk freelists:
   Non-Class:  3.53 MB
       Class:  2.26 MB
        Both:  5.79 MB

MaxMetaspaceSize: unlimited
CompressedClassSpaceSize: 1.00 GB
Initial GC threshold: 21.00 MB
Current GC threshold: 58.88 MB
CDS: off
MetaspaceReclaimPolicy: balanced
 - commit_granule_bytes: 65536.
 - commit_granule_words: 8192.
 - virtual_space_node_default_size: 1048576.
 - enlarge_chunks_in_place: 1.
 - new_chunks_are_fully_committed: 0.
 - uncommit_free_chunks: 1.
 - use_allocation_guard: 0.
 - handle_deallocations: 1.


Internal statistics:

num_allocs_failed_limit: 6.
num_arena_births: 388.
num_arena_deaths: 0.
num_vsnodes_births: 6.
num_vsnodes_deaths: 0.
num_space_committed: 670.
num_space_uncommitted: 0.
num_chunks_returned_to_freelist: 6.
num_chunks_taken_from_freelist: 1632.
num_chunk_merges: 3.
num_chunk_splits: 1064.
num_chunks_enlarged: 715.
num_purges: 0.
num_inconsistent_stats: 0.

CodeHeap 'non-profiled nmethods': size=120000Kb used=2387Kb max_used=2387Kb free=117612Kb
 bounds [0x00000167519a0000, 0x0000016751c10000, 0x0000016758ed0000]
CodeHeap 'profiled nmethods': size=120000Kb used=7943Kb max_used=7943Kb free=112056Kb
 bounds [0x0000016749ed0000, 0x000001674a6a0000, 0x0000016751400000]
CodeHeap 'non-nmethods': size=5760Kb used=2291Kb max_used=2332Kb free=3468Kb
 bounds [0x0000016751400000, 0x0000016751670000, 0x00000167519a0000]
 total_blobs=4679 nmethods=3888 adapters=702
 compilation: enabled
              stopped_count=0, restarted_count=0
 full_count=0

Compilation events (20 events):
Event: 3.212 Thread 0x0000016761c81cc0 3870       3       java.util.ArrayDeque::removeFirst (19 bytes)
Event: 3.212 Thread 0x0000016761c81cc0 nmethod 3870 0x000001674a681b90 code [0x000001674a681d40, 0x000001674a681f98]
Event: 3.213 Thread 0x0000016761c81cc0 3871       3       org.gradle.internal.instantiation.generator.AbstractClassGenerator$MethodMetadata::shouldImplement (16 bytes)
Event: 3.213 Thread 0x0000016761c81cc0 nmethod 3871 0x000001674a682090 code [0x000001674a682240, 0x000001674a682498]
Event: 3.213 Thread 0x0000016761c81cc0 3872       3       org.gradle.internal.instantiation.generator.AbstractClassGenerator::access$1500 (5 bytes)
Event: 3.213 Thread 0x0000016761c81cc0 nmethod 3872 0x000001674a682590 code [0x000001674a682720, 0x000001674a682828]
Event: 3.213 Thread 0x0000016761c81cc0 3873       3       org.gradle.internal.instantiation.generator.AbstractClassGenerator::isLazyAttachProperty (46 bytes)
Event: 3.213 Thread 0x0000016761c81cc0 nmethod 3873 0x000001674a682910 code [0x000001674a682b60, 0x000001674a6835b8]
Event: 3.214 Thread 0x0000016761c81cc0 3874       3       com.google.common.collect.AbstractIndexedListIterator::next (31 bytes)
Event: 3.214 Thread 0x0000016761c81cc0 nmethod 3874 0x000001674a683910 code [0x000001674a683ae0, 0x000001674a683e78]
Event: 3.218 Thread 0x0000016761c81cc0 3876       3       java.lang.invoke.MethodHandles$Lookup::getDirectConstructorCommon (69 bytes)
Event: 3.219 Thread 0x0000016761c81cc0 nmethod 3876 0x000001674a683f90 code [0x000001674a684200, 0x000001674a684d18]
Event: 3.219 Thread 0x0000016761c81cc0 3877       3       java.lang.invoke.DirectMethodHandle::makeAllocator (137 bytes)
Event: 3.220 Thread 0x0000016761c81cc0 nmethod 3877 0x000001674a685090 code [0x000001674a6852a0, 0x000001674a6856f8]
Event: 3.221 Thread 0x0000016761c81cc0 3878       3       java.lang.invoke.MemberName::equals (69 bytes)
Event: 3.222 Thread 0x0000016761c81cc0 nmethod 3878 0x000001674a685910 code [0x000001674a685ba0, 0x000001674a6868d8]
Event: 3.222 Thread 0x0000016761c81cc0 3879   !   3       jdk.internal.reflect.GeneratedMethodAccessor1::invoke (68 bytes)
Event: 3.222 Thread 0x0000016761c81cc0 nmethod 3879 0x000001674a686c10 code [0x000001674a686e40, 0x000001674a687618]
Event: 3.222 Thread 0x0000016761c81cc0 3880       3       java.util.Arrays$ArrayList::size (6 bytes)
Event: 3.222 Thread 0x0000016761c81cc0 nmethod 3880 0x000001674a687990 code [0x000001674a687b20, 0x000001674a687c38]

GC Heap History (18 events):
Event: 0.495 GC heap before
{Heap before GC invocations=0 (full 0):
 garbage-first heap   total 126976K, used 28672K [0x0000000080000000, 0x0000000100000000)
  region size 1024K, 23 young (23552K), 0 survivors (0K)
 Metaspace       used 9881K, committed 10048K, reserved 1064960K
  class space    used 998K, committed 1088K, reserved 1048576K
}
Event: 0.500 GC heap after
{Heap after GC invocations=1 (full 0):
 garbage-first heap   total 126976K, used 9034K [0x0000000080000000, 0x0000000100000000)
  region size 1024K, 3 young (3072K), 3 survivors (3072K)
 Metaspace       used 9881K, committed 10048K, reserved 1064960K
  class space    used 998K, committed 1088K, reserved 1048576K
}
Event: 0.765 GC heap before
{Heap before GC invocations=1 (full 0):
 garbage-first heap   total 126976K, used 36682K [0x0000000080000000, 0x0000000100000000)
  region size 1024K, 30 young (30720K), 3 survivors (3072K)
 Metaspace       used 11150K, committed 11328K, reserved 1064960K
  class space    used 1162K, committed 1280K, reserved 1048576K
}
Event: 0.769 GC heap after
{Heap after GC invocations=2 (full 0):
 garbage-first heap   total 126976K, used 10027K [0x0000000080000000, 0x0000000100000000)
  region size 1024K, 1 young (1024K), 1 survivors (1024K)
 Metaspace       used 11150K, committed 11328K, reserved 1064960K
  class space    used 1162K, committed 1280K, reserved 1048576K
}
Event: 1.507 GC heap before
{Heap before GC invocations=2 (full 0):
 garbage-first heap   total 126976K, used 65323K [0x0000000080000000, 0x0000000100000000)
  region size 1024K, 56 young (57344K), 1 survivors (1024K)
 Metaspace       used 21303K, committed 21504K, reserved 1073152K
  class space    used 2635K, committed 2752K, reserved 1048576K
}
Event: 1.512 GC heap after
{Heap after GC invocations=3 (full 0):
 garbage-first heap   total 126976K, used 17842K [0x0000000080000000, 0x0000000100000000)
  region size 1024K, 9 young (9216K), 9 survivors (9216K)
 Metaspace       used 21303K, committed 21504K, reserved 1073152K
  class space    used 2635K, committed 2752K, reserved 1048576K
}
Event: 1.884 GC heap before
{Heap before GC invocations=4 (full 0):
 garbage-first heap   total 65536K, used 47538K [0x0000000080000000, 0x0000000100000000)
  region size 1024K, 38 young (38912K), 9 survivors (9216K)
 Metaspace       used 26021K, committed 26304K, reserved 1073152K
  class space    used 3392K, committed 3520K, reserved 1048576K
}
Event: 1.889 GC heap after
{Heap after GC invocations=5 (full 0):
 garbage-first heap   total 65536K, used 19578K [0x0000000080000000, 0x0000000100000000)
  region size 1024K, 3 young (3072K), 3 survivors (3072K)
 Metaspace       used 26021K, committed 26304K, reserved 1073152K
  class space    used 3392K, committed 3520K, reserved 1048576K
}
Event: 1.897 GC heap before
{Heap before GC invocations=5 (full 0):
 garbage-first heap   total 65536K, used 20602K [0x0000000080000000, 0x0000000100000000)
  region size 1024K, 4 young (4096K), 3 survivors (3072K)
 Metaspace       used 26138K, committed 26368K, reserved 1073152K
  class space    used 3420K, committed 3520K, reserved 1048576K
}
Event: 1.899 GC heap after
{Heap after GC invocations=6 (full 0):
 garbage-first heap   total 65536K, used 19530K [0x0000000080000000, 0x0000000100000000)
  region size 1024K, 1 young (1024K), 1 survivors (1024K)
 Metaspace       used 26138K, committed 26368K, reserved 1073152K
  class space    used 3420K, committed 3520K, reserved 1048576K
}
Event: 2.099 GC heap before
{Heap before GC invocations=6 (full 0):
 garbage-first heap   total 65536K, used 43082K [0x0000000080000000, 0x0000000100000000)
  region size 1024K, 16 young (16384K), 1 survivors (1024K)
 Metaspace       used 28027K, committed 28352K, reserved 1081344K
  class space    used 3750K, committed 3904K, reserved 1048576K
}
Event: 2.102 GC heap after
{Heap after GC invocations=7 (full 0):
 garbage-first heap   total 124928K, used 32527K [0x0000000080000000, 0x0000000100000000)
  region size 1024K, 4 young (4096K), 4 survivors (4096K)
 Metaspace       used 28027K, committed 28352K, reserved 1081344K
  class space    used 3750K, committed 3904K, reserved 1048576K
}
Event: 2.734 GC heap before
{Heap before GC invocations=7 (full 0):
 garbage-first heap   total 124928K, used 99087K [0x0000000080000000, 0x0000000100000000)
  region size 1024K, 52 young (53248K), 4 survivors (4096K)
 Metaspace       used 35644K, committed 35968K, reserved 1081344K
  class space    used 4816K, committed 4992K, reserved 1048576K
}
Event: 2.738 GC heap after
{Heap after GC invocations=8 (full 0):
 garbage-first heap   total 124928K, used 56897K [0x0000000080000000, 0x0000000100000000)
  region size 1024K, 7 young (7168K), 7 survivors (7168K)
 Metaspace       used 35644K, committed 35968K, reserved 1081344K
  class space    used 4816K, committed 4992K, reserved 1048576K
}
Event: 3.121 GC heap before
{Heap before GC invocations=9 (full 0):
 garbage-first heap   total 124928K, used 97857K [0x0000000080000000, 0x0000000100000000)
  region size 1024K, 45 young (46080K), 7 survivors (7168K)
 Metaspace       used 41054K, committed 41408K, reserved 1089536K
  class space    used 5334K, committed 5504K, reserved 1048576K
}
Event: 3.126 GC heap after
{Heap after GC invocations=10 (full 0):
 garbage-first heap   total 124928K, used 62232K [0x0000000080000000, 0x0000000100000000)
  region size 1024K, 5 young (5120K), 5 survivors (5120K)
 Metaspace       used 41054K, committed 41408K, reserved 1089536K
  class space    used 5334K, committed 5504K, reserved 1048576K
}
Event: 3.138 GC heap before
{Heap before GC invocations=10 (full 0):
 garbage-first heap   total 124928K, used 63256K [0x0000000080000000, 0x0000000100000000)
  region size 1024K, 6 young (6144K), 5 survivors (5120K)
 Metaspace       used 41163K, committed 41472K, reserved 1089536K
  class space    used 5351K, committed 5504K, reserved 1048576K
}
Event: 3.140 GC heap after
{Heap after GC invocations=11 (full 0):
 garbage-first heap   total 124928K, used 61835K [0x0000000080000000, 0x0000000100000000)
  region size 1024K, 1 young (1024K), 1 survivors (1024K)
 Metaspace       used 41163K, committed 41472K, reserved 1089536K
  class space    used 5351K, committed 5504K, reserved 1048576K
}

Dll operation events (2 events):
Event: 0.007 Loaded shared library C:\Program Files\Android\Android Studio1\jbr\bin\java.dll
Event: 0.307 Loaded shared library C:\Program Files\Android\Android Studio1\jbr\bin\verify.dll

Deoptimization events (20 events):
Event: 3.107 Thread 0x0000016763522880 Uncommon trap: trap_request=0xffffffde fr.pc=0x0000016751ab30b0 relative=0x0000000000000670
Event: 3.107 Thread 0x0000016763522880 Uncommon trap: reason=class_check action=maybe_recompile pc=0x0000016751ab30b0 method=java.util.Collections$SetFromMap.remove(Ljava/lang/Object;)Z @ 5 c2
Event: 3.107 Thread 0x0000016763522880 DEOPT PACKING pc=0x0000016751ab30b0 sp=0x000000306cefaa50
Event: 3.107 Thread 0x0000016763522880 DEOPT UNPACKING pc=0x000001675145a1a3 sp=0x000000306cefaa38 mode 2
Event: 3.112 Thread 0x0000016763522880 Uncommon trap: trap_request=0xffffffc6 fr.pc=0x0000016751bb3cc8 relative=0x0000000000000748
Event: 3.112 Thread 0x0000016763522880 Uncommon trap: reason=bimorphic_or_optimized_type_check action=maybe_recompile pc=0x0000016751bb3cc8 method=java.util.stream.ReferencePipeline.forEachWithCancel(Ljava/util/Spliterator;Ljava/util/stream/Sink;)Z @ 13 c2
Event: 3.112 Thread 0x0000016763522880 DEOPT PACKING pc=0x0000016751bb3cc8 sp=0x000000306cef92f0
Event: 3.112 Thread 0x0000016763522880 DEOPT UNPACKING pc=0x000001675145a1a3 sp=0x000000306cef92b8 mode 2
Event: 3.206 Thread 0x0000016763522880 Uncommon trap: trap_request=0xffffffc6 fr.pc=0x0000016751bb3cc8 relative=0x0000000000000748
Event: 3.206 Thread 0x0000016763522880 Uncommon trap: reason=bimorphic_or_optimized_type_check action=maybe_recompile pc=0x0000016751bb3cc8 method=java.util.stream.ReferencePipeline.forEachWithCancel(Ljava/util/Spliterator;Ljava/util/stream/Sink;)Z @ 13 c2
Event: 3.206 Thread 0x0000016763522880 DEOPT PACKING pc=0x0000016751bb3cc8 sp=0x000000306cef4ec0
Event: 3.206 Thread 0x0000016763522880 DEOPT UNPACKING pc=0x000001675145a1a3 sp=0x000000306cef4e88 mode 2
Event: 3.206 Thread 0x0000016763522880 Uncommon trap: trap_request=0xffffffc6 fr.pc=0x0000016751bb3cc8 relative=0x0000000000000748
Event: 3.206 Thread 0x0000016763522880 Uncommon trap: reason=bimorphic_or_optimized_type_check action=maybe_recompile pc=0x0000016751bb3cc8 method=java.util.stream.ReferencePipeline.forEachWithCancel(Ljava/util/Spliterator;Ljava/util/stream/Sink;)Z @ 13 c2
Event: 3.206 Thread 0x0000016763522880 DEOPT PACKING pc=0x0000016751bb3cc8 sp=0x000000306cef4ec0
Event: 3.206 Thread 0x0000016763522880 DEOPT UNPACKING pc=0x000001675145a1a3 sp=0x000000306cef4e88 mode 2
Event: 3.206 Thread 0x0000016763522880 Uncommon trap: trap_request=0xffffffc6 fr.pc=0x0000016751bb3cc8 relative=0x0000000000000748
Event: 3.206 Thread 0x0000016763522880 Uncommon trap: reason=bimorphic_or_optimized_type_check action=maybe_recompile pc=0x0000016751bb3cc8 method=java.util.stream.ReferencePipeline.forEachWithCancel(Ljava/util/Spliterator;Ljava/util/stream/Sink;)Z @ 13 c2
Event: 3.206 Thread 0x0000016763522880 DEOPT PACKING pc=0x0000016751bb3cc8 sp=0x000000306cef4d70
Event: 3.206 Thread 0x0000016763522880 DEOPT UNPACKING pc=0x000001675145a1a3 sp=0x000000306cef4d38 mode 2

Classes unloaded (0 events):
No events

Classes redefined (0 events):
No events

Internal exceptions (20 events):
Event: 3.041 Thread 0x0000016763522880 Exception <a 'java/lang/ClassNotFoundException'{0x0000000085912640}: org/gradle/invocation/DefaultGradle_DecoratedBeanInfo> (0x0000000085912640) 
thrown [s\src\hotspot\share\classfile\systemDictionary.cpp, line 256]
Event: 3.041 Thread 0x0000016763522880 Exception <a 'java/lang/ClassNotFoundException'{0x0000000085921788}: org/gradle/invocation/DefaultGradleBeanInfo> (0x0000000085921788) 
thrown [s\src\hotspot\share\classfile\systemDictionary.cpp, line 256]
Event: 3.041 Thread 0x0000016763522880 Exception <a 'java/lang/ClassNotFoundException'{0x0000000085930dd8}: org/gradle/api/internal/project/AbstractPluginAwareBeanInfo> (0x0000000085930dd8) 
thrown [s\src\hotspot\share\classfile\systemDictionary.cpp, line 256]
Event: 3.041 Thread 0x0000016763522880 Exception <a 'java/lang/ClassNotFoundException'{0x0000000085940380}: org/gradle/api/internal/project/AbstractPluginAwareCustomizer> (0x0000000085940380) 
thrown [s\src\hotspot\share\classfile\systemDictionary.cpp, line 256]
Event: 3.042 Thread 0x0000016763522880 Exception <a 'java/lang/ClassNotFoundException'{0x0000000085955890}: org/gradle/invocation/DefaultGradleCustomizer> (0x0000000085955890) 
thrown [s\src\hotspot\share\classfile\systemDictionary.cpp, line 256]
Event: 3.044 Thread 0x0000016763522880 Exception <a 'java/lang/ClassNotFoundException'{0x0000000085997f78}: org/gradle/invocation/DefaultGradle_DecoratedCustomizer> (0x0000000085997f78) 
thrown [s\src\hotspot\share\classfile\systemDictionary.cpp, line 256]
Event: 3.096 Thread 0x0000016763522880 Exception <a 'java/lang/ClassNotFoundException'{0x0000000085503bd0}: groovy/lang/Closure$1BeanInfo> (0x0000000085503bd0) 
thrown [s\src\hotspot\share\classfile\systemDictionary.cpp, line 256]
Event: 3.097 Thread 0x0000016763522880 Exception <a 'java/lang/ClassNotFoundException'{0x0000000085529800}: groovy/lang/ClosureBeanInfo> (0x0000000085529800) 
thrown [s\src\hotspot\share\classfile\systemDictionary.cpp, line 256]
Event: 3.097 Thread 0x0000016763522880 Exception <a 'java/lang/ClassNotFoundException'{0x000000008554f398}: groovy/lang/ClosureCustomizer> (0x000000008554f398) 
thrown [s\src\hotspot\share\classfile\systemDictionary.cpp, line 256]
Event: 3.099 Thread 0x0000016763522880 Exception <a 'java/lang/ClassNotFoundException'{0x00000000855986b8}: groovy/lang/Closure$1Customizer> (0x00000000855986b8) 
thrown [s\src\hotspot\share\classfile\systemDictionary.cpp, line 256]
Event: 3.118 Thread 0x0000016763522880 Exception <a 'java/lang/ClassNotFoundException'{0x00000000854af948}: sync_studio_tooling1_457n6eh1zj7hg7x02pio1fq2eBeanInfo> (0x00000000854af948) 
thrown [s\src\hotspot\share\classfile\systemDictionary.cpp, line 256]
Event: 3.118 Thread 0x0000016763522880 Exception <a 'java/lang/ClassNotFoundException'{0x00000000854b5870}: sync_studio_tooling1_457n6eh1zj7hg7x02pio1fq2eCustomizer> (0x00000000854b5870) 
thrown [s\src\hotspot\share\classfile\systemDictionary.cpp, line 256]
Event: 3.126 Thread 0x0000016763522880 Exception <a 'java/lang/ClassNotFoundException'{0x0000000087b002d0}: org/gradle/internal/metaobject/ConfigureDelegateBeanInfo> (0x0000000087b002d0) 
thrown [s\src\hotspot\share\classfile\systemDictionary.cpp, line 256]
Event: 3.126 Thread 0x0000016763522880 Exception <a 'java/lang/ClassNotFoundException'{0x0000000087b10400}: org/gradle/internal/metaobject/ConfigureDelegateCustomizer> (0x0000000087b10400) 
thrown [s\src\hotspot\share\classfile\systemDictionary.cpp, line 256]
Event: 3.130 Thread 0x0000016763522880 Exception <a 'java/lang/ClassNotFoundException'{0x0000000087b5ae10}: org/gradle/api/internal/initialization/DefaultScriptHandlerBeanInfo> (0x0000000087b5ae10) 
thrown [s\src\hotspot\share\classfile\systemDictionary.cpp, line 256]
Event: 3.131 Thread 0x0000016763522880 Exception <a 'java/lang/ClassNotFoundException'{0x0000000087b6b238}: org/gradle/api/internal/initialization/DefaultScriptHandlerCustomizer> (0x0000000087b6b238) 
thrown [s\src\hotspot\share\classfile\systemDictionary.cpp, line 256]
Event: 3.194 Thread 0x0000016763522880 Exception <a 'java/lang/ClassNotFoundException'{0x00000000874fddd0}: org/gradle/api/internal/artifacts/dsl/dependencies/DefaultDependencyHandler_DecoratedBeanInfo> (0x00000000874fddd0) 
thrown [s\src\hotspot\share\classfile\systemDictionary.cpp, line 256]
Event: 3.194 Thread 0x0000016763522880 Exception <a 'java/lang/ClassNotFoundException'{0x00000000873148e0}: org/gradle/api/internal/artifacts/dsl/dependencies/DefaultDependencyHandlerBeanInfo> (0x00000000873148e0) 
thrown [s\src\hotspot\share\classfile\systemDictionary.cpp, line 256]
Event: 3.194 Thread 0x0000016763522880 Exception <a 'java/lang/ClassNotFoundException'{0x000000008732a6b8}: org/gradle/api/internal/artifacts/dsl/dependencies/DefaultDependencyHandlerCustomizer> (0x000000008732a6b8) 
thrown [s\src\hotspot\share\classfile\systemDictionary.cpp, line 256]
Event: 3.197 Thread 0x0000016763522880 Exception <a 'java/lang/ClassNotFoundException'{0x0000000087369420}: org/gradle/api/internal/artifacts/dsl/dependencies/DefaultDependencyHandler_DecoratedCustomizer> (0x0000000087369420) 
thrown [s\src\hotspot\share\classfile\systemDictionary.cpp, line 256]

VM Operations (20 events):
Event: 2.883 Executing VM operation: HandshakeAllThreads
Event: 2.883 Executing VM operation: HandshakeAllThreads done
Event: 2.886 Executing VM operation: HandshakeAllThreads
Event: 2.886 Executing VM operation: HandshakeAllThreads done
Event: 2.889 Executing VM operation: HandshakeAllThreads
Event: 2.890 Executing VM operation: HandshakeAllThreads done
Event: 2.939 Executing VM operation: HandshakeAllThreads
Event: 2.939 Executing VM operation: HandshakeAllThreads done
Event: 3.005 Executing VM operation: ICBufferFull
Event: 3.006 Executing VM operation: ICBufferFull done
Event: 3.121 Executing VM operation: G1CollectForAllocation
Event: 3.126 Executing VM operation: G1CollectForAllocation done
Event: 3.138 Executing VM operation: G1CollectForAllocation
Event: 3.140 Executing VM operation: G1CollectForAllocation done
Event: 3.160 Executing VM operation: HandshakeAllThreads
Event: 3.160 Executing VM operation: HandshakeAllThreads done
Event: 3.171 Executing VM operation: HandshakeAllThreads
Event: 3.171 Executing VM operation: HandshakeAllThreads done
Event: 3.171 Executing VM operation: HandshakeAllThreads
Event: 3.171 Executing VM operation: HandshakeAllThreads done

Events (20 events):
Event: 2.992 loading class java/util/WeakHashMap$HashIterator
Event: 2.992 loading class java/util/WeakHashMap$HashIterator done
Event: 2.992 loading class java/util/WeakHashMap$KeyIterator done
Event: 3.027 Thread 0x0000016765d4db40 Thread added: 0x0000016765d4db40
Event: 3.052 loading class jdk/internal/reflect/UnsafeObjectFieldAccessorImpl
Event: 3.052 loading class jdk/internal/reflect/UnsafeObjectFieldAccessorImpl done
Event: 3.077 loading class sun/reflect/MagicAccessorImpl
Event: 3.078 loading class sun/reflect/MagicAccessorImpl done
Event: 3.099 loading class com/sun/beans/finder/MethodFinder
Event: 3.100 loading class com/sun/beans/finder/AbstractFinder
Event: 3.100 loading class com/sun/beans/finder/AbstractFinder done
Event: 3.100 loading class com/sun/beans/finder/MethodFinder done
Event: 3.100 loading class com/sun/beans/finder/MethodFinder$1
Event: 3.100 loading class com/sun/beans/finder/MethodFinder$1 done
Event: 3.100 loading class com/sun/beans/finder/FinderUtils
Event: 3.100 loading class com/sun/beans/finder/FinderUtils done
Event: 3.227 loading class java/io/DeleteOnExitHook
Event: 3.227 loading class java/io/DeleteOnExitHook done
Event: 3.227 loading class java/io/DeleteOnExitHook$1
Event: 3.227 loading class java/io/DeleteOnExitHook$1 done


Dynamic libraries:
0x00007ff6b7e30000 - 0x00007ff6b7e3a000 	C:\Program Files\Android\Android Studio1\jbr\bin\java.exe
0x00007ffaa5b10000 - 0x00007ffaa5d24000 	C:\WINDOWS\SYSTEM32\ntdll.dll
0x00007ffaa47c0000 - 0x00007ffaa4882000 	C:\WINDOWS\System32\KERNEL32.DLL
0x00007ffaa3230000 - 0x00007ffaa35d3000 	C:\WINDOWS\System32\KERNELBASE.dll
0x00007ffa9ff50000 - 0x00007ffa9ffe7000 	C:\WINDOWS\SYSTEM32\apphelp.dll
0x00007ffaa30a0000 - 0x00007ffaa31b1000 	C:\WINDOWS\System32\ucrtbase.dll
0x00007ffa477b0000 - 0x00007ffa477c7000 	C:\Program Files\Android\Android Studio1\jbr\bin\jli.dll
0x00007ffa34660000 - 0x00007ffa3467b000 	C:\Program Files\Android\Android Studio1\jbr\bin\VCRUNTIME140.dll
0x00007ffaa4e90000 - 0x00007ffaa503b000 	C:\WINDOWS\System32\USER32.dll
0x00007ffaa38e0000 - 0x00007ffaa3906000 	C:\WINDOWS\System32\win32u.dll
0x00007ffaa4410000 - 0x00007ffaa4439000 	C:\WINDOWS\System32\GDI32.dll
0x00007ffa8ca50000 - 0x00007ffa8ccde000 	C:\WINDOWS\WinSxS\amd64_microsoft.windows.common-controls_6595b64144ccf1df_6.0.22621.1635_none_270f70857386168e\COMCTL32.dll
0x00007ffaa3680000 - 0x00007ffaa3798000 	C:\WINDOWS\System32\gdi32full.dll
0x00007ffaa4d20000 - 0x00007ffaa4dc7000 	C:\WINDOWS\System32\msvcrt.dll
0x00007ffaa35e0000 - 0x00007ffaa367a000 	C:\WINDOWS\System32\msvcp_win.dll
0x00007ffaa5040000 - 0x00007ffaa5071000 	C:\WINDOWS\System32\IMM32.DLL
0x00007ffa47ac0000 - 0x00007ffa47acc000 	C:\Program Files\Android\Android Studio1\jbr\bin\vcruntime140_1.dll
0x00007ff9e8320000 - 0x00007ff9e83ad000 	C:\Program Files\Android\Android Studio1\jbr\bin\msvcp140.dll
0x00007ff9d0800000 - 0x00007ff9d146d000 	C:\Program Files\Android\Android Studio1\jbr\bin\server\jvm.dll
0x00007ffaa3a40000 - 0x00007ffaa3aee000 	C:\WINDOWS\System32\ADVAPI32.dll
0x00007ffaa4de0000 - 0x00007ffaa4e84000 	C:\WINDOWS\System32\sechost.dll
0x00007ffaa3910000 - 0x00007ffaa3a27000 	C:\WINDOWS\System32\RPCRT4.dll
0x00007ffa9ac90000 - 0x00007ffa9ac9a000 	C:\WINDOWS\SYSTEM32\VERSION.dll
0x00007ffa9e1b0000 - 0x00007ffa9e1b9000 	C:\WINDOWS\SYSTEM32\WSOCK32.dll
0x00007ffa9a440000 - 0x00007ffa9a474000 	C:\WINDOWS\SYSTEM32\WINMM.dll
0x00007ffaa3cf0000 - 0x00007ffaa3d61000 	C:\WINDOWS\System32\WS2_32.dll
0x00007ffaa2070000 - 0x00007ffaa2088000 	C:\WINDOWS\SYSTEM32\kernel.appcore.dll
0x00007ffa77900000 - 0x00007ffa7790a000 	C:\Program Files\Android\Android Studio1\jbr\bin\jimage.dll
0x00007ffaa0460000 - 0x00007ffaa068e000 	C:\WINDOWS\SYSTEM32\DBGHELP.DLL
0x00007ffaa4990000 - 0x00007ffaa4d19000 	C:\WINDOWS\System32\combase.dll
0x00007ffaa44c0000 - 0x00007ffaa4597000 	C:\WINDOWS\System32\OLEAUT32.dll
0x00007ffa91f80000 - 0x00007ffa91fb2000 	C:\WINDOWS\SYSTEM32\dbgcore.DLL
0x00007ffaa3860000 - 0x00007ffaa38db000 	C:\WINDOWS\System32\bcryptPrimitives.dll
0x00007ffa704a0000 - 0x00007ffa704c5000 	C:\Program Files\Android\Android Studio1\jbr\bin\java.dll
0x00007ffa6a050000 - 0x00007ffa6a068000 	C:\Program Files\Android\Android Studio1\jbr\bin\zip.dll
0x00007ffaa52b0000 - 0x00007ffaa5aaa000 	C:\WINDOWS\System32\SHELL32.dll
0x00007ffaa0f30000 - 0x00007ffaa17fe000 	C:\WINDOWS\SYSTEM32\windows.storage.dll
0x00007ffaa0df0000 - 0x00007ffaa0f2e000 	C:\WINDOWS\SYSTEM32\wintypes.dll
0x00007ffaa4310000 - 0x00007ffaa4401000 	C:\WINDOWS\System32\SHCORE.dll
0x00007ffaa5250000 - 0x00007ffaa52ae000 	C:\WINDOWS\System32\shlwapi.dll
0x00007ffaa2e60000 - 0x00007ffaa2e81000 	C:\WINDOWS\SYSTEM32\profapi.dll
0x00007ffa5cd20000 - 0x00007ffa5cd39000 	C:\Program Files\Android\Android Studio1\jbr\bin\net.dll
0x00007ffa9d5f0000 - 0x00007ffa9d727000 	C:\WINDOWS\SYSTEM32\WINHTTP.dll
0x00007ffaa24e0000 - 0x00007ffaa2549000 	C:\WINDOWS\system32\mswsock.dll
0x00007ffa48210000 - 0x00007ffa48226000 	C:\Program Files\Android\Android Studio1\jbr\bin\nio.dll
0x00007ffa5cd10000 - 0x00007ffa5cd20000 	C:\Program Files\Android\Android Studio1\jbr\bin\verify.dll
0x00007ffa34680000 - 0x00007ffa346a7000 	C:\Users\ֺ\.gradle\native\e1d6ef7f7dcc3fd88c89a11ec53ec762bb8ba0a96d01ffa2cd45eb1d1d8dd5c5\windows-amd64\native-platform.dll
0x00007ff9e61f0000 - 0x00007ff9e6334000 	C:\Users\ֺ\.gradle\native\5664cfc778a61ccfe75a443a1ab52a65af34e5dc3c78e0209fed803814484fcb\windows-amd64\native-platform-file-events.dll
0x00007ffa70490000 - 0x00007ffa70499000 	C:\Program Files\Android\Android Studio1\jbr\bin\management.dll
0x00007ffa6a040000 - 0x00007ffa6a04b000 	C:\Program Files\Android\Android Studio1\jbr\bin\management_ext.dll
0x00007ffaa5240000 - 0x00007ffaa5248000 	C:\WINDOWS\System32\PSAPI.DLL
0x00007ffaa2740000 - 0x00007ffaa275b000 	C:\WINDOWS\SYSTEM32\CRYPTSP.dll
0x00007ffaa1fe0000 - 0x00007ffaa2015000 	C:\WINDOWS\system32\rsaenh.dll
0x00007ffaa25e0000 - 0x00007ffaa2608000 	C:\WINDOWS\SYSTEM32\USERENV.dll
0x00007ffaa28e0000 - 0x00007ffaa2908000 	C:\WINDOWS\SYSTEM32\bcrypt.dll
0x00007ffaa2760000 - 0x00007ffaa276c000 	C:\WINDOWS\SYSTEM32\CRYPTBASE.dll
0x00007ffaa1b20000 - 0x00007ffaa1b4d000 	C:\WINDOWS\SYSTEM32\IPHLPAPI.DLL
0x00007ffaa4dd0000 - 0x00007ffaa4dd9000 	C:\WINDOWS\System32\NSI.dll
0x00007ffa9b020000 - 0x00007ffa9b039000 	C:\WINDOWS\SYSTEM32\dhcpcsvc6.DLL
0x00007ffa9aca0000 - 0x00007ffa9acbf000 	C:\WINDOWS\SYSTEM32\dhcpcsvc.DLL
0x00007ffaa1b50000 - 0x00007ffaa1c43000 	C:\WINDOWS\SYSTEM32\DNSAPI.dll
0x00007ffa81900000 - 0x00007ffa81908000 	C:\WINDOWS\system32\wshunix.dll

dbghelp: loaded successfully - version: 4.0.5 - missing functions: none
symbol engine: initialized successfully - sym options: 0x614 - pdb path: .;C:\Program Files\Android\Android Studio1\jbr\bin;C:\WINDOWS\SYSTEM32;C:\WINDOWS\WinSxS\amd64_microsoft.windows.common-controls_6595b64144ccf1df_6.0.22621.1635_none_270f70857386168e;C:\Program Files\Android\Android Studio1\jbr\bin\server;C:\Users\ֺ\.gradle\native\e1d6ef7f7dcc3fd88c89a11ec53ec762bb8ba0a96d01ffa2cd45eb1d1d8dd5c5\windows-am;C:\Users\ֺ\.gradle\native\e1d6ef7f7dcc3fd88c89a11ec53ec762bb8ba0a96d01ffa2cd45eb1d1d8dd5c5\windows-amd64;C:\Users\ֺ\.gradle\native\5664cfc778a61ccfe75a443a1ab52a65af34e5dc3c78e0209fed803814484fcb\wind;C:\Users\ֺ\.gradle\native\5664cfc778a61ccfe75a443a1ab52a65af34e5dc3c78e0209fed803814484fcb\w;C:\Users\ֺ\.gradle\native\5664cfc778a61ccfe75a443a1ab52a65af34e5dc3c78e0209fed803814484fc;C:\Users\ֺ\.gradle\native\5664cfc778a61ccfe75a443a1ab52a65af34e5dc3c78e0209fed80381448

VM Arguments:
jvm_args: --add-opens=java.base/java.util=ALL-UNNAMED --add-opens=java.base/java.lang=ALL-UNNAMED --add-opens=java.base/java.lang.invoke=ALL-UNNAMED --add-opens=java.base/java.util=ALL-UNNAMED --add-opens=java.prefs/java.util.prefs=ALL-UNNAMED --add-opens=java.prefs/java.util.prefs=ALL-UNNAMED --add-opens=java.base/java.nio.charset=ALL-UNNAMED --add-opens=java.base/java.net=ALL-UNNAMED --add-opens=java.base/java.util.concurrent.atomic=ALL-UNNAMED -Xmx2048m -Dfile.encoding=UTF-8 -Duser.country=KR -Duser.language=ko -Duser.variant 
java_command: org.gradle.launcher.daemon.bootstrap.GradleDaemon 7.2
java_class_path (initial): C:\Users\ֺ\.gradle\wrapper\dists\gradle-7.2-bin\2dnblmf4td7x66yl1d74lt32g\gradle-7.2\lib\gradle-launcher-7.2.jar
Launcher Type: SUN_STANDARD

[Global flags]
     intx CICompilerCount                          = 4                                         {product} {ergonomic}
     uint ConcGCThreads                            = 2                                         {product} {ergonomic}
     uint G1ConcRefinementThreads                  = 8                                         {product} {ergonomic}
   size_t G1HeapRegionSize                         = 1048576                                   {product} {ergonomic}
    uintx GCDrainStackTargetSize                   = 64                                        {product} {ergonomic}
   size_t InitialHeapSize                          = 130023424                                 {product} {ergonomic}
   size_t MarkStackSize                            = 4194304                                   {product} {ergonomic}
   size_t MaxHeapSize                              = 2147483648                                {product} {command line}
   size_t MaxNewSize                               = 1287651328                                {product} {ergonomic}
   size_t MinHeapDeltaBytes                        = 1048576                                   {product} {ergonomic}
   size_t MinHeapSize                              = 8388608                                   {product} {ergonomic}
    uintx NonNMethodCodeHeapSize                   = 5839372                                {pd product} {ergonomic}
    uintx NonProfiledCodeHeapSize                  = 122909434                              {pd product} {ergonomic}
    uintx ProfiledCodeHeapSize                     = 122909434                              {pd product} {ergonomic}
    uintx ReservedCodeCacheSize                    = 251658240                              {pd product} {ergonomic}
     bool SegmentedCodeCache                       = true                                      {product} {ergonomic}
   size_t SoftMaxHeapSize                          = 2147483648                             {manageable} {ergonomic}
     bool UseCompressedClassPointers               = true                           {product lp64_product} {ergonomic}
     bool UseCompressedOops                        = true                           {product lp64_product} {ergonomic}
     bool UseG1GC                                  = true                                      {product} {ergonomic}
     bool UseLargePagesIndividualAllocation        = false                                  {pd product} {ergonomic}

Logging:
Log output configuration:
 #0: stdout all=warning uptime,level,tags
 #1: stderr all=off uptime,level,tags

Environment Variables:
JAVA_HOME=C:\Program Files\Java\jdk-11.0.16.1\
PATH=C:\Program Files\Eclipse Foundation\jdk-11.0.12.7-hotspot\bin;C:\Program Files\Common Files\Oracle\Java\javapath;C:\WINDOWS\system32;C:\WINDOWS;C:\WINDOWS\System32\Wbem;C:\WINDOWS\System32\WindowsPowerShell\v1.0\;C:\WINDOWS\System32\OpenSSH\;C:\Program Files\Java\jdk-11.0.16.1\\bin\;C:\Program Files\Git\cmd;C:\Program Files (x86)\Trotec\Common Files\SQLite.Interop;C:\Program Files\Trotec\Common Files\SQLite.Interop;C:\Program Files\nodejs\;C:\Program Files\Bandizip\;C:\Program Files\MySQL\MySQL Server 8.0\bin;% JAVA_HOME%\bin;C:\Program Files\Microsoft SQL Server\130\Tools\Binn\;C:\Program Files\MySQL\MySQL Shell 8.0\bin\;C:\Anaconda3;C:\Anaconda3\Library\mingw-w64\bin;C:\Anaconda3\Library\usr\bin;C:\Anaconda3\Library\bin;C:\Anaconda3\Scripts;C:\Users\ֺ\AppData\Local\Programs\Python\Python39\Scripts\;C:\Users\ֺ\AppData\Local\Programs\Python\Python39\;C:\Users\ֺ\AppData\Local\Microsoft\WindowsApps;C:\Users\ֺ\Desktop\PyCharm Community Edition 2021.1\bin;;C:\Program Files (x86)\Trotec\Common Files\SQLite.Interop;C:\Program Files\Trotec\Common Files\SQLite.Interop;C:\Users\ֺ\AppData\Roaming\npm;C:\Users\ֺ\AppData\Local\Programs\Microsoft VS Code\bin;C:\Program Files\JetBrains\IntelliJ IDEA Community Edition 2022.2\bin;;C:\Program Files\JetBrains\IntelliJ IDEA 2022.2\bin;;C:\Program Files\MariaDB 10.6\bin;
USERNAME=ֺ
OS=Windows_NT
PROCESSOR_IDENTIFIER=Intel64 Family 6 Model 140 Stepping 1, GenuineIntel
TMP=C:\Users\ֺ\AppData\Local\Temp
TEMP=C:\Users\ֺ\AppData\Local\Temp



---------------  S Y S T E M  ---------------

OS:
 Windows 11 , 64 bit Build 22621 (10.0.22621.1635)
OS uptime: 10 days 7:19 hours

CPU: total 8 (initial active 8) (4 cores per cpu, 2 threads per core) family 6 model 140 stepping 1 microcode 0x8a, cx8, cmov, fxsr, ht, mmx, 3dnowpref, sse, sse2, sse3, ssse3, sse4.1, sse4.2, popcnt, lzcnt, tsc, tscinvbit, avx, avx2, aes, erms, clmul, bmi1, bmi2, adx, avx512f, avx512dq, avx512cd, avx512bw, avx512vl, sha, fma, vzeroupper, avx512_vpopcntdq, avx512_vpclmulqdq, avx512_vaes, avx512_vnni, clflush, clflushopt, clwb, avx512_vbmi2, avx512_vbmi

Memory: 4k page, system-wide physical 7900M (456M free)
TotalPageFile size 28732M (AvailPageFile size 6M)
current process WorkingSet (physical memory assigned to process): 288M, peak: 290M
current process commit charge ("private bytes"): 323M, peak: 324M

vm_info: OpenJDK 64-Bit Server VM (17.0.6+0-b2043.56-9586694) for windows-amd64 JRE (17.0.6+0-b2043.56-9586694), built on Feb  9 2023 20:06:20 by "androidbuild" with MS VC++ 16.10 / 16.11 (VS2019)

END.
